21.10.2016 09.31.01 ---> [S] ************************************************** PROGRAMMA AVVIATO ****************************************************
21.10.2016 09.31.01 ---> [I] Indirizzo centro di lavoro: [ 192.168.102.157/192.168.56.1 ]
21.10.2016 09.31.01 ---> [I] Nome centro di lavoro: [ IL0002 ]
21.10.2016 09.31.01 ---> [I] Descrizione centro di lavoro: [ ISOLA DI PROVA DATABASE DIPARTIMENTALE 2 ]
21.10.2016 09.31.01 ---> [I] Ambiente: [ Dipartimentale ]
21.10.2016 09.31.01 ---> [I] Modalità centro di lavoro: [ Uomo ]
21.10.2016 09.31.01 ---> [I] Abilitazione modalità multi ordine: [ 1 ]
21.10.2016 09.31.01 ---> [I] ----------------------------------------------------------------------------------------------------
21.10.2016 09.31.01 ---> [I] In esecuzione: [ Presence.doAggregationMultiOperator() ]
21.10.2016 09.31.01 ---> [I] Cancellazione record su tabella : [ F55FQ10002 ] per risorsa: [ 10345 ]
21.10.2016 09.31.01 ---> [I] ----------------------------------------------------------------------------------------------------
21.10.2016 09.31.01 ---> [I] ----------------------------------------------------------------------------------------------------
21.10.2016 09.31.01 ---> [I] In esecuzione: [ Presence.doAggregationMultiOperator() ]
21.10.2016 09.31.01 ---> [I] Inserimento record su tabella : [ F55FQ10002 ] per risorsa: [ 10345 ]
21.10.2016 09.31.01 ---> [I] Dati: [ 20MG1 ]
21.10.2016 09.31.01 ---> [I]       [ 10345 ]
21.10.2016 09.31.01 ---> [I]       [ 2 - Ingresso ]
21.10.2016 09.31.01 ---> [I]       [ 21/10/2016 07.31.12 ]
21.10.2016 09.31.01 ---> [I]       [ 10345 ]
21.10.2016 09.31.01 ---> [I]       [ ENET ]
21.10.2016 09.31.01 ---> [I]       [ EWEBJ ]
21.10.2016 09.31.01 ---> [I]       [ E20MAN ]
21.10.2016 09.31.01 ---> [I]       [ 21/10/2016 ]
21.10.2016 09.31.01 ---> [I]       [ 093112 ]
21.10.2016 09.31.01 ---> [I]       [ MODOTTI ANDREA ]
21.10.2016 09.31.01 ---> [I]       [ MODOTTI ANDREA ]
21.10.2016 09.31.01 ---> [I]       [ 004 ]
21.10.2016 09.31.01 ---> [I]       [ IL0002 ]
21.10.2016 09.31.01 ---> [I] ----------------------------------------------------------------------------------------------------
21.10.2016 09.31.01 ---> [I] ----------------------------------------------------------------------------------------------------
21.10.2016 09.31.01 ---> [I] In esecuzione: [ Transaction.doEnterAggregationMultiOperator() ]
21.10.2016 09.31.01 ---> [I] Inserimento record su tabella : [ F55FQ10001 ] da Select su: [ F55FQ10002 ] per risorsa: [ 10345 ]
21.10.2016 09.31.01 ---> [I] Dati: [ ING - Ingresso ]
21.10.2016 09.31.01 ---> [I]       [ 21/10/2016 07.31.12 ]
21.10.2016 09.31.01 ---> [I]       [ 21/10/2016 ]
21.10.2016 09.31.01 ---> [I]       [ 093112 ]
21.10.2016 09.31.01 ---> [I]       [ IL0002 ]
21.10.2016 09.31.01 ---> [I]       [ 10345 ]
21.10.2016 09.31.01 ---> [I] ----------------------------------------------------------------------------------------------------
21.10.2016 09.31.01 ---> [A] Esecuzione Classe: EventsbtnOkBranchDialog.actionPerformed()
21.10.2016 09.31.01 ---> [A] Aggregazione al centro di lavoro con operatore: [ 10345 - MODOTTI ANDREA ]
21.10.2016 09.31.01 ---> [A] Aggregazione su stabilimento: [ 20MG1 ]
21.10.2016 09.31.01 ---> [A] Esecuzione Classe: EventsbtnConfermaTransazione.actionPerformed()
21.10.2016 09.31.01 ---> [A] E' stato premuto il tasto Esegui Transazione
21.10.2016 09.31.01 ---> [I] ----------------------------------------------------------------------------------------------------
21.10.2016 09.31.01 ---> [I] In esecuzione: [ Presence.doStartWorkMachinePresenceMultiOperator() ]
21.10.2016 09.31.01 ---> [I] Cancellazione record su tabella : [ F55FQ10002 ] per risorsa: [ 10345 ]
21.10.2016 09.31.01 ---> [I] ----------------------------------------------------------------------------------------------------
21.10.2016 09.31.01 ---> [I] ----------------------------------------------------------------------------------------------------
21.10.2016 09.31.01 ---> [I] In esecuzione: [ Presence.doStartWorkMachinePresenceMultiOperator() ]
21.10.2016 09.31.01 ---> [I] Inserimento record su tabella : [ F55FQ10002 ] per risorsa: [ 10345 ]
21.10.2016 09.31.01 ---> [I] Dati: [ 20MG1 ]
21.10.2016 09.31.01 ---> [I]       [ 10345 ]
21.10.2016 09.31.01 ---> [I]       [ 2 - Ingresso ]
21.10.2016 09.31.01 ---> [I]       [ 21/10/2016 07.31.32 ]
21.10.2016 09.31.01 ---> [I]       [ 10345 ]
21.10.2016 09.31.01 ---> [I]       [ ENET ]
21.10.2016 09.31.01 ---> [I]       [ EWEBJ ]
21.10.2016 09.31.01 ---> [I]       [ E20MAN ]
21.10.2016 09.31.01 ---> [I]       [ 21/10/2016 ]
21.10.2016 09.31.01 ---> [I]       [ 093132 ]
21.10.2016 09.31.01 ---> [I]       [ MODOTTI ANDREA ]
21.10.2016 09.31.01 ---> [I]       [ MODOTTI ANDREA ]
21.10.2016 09.31.01 ---> [I]       [ 004 ]
21.10.2016 09.31.01 ---> [I]       [ IL0002 ]
21.10.2016 09.31.01 ---> [I] ----------------------------------------------------------------------------------------------------
21.10.2016 09.31.01 ---> [I] ----------------------------------------------------------------------------------------------------
21.10.2016 09.31.01 ---> [I] In esecuzione: [ Presence.doStartWorkMachinePresenceMultiOperator() ]
21.10.2016 09.31.01 ---> [I] Inserimento record su tabella : [ F55FQ10002 ] per risorsa: [ 10345 ]
21.10.2016 09.31.01 ---> [I] Dati: [ 20MG1 ]
21.10.2016 09.31.01 ---> [I]       [ 10345 ]
21.10.2016 09.31.01 ---> [I]       [ 4 - Lavorazione ]
21.10.2016 09.31.01 ---> [I]       [ 20CRTR ]
21.10.2016 09.31.01 ---> [I]       [ 505564 ]
21.10.2016 09.31.01 ---> [I]       [ 10000 ]
21.10.2016 09.31.01 ---> [I]       [ 21/10/2016 07.31.32 ]
21.10.2016 09.31.01 ---> [I]       [ 10345 ]
21.10.2016 09.31.01 ---> [I]       [ ENET ]
21.10.2016 09.31.01 ---> [I]       [ EWEBJ ]
21.10.2016 09.31.01 ---> [I]       [ E20MAN ]
21.10.2016 09.31.01 ---> [I]       [ 21/10/2016 07.31.32 ]
21.10.2016 09.31.01 ---> [I]       [ 093132 ]
21.10.2016 09.31.01 ---> [I]       [ MODOTTI ANDREA ]
21.10.2016 09.31.01 ---> [I]       [ MODOTTI ANDREA ]
21.10.2016 09.31.01 ---> [I]       [ 004 ]
21.10.2016 09.31.01 ---> [I]       [ 20140488 ]
21.10.2016 09.31.01 ---> [I]       [ E20140488 ]
21.10.2016 09.31.01 ---> [I]       [ E20140488 ]
21.10.2016 09.31.01 ---> [I]       [ CAROTATURA ]
21.10.2016 09.31.01 ---> [I]       [ IL0002 ]
21.10.2016 09.31.01 ---> [I] ----------------------------------------------------------------------------------------------------
21.10.2016 09.31.01 ---> [I] ----------------------------------------------------------------------------------------------------
21.10.2016 09.31.01 ---> [I] In esecuzione: [ Transaction.doStartWorkMachineTransactionMultiOperator() ]
21.10.2016 09.31.01 ---> [I] Inserimento record su tabella : [ F55FQ10001 ] per risorsa: [ 10345 ]
21.10.2016 09.31.01 ---> [I] Dati: [ 20MG1 ]
21.10.2016 09.31.01 ---> [I]       [ 10345 ]
21.10.2016 09.31.01 ---> [I]       [ 20CRTR ]
21.10.2016 09.31.01 ---> [I]       [ LAV - Lavorazione ]
21.10.2016 09.31.01 ---> [I]       [ A - Inizio ]
21.10.2016 09.31.01 ---> [I]       [ 505564 ]
21.10.2016 09.31.01 ---> [I]       [ 10000 ]
21.10.2016 09.31.01 ---> [I]       [ 21/10/2016 07.31.32 ]
21.10.2016 09.31.01 ---> [I]       [ 10345 ]
21.10.2016 09.31.01 ---> [I]       [ ENET ]
21.10.2016 09.31.01 ---> [I]       [ EWEBJ ]
21.10.2016 09.31.01 ---> [I]       [ E20MAN ]
21.10.2016 09.31.01 ---> [I]       [ 21/10/2016 07.31.32 ]
21.10.2016 09.31.01 ---> [I]       [ 093132 ]
21.10.2016 09.31.01 ---> [I]       [ MODOTTI ANDREA ]
21.10.2016 09.31.01 ---> [I]       [ MODOTTI ANDREA ]
21.10.2016 09.31.01 ---> [I]       [ 004 ]
21.10.2016 09.31.01 ---> [I]       [ 20140488 ]
21.10.2016 09.31.01 ---> [I]       [ E20140488 ]
21.10.2016 09.31.01 ---> [I]       [ ORE E20TM02-46923 ]
21.10.2016 09.31.01 ---> [I]       [ CAROTATURA ]
21.10.2016 09.31.01 ---> [I]       [ IL0002 ]
21.10.2016 09.31.01 ---> [I] ----------------------------------------------------------------------------------------------------
21.10.2016 09.31.01 ---> [A] Esecuzione Classe: EventsCambioLavorazioneResourceDialog.actionPerformed()
21.10.2016 09.31.01 ---> [A] E'stato premuto il tasto cambio lavorazione da LAV - Lavorazione a ATT - Attrezzaggio
21.10.2016 09.31.01 ---> [I] ----------------------------------------------------------------------------------------------------
21.10.2016 09.31.01 ---> [I] In esecuzione: [ Transaction.doStopWorkMachineTransactionMultiOperator() ]
21.10.2016 09.31.01 ---> [I] Inserimento record su tabella : [ F55FQ10001 ] per risorsa: [ 10345 ]
21.10.2016 09.31.01 ---> [I] Dati: [ 20MG1 ]
21.10.2016 09.31.01 ---> [I]       [ 10345 ]
21.10.2016 09.31.01 ---> [I]       [ 20CRTR ]
21.10.2016 09.31.01 ---> [I]       [ LAV - Lavorazione ]
21.10.2016 09.31.01 ---> [I]       [ S - Fine ]
21.10.2016 09.31.01 ---> [I]       [ 505564 ]
21.10.2016 09.31.01 ---> [I]       [ 10000 ]
21.10.2016 09.31.01 ---> [I]       [ 21/10/2016 07.31.39 ]
21.10.2016 09.31.01 ---> [I]       [ 10345 ]
21.10.2016 09.31.01 ---> [I]       [ ENET ]
21.10.2016 09.31.01 ---> [I]       [ EWEBJ ]
21.10.2016 09.31.01 ---> [I]       [ E20MAN ]
21.10.2016 09.31.01 ---> [I]       [ 21/10/2016 07.31.39 ]
21.10.2016 09.31.01 ---> [I]       [ 093139 ]
21.10.2016 09.31.01 ---> [I]       [ MODOTTI ANDREA ]
21.10.2016 09.31.01 ---> [I]       [ MODOTTI ANDREA ]
21.10.2016 09.31.01 ---> [I]       [ 004 ]
21.10.2016 09.31.01 ---> [I]       [ 20140488 ]
21.10.2016 09.31.01 ---> [I]       [ E20140488 ]
21.10.2016 09.31.01 ---> [I]       [ ORE E20TM02-46923 ]
21.10.2016 09.31.01 ---> [I]       [ CAROTATURA ]
21.10.2016 09.31.01 ---> [I]       [ IL0002 ]
21.10.2016 09.31.01 ---> [I] ----------------------------------------------------------------------------------------------------
21.10.2016 09.31.01 ---> [I] ----------------------------------------------------------------------------------------------------
21.10.2016 09.31.01 ---> [I] In esecuzione: [ Presence.doStartSetUpMachinePresenceMultiOperator() ]
21.10.2016 09.31.01 ---> [I] Cancellazione record su tabella : [ F55FQ10002 ] per risorsa: [ 10345 ]
21.10.2016 09.31.01 ---> [I] ----------------------------------------------------------------------------------------------------
21.10.2016 09.31.01 ---> [I] ----------------------------------------------------------------------------------------------------
21.10.2016 09.31.01 ---> [I] In esecuzione: [ Presence.doStartSetUpMachinePresenceMultiOperator() ]
21.10.2016 09.31.01 ---> [I] Inserimento record su tabella : [ F55FQ10002 ] per risorsa: [ 10345 ]
21.10.2016 09.31.01 ---> [I] Dati: [ 20MG1 ]
21.10.2016 09.31.01 ---> [I]       [ 10345 ]
21.10.2016 09.31.01 ---> [I]       [ 2 - Ingresso ]
21.10.2016 09.31.01 ---> [I]       [ 21/10/2016 07.31.39 ]
21.10.2016 09.31.01 ---> [I]       [ 10345 ]
21.10.2016 09.31.01 ---> [I]       [ ENET ]
21.10.2016 09.31.01 ---> [I]       [ EWEBJ ]
21.10.2016 09.31.01 ---> [I]       [ E20MAN ]
21.10.2016 09.31.01 ---> [I]       [ 21/10/2016 07.31.39 ]
21.10.2016 09.31.01 ---> [I]       [ 093139 ]
21.10.2016 09.31.01 ---> [I]       [ MODOTTI ANDREA ]
21.10.2016 09.31.01 ---> [I]       [ MODOTTI ANDREA ]
21.10.2016 09.31.01 ---> [I]       [ 004 ]
21.10.2016 09.31.01 ---> [I]       [ IL0002 ]
21.10.2016 09.31.01 ---> [I] ----------------------------------------------------------------------------------------------------
21.10.2016 09.31.01 ---> [I] ----------------------------------------------------------------------------------------------------
21.10.2016 09.31.01 ---> [I] In esecuzione: [ Presence.doStartSetUpMachinePresenceMultiOperator() ]
21.10.2016 09.31.01 ---> [I] Inserimento record su tabella : [ F55FQ10002 ] per risorsa: [ 10345 ]
21.10.2016 09.31.01 ---> [I] Dati: [ 20MG1 ]
21.10.2016 09.31.01 ---> [I]       [ 10345 ]
21.10.2016 09.31.01 ---> [I]       [ 3 - Attrezzaggio ]
21.10.2016 09.31.01 ---> [I]       [ 20CRTR ]
21.10.2016 09.31.01 ---> [I]       [ 505564 ]
21.10.2016 09.31.01 ---> [I]       [ 10000 ]
21.10.2016 09.31.01 ---> [I]       [ 21/10/2016 07.31.39 ]
21.10.2016 09.31.01 ---> [I]       [ 10345 ]
21.10.2016 09.31.01 ---> [I]       [ ENET ]
21.10.2016 09.31.01 ---> [I]       [ EWEBJ ]
21.10.2016 09.31.01 ---> [I]       [ E20MAN ]
21.10.2016 09.31.01 ---> [I]       [ 21/10/2016 07.31.39 ]
21.10.2016 09.31.01 ---> [I]       [ 093139 ]
21.10.2016 09.31.01 ---> [I]       [ MODOTTI ANDREA ]
21.10.2016 09.31.01 ---> [I]       [ MODOTTI ANDREA ]
21.10.2016 09.31.01 ---> [I]       [ 004 ]
21.10.2016 09.31.01 ---> [I]       [ 20140488 ]
21.10.2016 09.31.01 ---> [I]       [ E20140488 ]
21.10.2016 09.31.01 ---> [I]       [ E20140488 ]
21.10.2016 09.31.01 ---> [I]       [ CAROTATURA ]
21.10.2016 09.31.01 ---> [I]       [ IL0002 ]
21.10.2016 09.31.01 ---> [I] ----------------------------------------------------------------------------------------------------
21.10.2016 09.31.01 ---> [I] ----------------------------------------------------------------------------------------------------
21.10.2016 09.31.01 ---> [I] In esecuzione: [ Transaction.doStartSetUpMachineTransactionMultiOperator() ]
21.10.2016 09.31.01 ---> [I] Inserimento record su tabella : [ F55FQ10001 ] per risorsa: [ 10345 ]
21.10.2016 09.31.01 ---> [I] Dati: [ 20MG1 ]
21.10.2016 09.31.01 ---> [I]       [ 10345 ]
21.10.2016 09.31.01 ---> [I]       [ 20CRTR ]
21.10.2016 09.31.01 ---> [I]       [ ATT - Attrezzaggio ]
21.10.2016 09.31.01 ---> [I]       [ A - Inizio ]
21.10.2016 09.31.01 ---> [I]       [ 505564 ]
21.10.2016 09.31.01 ---> [I]       [ 10000 ]
21.10.2016 09.31.01 ---> [I]       [ 21/10/2016 07.31.39 ]
21.10.2016 09.31.01 ---> [I]       [ 10345 ]
21.10.2016 09.31.01 ---> [I]       [ ENET ]
21.10.2016 09.31.01 ---> [I]       [ EWEBJ ]
21.10.2016 09.31.01 ---> [I]       [ E20MAN ]
21.10.2016 09.31.01 ---> [I]       [ 21/10/2016 07.31.39 ]
21.10.2016 09.31.01 ---> [I]       [ 093139 ]
21.10.2016 09.31.01 ---> [I]       [ MODOTTI ANDREA ]
21.10.2016 09.31.01 ---> [I]       [ MODOTTI ANDREA ]
21.10.2016 09.31.01 ---> [I]       [ 004 ]
21.10.2016 09.31.01 ---> [I]       [ 20140488 ]
21.10.2016 09.31.01 ---> [I]       [ E20140488 ]
21.10.2016 09.31.01 ---> [I]       [ ORE E20TM02-46923 ]
21.10.2016 09.31.01 ---> [I]       [ CAROTATURA ]
21.10.2016 09.31.01 ---> [I]       [ IL0002 ]
21.10.2016 09.31.01 ---> [I] ----------------------------------------------------------------------------------------------------
21.10.2016 09.31.01 ---> [F] ************************************************** PROGRAMMA TERMINATO **************************************************
