24.10.2016 14.42.08 ---> [S] ************************************************** PROGRAMMA AVVIATO ****************************************************
24.10.2016 14.42.08 ---> [I] Indirizzo centro di lavoro: [ 192.168.102.157/192.168.56.1 ]
24.10.2016 14.42.08 ---> [I] Nome centro di lavoro: [ IL0001 ]
24.10.2016 14.42.08 ---> [I] Descrizione centro di lavoro: [ ISAOLA PIPPO ]
24.10.2016 14.42.08 ---> [I] Ambiente: [ Test ]
24.10.2016 14.42.08 ---> [I] Modalità centro di lavoro: [ Macchina ]
24.10.2016 14.42.08 ---> [I] Abilitazione modalità multi ordine: [ 0 ]
24.10.2016 14.42.08 ---> [I] ----------------------------------------------------------------------------------------------------
24.10.2016 14.42.08 ---> [I] In esecuzione: [ Presence.doAggregationMonoOperator() ]
24.10.2016 14.42.08 ---> [I] Cancellazione record su tabella : [ F55FQ10002 ] per il centro: [ IL0001 ]
24.10.2016 14.42.08 ---> [I] ----------------------------------------------------------------------------------------------------
24.10.2016 14.42.08 ---> [I] ----------------------------------------------------------------------------------------------------
24.10.2016 14.42.08 ---> [I] In esecuzione: [ Presence.doAggregationMonoOperator() ]
24.10.2016 14.42.08 ---> [I] Inserimento record su tabella : [ F55FQ10002 ] per risorsa: [ 10345 ]
24.10.2016 14.42.08 ---> [I] Dati: [ 20MG1 ]
24.10.2016 14.42.08 ---> [I]       [ 24/10/2016 12.43.07 ]
24.10.2016 14.42.08 ---> [I]       [ 10345 ]
24.10.2016 14.42.08 ---> [I]       [ 2 - Ingresso ]
24.10.2016 14.42.08 ---> [I]       [ ENET ]
24.10.2016 14.42.08 ---> [I]       [ EWEBJ ]
24.10.2016 14.42.08 ---> [I]       [ E20MACHINE ]
24.10.2016 14.42.08 ---> [I]       [ 24/10/2016 ]
24.10.2016 14.42.08 ---> [I]       [ 144307 ]
24.10.2016 14.42.08 ---> [I]       [ MODOTTI ANDREA ]
24.10.2016 14.42.08 ---> [I]       [ IL0001 ]
24.10.2016 14.42.08 ---> [I] ----------------------------------------------------------------------------------------------------
24.10.2016 14.42.08 ---> [I] ----------------------------------------------------------------------------------------------------
24.10.2016 14.42.08 ---> [I] In esecuzione: [ Transaction.doEnterAggregationMonoOperator() ]
24.10.2016 14.42.08 ---> [I] Inserimento record su tabella : [ F55FQ10001 ] da Select su: [ F55FQ10002 ] per centro: [ IL0001 ]
24.10.2016 14.42.08 ---> [I] Dati: [ ING - Ingresso ]
24.10.2016 14.42.08 ---> [I]       [ 24/10/2016 12.43.07 ]
24.10.2016 14.42.08 ---> [I]       [ 24/10/2016 ]
24.10.2016 14.42.08 ---> [I]       [ 144307 ]
24.10.2016 14.42.08 ---> [I]       [ IL0001 ]
24.10.2016 14.42.08 ---> [I] ----------------------------------------------------------------------------------------------------
24.10.2016 14.42.08 ---> [A] Esecuzione Classe: EventsbtnOkBranchDialog.actionPerformed()
24.10.2016 14.42.08 ---> [A] Aggregazione al centro di lavoro con operatore: [ 10345 - MODOTTI ANDREA ]
24.10.2016 14.42.08 ---> [A] Aggregazione su stabilimento: [ 20MG1 ]
24.10.2016 14.42.08 ---> [A] Esecuzione Classe: EventsbtnConfermaTransazione.actionPerformed()
24.10.2016 14.42.08 ---> [A] E' stato premuto il tasto Esegui Transazione
24.10.2016 14.42.08 ---> [I] ----------------------------------------------------------------------------------------------------
24.10.2016 14.42.08 ---> [I] In esecuzione: [ Presence.doStartWorkMachinePresenceMonoOperator() ]
24.10.2016 14.42.08 ---> [I] Cancellazione record su tabella : [ F55FQ10002 ] per risorsa: [ 1000001 ]
24.10.2016 14.42.08 ---> [I] ----------------------------------------------------------------------------------------------------
24.10.2016 14.42.08 ---> [I] ----------------------------------------------------------------------------------------------------
24.10.2016 14.42.08 ---> [I] In esecuzione: [ Presence.doStartWorkMachinePresenceMonoOperator() ]
24.10.2016 14.42.08 ---> [I] Inserimento record su tabella : [ F55FQ10002 ] per risorsa: [ 1000001 ]
24.10.2016 14.42.08 ---> [I] Dati: [ 20MG1 ]
24.10.2016 14.42.08 ---> [I]       [ 1000001 ]
24.10.2016 14.42.08 ---> [I]       [ 2 - Ingresso ]
24.10.2016 14.42.08 ---> [I]       [ 24/10/2016 12.44.02 ]
24.10.2016 14.42.08 ---> [I]       [ 10345 ]
24.10.2016 14.42.08 ---> [I]       [ ENET ]
24.10.2016 14.42.08 ---> [I]       [ EWEBJ ]
24.10.2016 14.42.08 ---> [I]       [ E20MACHINE ]
24.10.2016 14.42.08 ---> [I]       [ 24/10/2016 12.44.02 ]
24.10.2016 14.42.08 ---> [I]       [ 144402 ]
24.10.2016 14.42.08 ---> [I]       [ [20OK06] TORNIO OKUMA LB35II ]
24.10.2016 14.42.08 ---> [I]       [ MODOTTI ANDREA ]
24.10.2016 14.42.08 ---> [I]       [ 001 ]
24.10.2016 14.42.08 ---> [I]       [ IL0001 ]
24.10.2016 14.42.08 ---> [I] ----------------------------------------------------------------------------------------------------
24.10.2016 14.42.08 ---> [I] ----------------------------------------------------------------------------------------------------
24.10.2016 14.42.08 ---> [I] In esecuzione: [ Presence.doStartWorkMachinePresenceMonoOperator() ]
24.10.2016 14.42.08 ---> [I] Inserimento record su tabella : [ F55FQ10002 ] per risorsa: [ 1000001 ]
24.10.2016 14.42.08 ---> [I] Dati: [ 20MG1 ]
24.10.2016 14.42.08 ---> [I]       [ 1000001 ]
24.10.2016 14.42.08 ---> [I]       [ 4 - Lavorazione ]
24.10.2016 14.42.08 ---> [I]       [ 20TNFF ]
24.10.2016 14.42.08 ---> [I]       [ 8802 ]
24.10.2016 14.42.08 ---> [I]       [ 13000 ]
24.10.2016 14.42.08 ---> [I]       [ 24/10/2016 12.44.02 ]
24.10.2016 14.42.08 ---> [I]       [ 10345 ]
24.10.2016 14.42.08 ---> [I]       [ ENET ]
24.10.2016 14.42.08 ---> [I]       [ EWEBJ ]
24.10.2016 14.42.08 ---> [I]       [ E20MACHINE ]
24.10.2016 14.42.08 ---> [I]       [ 24/10/2016 12.44.02 ]
24.10.2016 14.42.08 ---> [I]       [ 144402 ]
24.10.2016 14.42.08 ---> [I]       [ [20OK06] TORNIO OKUMA LB35II ]
24.10.2016 14.42.08 ---> [I]       [ MODOTTI ANDREA ]
24.10.2016 14.42.08 ---> [I]       [ 001 ]
24.10.2016 14.42.08 ---> [I]       [ 20150110 ]
24.10.2016 14.42.08 ---> [I]       [ E20150110 ]
24.10.2016 14.42.08 ---> [I]       [ E20150110 ]
24.10.2016 14.42.08 ---> [I]       [ TORNITURA FINITURA ]
24.10.2016 14.42.08 ---> [I]       [ IL0001 ]
24.10.2016 14.42.08 ---> [I] ----------------------------------------------------------------------------------------------------
24.10.2016 14.42.08 ---> [I] ----------------------------------------------------------------------------------------------------
24.10.2016 14.42.08 ---> [I] In esecuzione: [ Transaction.doStartWorkMachineTransactionMonoOperator() ]
24.10.2016 14.42.08 ---> [I] Inserimento record su tabella : [ F55FQ10001 ] per risorsa: [ 1000001 ]
24.10.2016 14.42.08 ---> [I] Dati: [ 20MG1 ]
24.10.2016 14.42.08 ---> [I]       [ 1000001 ]
24.10.2016 14.42.08 ---> [I]       [ 20TNFF ]
24.10.2016 14.42.08 ---> [I]       [ LAV - Lavorazione ]
24.10.2016 14.42.08 ---> [I]       [ A - Inizio ]
24.10.2016 14.42.08 ---> [I]       [ 8802 ]
24.10.2016 14.42.08 ---> [I]       [ 13000 ]
24.10.2016 14.42.08 ---> [I]       [ 24/10/2016 12.44.03 ]
24.10.2016 14.42.08 ---> [I]       [ 10345 ]
24.10.2016 14.42.08 ---> [I]       [ ENET ]
24.10.2016 14.42.08 ---> [I]       [ EWEBJ ]
24.10.2016 14.42.08 ---> [I]       [ E20MACHINE ]
24.10.2016 14.42.08 ---> [I]       [ 24/10/2016 12.44.03 ]
24.10.2016 14.42.08 ---> [I]       [ 144403 ]
24.10.2016 14.42.08 ---> [I]       [ [20OK06] TORNIO OKUMA LB35II ]
24.10.2016 14.42.08 ---> [I]       [ MODOTTI ANDREA ]
24.10.2016 14.42.08 ---> [I]       [ 001 ]
24.10.2016 14.42.08 ---> [I]       [ 20150110 ]
24.10.2016 14.42.08 ---> [I]       [ E20150110 ]
24.10.2016 14.42.08 ---> [I]       [ ORE RULLI HSS ]
24.10.2016 14.42.08 ---> [I]       [ TORNITURA FINITURA ]
24.10.2016 14.42.08 ---> [I]       [ IL0001 ]
24.10.2016 14.42.08 ---> [I] ----------------------------------------------------------------------------------------------------
24.10.2016 14.42.08 ---> [A] Esecuzione Classe: EventsCambioLavorazioneResourceDialog.actionPerformed()
24.10.2016 14.42.08 ---> [A] E'stato premuto il tasto cambio lavorazione da LAV - Lavorazione a ATT - Attrezzaggio
24.10.2016 14.42.08 ---> [I] ----------------------------------------------------------------------------------------------------
24.10.2016 14.42.08 ---> [I] In esecuzione: [ Transaction.doStopWorkMachineTransactionMonoOperator() ]
24.10.2016 14.42.08 ---> [I] Inserimento record su tabella : [ F55FQ10001 ] per risorsa: [ 1000001 ]
24.10.2016 14.42.08 ---> [I] Dati: [ 20MG1 ]
24.10.2016 14.42.08 ---> [I]       [ 1000001 ]
24.10.2016 14.42.08 ---> [I]       [ 20TNFF ]
24.10.2016 14.42.08 ---> [I]       [ LAV - Lavorazione ]
24.10.2016 14.42.08 ---> [I]       [ S - Fine ]
24.10.2016 14.42.08 ---> [I]       [ 8802 ]
24.10.2016 14.42.08 ---> [I]       [ 13000 ]
24.10.2016 14.42.08 ---> [I]       [ 24/10/2016 12.44.50 ]
24.10.2016 14.42.08 ---> [I]       [ 10345 ]
24.10.2016 14.42.08 ---> [I]       [ ENET ]
24.10.2016 14.42.08 ---> [I]       [ EWEBJ ]
24.10.2016 14.42.08 ---> [I]       [ E20MACHINE ]
24.10.2016 14.42.08 ---> [I]       [ 24/10/2016 12.44.50 ]
24.10.2016 14.42.08 ---> [I]       [ 144450 ]
24.10.2016 14.42.08 ---> [I]       [ [20OK06] TORNIO OKUMA LB35II ]
24.10.2016 14.42.08 ---> [I]       [ MODOTTI ANDREA ]
24.10.2016 14.42.08 ---> [I]       [ 001 ]
24.10.2016 14.42.08 ---> [I]       [ 20150110 ]
24.10.2016 14.42.08 ---> [I]       [ E20150110 ]
24.10.2016 14.42.08 ---> [I]       [ ORE RULLI HSS ]
24.10.2016 14.42.08 ---> [I]       [ TORNITURA FINITURA ]
24.10.2016 14.42.08 ---> [I]       [ IL0001 ]
24.10.2016 14.42.08 ---> [I] ----------------------------------------------------------------------------------------------------
24.10.2016 14.42.08 ---> [I] ----------------------------------------------------------------------------------------------------
24.10.2016 14.42.08 ---> [I] In esecuzione: [ Presence.doStartSetUpMachinePresenceMonoOperator() ]
24.10.2016 14.42.08 ---> [I] Cancellazione record su tabella : [ F55FQ10002 ] per risorsa: [ 1000001 ]
24.10.2016 14.42.08 ---> [I] ----------------------------------------------------------------------------------------------------
24.10.2016 14.42.08 ---> [I] ----------------------------------------------------------------------------------------------------
24.10.2016 14.42.08 ---> [I] In esecuzione: [ Presence.doStartSetUpMachinePresenceMonoOperator() ]
24.10.2016 14.42.08 ---> [I] Inserimento record su tabella : [ F55FQ10002 ] per risorsa: [ 1000001 ]
24.10.2016 14.42.08 ---> [I] Dati: [ 20MG1 ]
24.10.2016 14.42.08 ---> [I]       [ 1000001 ]
24.10.2016 14.42.08 ---> [I]       [ 2 - Ingresso ]
24.10.2016 14.42.08 ---> [I]       [ 24/10/2016 12.44.50 ]
24.10.2016 14.42.08 ---> [I]       [ 10345 ]
24.10.2016 14.42.08 ---> [I]       [ ENET ]
24.10.2016 14.42.08 ---> [I]       [ EWEBJ ]
24.10.2016 14.42.08 ---> [I]       [ E20MACHINE ]
24.10.2016 14.42.08 ---> [I]       [ 24/10/2016 12.44.50 ]
24.10.2016 14.42.08 ---> [I]       [ 144450 ]
24.10.2016 14.42.08 ---> [I]       [ [20OK06] TORNIO OKUMA LB35II ]
24.10.2016 14.42.08 ---> [I]       [ MODOTTI ANDREA ]
24.10.2016 14.42.08 ---> [I]       [ 001 ]
24.10.2016 14.42.08 ---> [I]       [ IL0001 ]
24.10.2016 14.42.08 ---> [I] ----------------------------------------------------------------------------------------------------
24.10.2016 14.42.08 ---> [I] ----------------------------------------------------------------------------------------------------
24.10.2016 14.42.08 ---> [I] In esecuzione: [ Presence.doStartSetUpMachinePresenceMonoOperator() ]
24.10.2016 14.42.08 ---> [I] Inserimento record su tabella : [ F55FQ10002 ] per risorsa: [ 1000001 ]
24.10.2016 14.42.08 ---> [I] Dati: [ 20MG1 ]
24.10.2016 14.42.08 ---> [I]       [ 1000001 ]
24.10.2016 14.42.08 ---> [I]       [ 3 - Attrezzaggio ]
24.10.2016 14.42.08 ---> [I]       [ 20TNFF ]
24.10.2016 14.42.08 ---> [I]       [ 8802 ]
24.10.2016 14.42.08 ---> [I]       [ 13000 ]
24.10.2016 14.42.08 ---> [I]       [ 24/10/2016 12.44.51 ]
24.10.2016 14.42.08 ---> [I]       [ 10345 ]
24.10.2016 14.42.08 ---> [I]       [ ENET ]
24.10.2016 14.42.08 ---> [I]       [ EWEBJ ]
24.10.2016 14.42.08 ---> [I]       [ E20MACHINE ]
24.10.2016 14.42.08 ---> [I]       [ 24/10/2016 12.44.51 ]
24.10.2016 14.42.08 ---> [I]       [ 144451 ]
24.10.2016 14.42.08 ---> [I]       [ [20OK06] TORNIO OKUMA LB35II ]
24.10.2016 14.42.08 ---> [I]       [ MODOTTI ANDREA ]
24.10.2016 14.42.08 ---> [I]       [ 001 ]
24.10.2016 14.42.08 ---> [I]       [ 20150110 ]
24.10.2016 14.42.08 ---> [I]       [ E20150110 ]
24.10.2016 14.42.08 ---> [I]       [ E20150110 ]
24.10.2016 14.42.08 ---> [I]       [ TORNITURA FINITURA ]
24.10.2016 14.42.08 ---> [I]       [ IL0001 ]
24.10.2016 14.42.08 ---> [I] ----------------------------------------------------------------------------------------------------
24.10.2016 14.42.08 ---> [I] ----------------------------------------------------------------------------------------------------
24.10.2016 14.42.08 ---> [I] In esecuzione: [ Transaction.doStartSetUpMachineTransactionMonoOperator() ]
24.10.2016 14.42.08 ---> [I] Inserimento record su tabella : [ F55FQ10001 ] per risorsa: [ 1000001 ]
24.10.2016 14.42.08 ---> [I] Dati: [ 20MG1 ]
24.10.2016 14.42.08 ---> [I]       [ 1000001 ]
24.10.2016 14.42.08 ---> [I]       [ 20TNFF ]
24.10.2016 14.42.08 ---> [I]       [ ATT - Attrezzaggio ]
24.10.2016 14.42.08 ---> [I]       [ A - Inizio ]
24.10.2016 14.42.08 ---> [I]       [ 8802 ]
24.10.2016 14.42.08 ---> [I]       [ 13000 ]
24.10.2016 14.42.08 ---> [I]       [ 24/10/2016 12.44.51 ]
24.10.2016 14.42.08 ---> [I]       [ 10345 ]
24.10.2016 14.42.08 ---> [I]       [ ENET ]
24.10.2016 14.42.08 ---> [I]       [ EWEBJ ]
24.10.2016 14.42.08 ---> [I]       [ E20MACHINE ]
24.10.2016 14.42.08 ---> [I]       [ 24/10/2016 12.44.51 ]
24.10.2016 14.42.08 ---> [I]       [ 144451 ]
24.10.2016 14.42.08 ---> [I]       [ [20OK06] TORNIO OKUMA LB35II ]
24.10.2016 14.42.08 ---> [I]       [ MODOTTI ANDREA ]
24.10.2016 14.42.08 ---> [I]       [ 001 ]
24.10.2016 14.42.08 ---> [I]       [ 20150110 ]
24.10.2016 14.42.08 ---> [I]       [ E20150110 ]
24.10.2016 14.42.08 ---> [I]       [ ORE RULLI HSS ]
24.10.2016 14.42.08 ---> [I]       [ TORNITURA FINITURA ]
24.10.2016 14.42.08 ---> [I]       [ IL0001 ]
24.10.2016 14.42.08 ---> [I] ----------------------------------------------------------------------------------------------------
24.10.2016 14.42.08 ---> [A] Esecuzione Classe: EventsCambioLavorazioneResourceDialog.actionPerformed()
24.10.2016 14.42.08 ---> [A] E'stato premuto il tasto cambio lavorazione da ATT - Attrezzaggio a LAV - Lavorazione
24.10.2016 14.42.08 ---> [I] ----------------------------------------------------------------------------------------------------
24.10.2016 14.42.08 ---> [I] In esecuzione: [ Transaction.doStopSetUpMachineTransactionMonoOperator() ]
24.10.2016 14.42.08 ---> [I] Inserimento record su tabella : [ F55FQ10001 ] per risorsa: [ 1000001 ]
24.10.2016 14.42.08 ---> [I] Dati: [ 20MG1 ]
24.10.2016 14.42.08 ---> [I]       [ 1000001 ]
24.10.2016 14.42.08 ---> [I]       [ 20TNFF ]
24.10.2016 14.42.08 ---> [I]       [ ATT - Attrezzaggio ]
24.10.2016 14.42.08 ---> [I]       [ S - Fine ]
24.10.2016 14.42.08 ---> [I]       [ 8802 ]
24.10.2016 14.42.08 ---> [I]       [ 13000 ]
24.10.2016 14.42.08 ---> [I]       [ 24/10/2016 12.45.22 ]
24.10.2016 14.42.08 ---> [I]       [ 10345 ]
24.10.2016 14.42.08 ---> [I]       [ ENET ]
24.10.2016 14.42.08 ---> [I]       [ EWEBJ ]
24.10.2016 14.42.08 ---> [I]       [ E20MACHINE ]
24.10.2016 14.42.08 ---> [I]       [ 24/10/2016 12.45.22 ]
24.10.2016 14.42.08 ---> [I]       [ 144522 ]
24.10.2016 14.42.08 ---> [I]       [ [20OK06] TORNIO OKUMA LB35II ]
24.10.2016 14.42.08 ---> [I]       [ MODOTTI ANDREA ]
24.10.2016 14.42.08 ---> [I]       [ 001 ]
24.10.2016 14.42.08 ---> [I]       [ 20150110 ]
24.10.2016 14.42.08 ---> [I]       [ E20150110 ]
24.10.2016 14.42.08 ---> [I]       [ ORE RULLI HSS ]
24.10.2016 14.42.08 ---> [I]       [ TORNITURA FINITURA ]
24.10.2016 14.42.08 ---> [I]       [ IL0001 ]
24.10.2016 14.42.08 ---> [I] ----------------------------------------------------------------------------------------------------
24.10.2016 14.42.08 ---> [I] ----------------------------------------------------------------------------------------------------
24.10.2016 14.42.08 ---> [I] In esecuzione: [ Presence.doStartWorkMachinePresenceMonoOperator() ]
24.10.2016 14.42.08 ---> [I] Cancellazione record su tabella : [ F55FQ10002 ] per risorsa: [ 1000001 ]
24.10.2016 14.42.08 ---> [I] ----------------------------------------------------------------------------------------------------
24.10.2016 14.42.08 ---> [I] ----------------------------------------------------------------------------------------------------
24.10.2016 14.42.08 ---> [I] In esecuzione: [ Presence.doStartWorkMachinePresenceMonoOperator() ]
24.10.2016 14.42.08 ---> [I] Inserimento record su tabella : [ F55FQ10002 ] per risorsa: [ 1000001 ]
24.10.2016 14.42.08 ---> [I] Dati: [ 20MG1 ]
24.10.2016 14.42.08 ---> [I]       [ 1000001 ]
24.10.2016 14.42.08 ---> [I]       [ 2 - Ingresso ]
24.10.2016 14.42.08 ---> [I]       [ 24/10/2016 12.45.28 ]
24.10.2016 14.42.08 ---> [I]       [ 10345 ]
24.10.2016 14.42.08 ---> [I]       [ ENET ]
24.10.2016 14.42.08 ---> [I]       [ EWEBJ ]
24.10.2016 14.42.08 ---> [I]       [ E20MACHINE ]
24.10.2016 14.42.08 ---> [I]       [ 24/10/2016 12.45.28 ]
24.10.2016 14.42.08 ---> [I]       [ 144528 ]
24.10.2016 14.42.08 ---> [I]       [ [20OK06] TORNIO OKUMA LB35II ]
24.10.2016 14.42.08 ---> [I]       [ MODOTTI ANDREA ]
24.10.2016 14.42.08 ---> [I]       [ 001 ]
24.10.2016 14.42.08 ---> [I]       [ IL0001 ]
24.10.2016 14.42.08 ---> [I] ----------------------------------------------------------------------------------------------------
24.10.2016 14.42.08 ---> [I] ----------------------------------------------------------------------------------------------------
24.10.2016 14.42.08 ---> [I] In esecuzione: [ Presence.doStartWorkMachinePresenceMonoOperator() ]
24.10.2016 14.42.08 ---> [I] Inserimento record su tabella : [ F55FQ10002 ] per risorsa: [ 1000001 ]
24.10.2016 14.42.08 ---> [I] Dati: [ 20MG1 ]
24.10.2016 14.42.08 ---> [I]       [ 1000001 ]
24.10.2016 14.42.08 ---> [I]       [ 4 - Lavorazione ]
24.10.2016 14.42.08 ---> [I]       [ 20TNFF ]
24.10.2016 14.42.08 ---> [I]       [ 8802 ]
24.10.2016 14.42.08 ---> [I]       [ 13000 ]
24.10.2016 14.42.08 ---> [I]       [ 24/10/2016 12.45.28 ]
24.10.2016 14.42.08 ---> [I]       [ 10345 ]
24.10.2016 14.42.08 ---> [I]       [ ENET ]
24.10.2016 14.42.08 ---> [I]       [ EWEBJ ]
24.10.2016 14.42.08 ---> [I]       [ E20MACHINE ]
24.10.2016 14.42.08 ---> [I]       [ 24/10/2016 12.45.28 ]
24.10.2016 14.42.08 ---> [I]       [ 144528 ]
24.10.2016 14.42.08 ---> [I]       [ [20OK06] TORNIO OKUMA LB35II ]
24.10.2016 14.42.08 ---> [I]       [ MODOTTI ANDREA ]
24.10.2016 14.42.08 ---> [I]       [ 001 ]
24.10.2016 14.42.08 ---> [I]       [ 20150110 ]
24.10.2016 14.42.08 ---> [I]       [ E20150110 ]
24.10.2016 14.42.08 ---> [I]       [ E20150110 ]
24.10.2016 14.42.08 ---> [I]       [ TORNITURA FINITURA ]
24.10.2016 14.42.08 ---> [I]       [ IL0001 ]
24.10.2016 14.42.08 ---> [I] ----------------------------------------------------------------------------------------------------
24.10.2016 14.42.08 ---> [I] ----------------------------------------------------------------------------------------------------
24.10.2016 14.42.08 ---> [I] In esecuzione: [ Transaction.doStartWorkMachineTransactionMonoOperator() ]
24.10.2016 14.42.08 ---> [I] Inserimento record su tabella : [ F55FQ10001 ] per risorsa: [ 1000001 ]
24.10.2016 14.42.08 ---> [I] Dati: [ 20MG1 ]
24.10.2016 14.42.08 ---> [I]       [ 1000001 ]
24.10.2016 14.42.08 ---> [I]       [ 20TNFF ]
24.10.2016 14.42.08 ---> [I]       [ LAV - Lavorazione ]
24.10.2016 14.42.08 ---> [I]       [ A - Inizio ]
24.10.2016 14.42.08 ---> [I]       [ 8802 ]
24.10.2016 14.42.08 ---> [I]       [ 13000 ]
24.10.2016 14.42.08 ---> [I]       [ 24/10/2016 12.45.33 ]
24.10.2016 14.42.08 ---> [I]       [ 10345 ]
24.10.2016 14.42.08 ---> [I]       [ ENET ]
24.10.2016 14.42.08 ---> [I]       [ EWEBJ ]
24.10.2016 14.42.08 ---> [I]       [ E20MACHINE ]
24.10.2016 14.42.08 ---> [I]       [ 24/10/2016 12.45.33 ]
24.10.2016 14.42.08 ---> [I]       [ 144533 ]
24.10.2016 14.42.08 ---> [I]       [ [20OK06] TORNIO OKUMA LB35II ]
24.10.2016 14.42.08 ---> [I]       [ MODOTTI ANDREA ]
24.10.2016 14.42.08 ---> [I]       [ 001 ]
24.10.2016 14.42.08 ---> [I]       [ 20150110 ]
24.10.2016 14.42.08 ---> [I]       [ E20150110 ]
24.10.2016 14.42.08 ---> [I]       [ ORE RULLI HSS ]
24.10.2016 14.42.08 ---> [I]       [ TORNITURA FINITURA ]
24.10.2016 14.42.08 ---> [I]       [ IL0001 ]
24.10.2016 14.42.08 ---> [I] ----------------------------------------------------------------------------------------------------
24.10.2016 14.42.08 ---> [A] Esecuzione Classe: EventsFineLavorazioneResourceDialog.actionPerformed()
24.10.2016 14.42.08 ---> [A] E'stato premuto il tasto fine lavorazione quando la macchina era in LAV - Lavorazione
24.10.2016 14.42.08 ---> [I] ----------------------------------------------------------------------------------------------------
24.10.2016 14.42.08 ---> [I] In esecuzione: [ Transaction.doStopWorkMachineTransactionMonoOperator() ]
24.10.2016 14.42.08 ---> [I] Inserimento record su tabella : [ F55FQ10001 ] per risorsa: [ 1000001 ]
24.10.2016 14.42.08 ---> [I] Dati: [ 20MG1 ]
24.10.2016 14.42.08 ---> [I]       [ 1000001 ]
24.10.2016 14.42.08 ---> [I]       [ 20TNFF ]
24.10.2016 14.42.08 ---> [I]       [ LAV - Lavorazione ]
24.10.2016 14.42.08 ---> [I]       [ S - Fine ]
24.10.2016 14.42.08 ---> [I]       [ 8802 ]
24.10.2016 14.42.08 ---> [I]       [ 13000 ]
24.10.2016 14.42.08 ---> [I]       [ 24/10/2016 12.46.02 ]
24.10.2016 14.42.08 ---> [I]       [ 10345 ]
24.10.2016 14.42.08 ---> [I]       [ ENET ]
24.10.2016 14.42.08 ---> [I]       [ EWEBJ ]
24.10.2016 14.42.08 ---> [I]       [ E20MACHINE ]
24.10.2016 14.42.08 ---> [I]       [ 24/10/2016 12.46.02 ]
24.10.2016 14.42.08 ---> [I]       [ 144602 ]
24.10.2016 14.42.08 ---> [I]       [ [20OK06] TORNIO OKUMA LB35II ]
24.10.2016 14.42.08 ---> [I]       [ MODOTTI ANDREA ]
24.10.2016 14.42.08 ---> [I]       [ 001 ]
24.10.2016 14.42.08 ---> [I]       [ 20150110 ]
24.10.2016 14.42.08 ---> [I]       [ E20150110 ]
24.10.2016 14.42.08 ---> [I]       [ ORE RULLI HSS ]
24.10.2016 14.42.08 ---> [I]       [ TORNITURA FINITURA ]
24.10.2016 14.42.08 ---> [I]       [ IL0001 ]
24.10.2016 14.42.08 ---> [I] ----------------------------------------------------------------------------------------------------
24.10.2016 14.42.08 ---> [I] ----------------------------------------------------------------------------------------------------
24.10.2016 14.42.08 ---> [I] In esecuzione: [ Presence.doStopWorkMachinePresenceMonoOperator() ]
24.10.2016 14.42.08 ---> [I] Cancellazione record su tabella : [ F55FQ10002 ] per risorsa: [ 1000001 ]
24.10.2016 14.42.08 ---> [I] ----------------------------------------------------------------------------------------------------
24.10.2016 14.42.08 ---> [I] ----------------------------------------------------------------------------------------------------
24.10.2016 14.42.08 ---> [I] In esecuzione: [ Presence.doStopWorkMachinePresenceMonoOperator() ]
24.10.2016 14.42.08 ---> [I] Inserimento record su tabella : [ F55FQ10002 ] per risorsa: [ 1000001 ]
24.10.2016 14.42.08 ---> [I] Dati: [ 20MG1 ]
24.10.2016 14.42.08 ---> [I]       [ 1000001 ]
24.10.2016 14.42.08 ---> [I]       [ 2 - Ingresso ]
24.10.2016 14.42.08 ---> [I]       [ 24/10/2016 12.46.02 ]
24.10.2016 14.42.08 ---> [I]       [ 10345 ]
24.10.2016 14.42.08 ---> [I]       [ ENET ]
24.10.2016 14.42.08 ---> [I]       [ EWEBJ ]
24.10.2016 14.42.08 ---> [I]       [ E20MACHINE ]
24.10.2016 14.42.08 ---> [I]       [ 24/10/2016 12.46.02 ]
24.10.2016 14.42.08 ---> [I]       [ 144602 ]
24.10.2016 14.42.08 ---> [I]       [ [20OK06] TORNIO OKUMA LB35II ]
24.10.2016 14.42.08 ---> [I]       [ MODOTTI ANDREA ]
24.10.2016 14.42.08 ---> [I]       [ 001 ]
24.10.2016 14.42.08 ---> [I]       [ IL0001 ]
24.10.2016 14.42.08 ---> [I] ----------------------------------------------------------------------------------------------------
24.10.2016 14.42.08 ---> [A] Esecuzione Classe: EventsbtnDisaggregazione.actionPerformed()
24.10.2016 14.42.08 ---> [A] Disaggregazione dal centro di lavoro con operatore: [ 10345 - MODOTTI ANDREA ]
24.10.2016 14.42.08 ---> [I] ----------------------------------------------------------------------------------------------------
24.10.2016 14.42.08 ---> [I] In esecuzione: [ Transaction.doExitDisaggregationMonoOperator() ]
24.10.2016 14.42.08 ---> [I] Inserimento record su tabella : [ F55FQ10001 ] per risorsa: [ 10345 ]
24.10.2016 14.42.08 ---> [I] Dati: [ USC - Uscita ]
24.10.2016 14.42.08 ---> [I]       [ 24/10/2016 12.46.28 ]
24.10.2016 14.42.08 ---> [I]       [ 24/10/2016 ]
24.10.2016 14.42.08 ---> [I]       [ 144628 ]
24.10.2016 14.42.08 ---> [I]       [ IL0001 ]
24.10.2016 14.42.08 ---> [I] ----------------------------------------------------------------------------------------------------
24.10.2016 14.42.08 ---> [I] ----------------------------------------------------------------------------------------------------
24.10.2016 14.42.08 ---> [I] In esecuzione: [ Presence.doDisaggregationMonoOperator() ]
24.10.2016 14.42.08 ---> [I] Aggiornamento record su tabella : [ F55FQ10002 ] per centro: [ IL0001 ]
24.10.2016 14.42.08 ---> [I] Dati: [ IL0001 ]
24.10.2016 14.42.08 ---> [I] ----------------------------------------------------------------------------------------------------
24.10.2016 14.42.08 ---> [I] ----------------------------------------------------------------------------------------------------
24.10.2016 14.42.08 ---> [I] In esecuzione: [ Presence.doDisaggregationMonoOperator() ]
24.10.2016 14.42.08 ---> [I] Aggiornamento record su tabella : [ F55FQ10002 ] per centro: [ IL0001 ]
24.10.2016 14.42.08 ---> [I] Dati: [ 1 - Uscita ]
24.10.2016 14.42.08 ---> [I]       [ 24/10/2016 12.46.28 ]
24.10.2016 14.42.08 ---> [I]       [ 24/10/2016 ]
24.10.2016 14.42.08 ---> [I]       [ 144628 ]
24.10.2016 14.42.08 ---> [I]       [ IL0001 ]
24.10.2016 14.42.08 ---> [I] ----------------------------------------------------------------------------------------------------
24.10.2016 14.42.08 ---> [F] ************************************************** PROGRAMMA TERMINATO **************************************************
