24.10.2016 15.30.35 ---> [S] ************************************************** PROGRAMMA AVVIATO ****************************************************
24.10.2016 15.30.35 ---> [I] Indirizzo centro di lavoro: [ 192.168.102.157/192.168.56.1 ]
24.10.2016 15.30.35 ---> [I] Nome centro di lavoro: [ IL0001 ]
24.10.2016 15.30.35 ---> [I] Descrizione centro di lavoro: [ ISAOLA PIPPO ]
24.10.2016 15.30.35 ---> [I] Ambiente: [ Test ]
24.10.2016 15.30.35 ---> [I] Modalità centro di lavoro: [ Macchina ]
24.10.2016 15.30.35 ---> [I] Abilitazione modalità multi ordine: [ 1 ]
24.10.2016 15.30.35 ---> [I] Operatore aggregato al centro di lavoro: [ 10345 ]
24.10.2016 15.30.35 ---> [A] Esecuzione Classe: EventsbtnConfermaTransazione.actionPerformed()
24.10.2016 15.30.35 ---> [A] E' stato premuto il tasto Esegui Transazione
24.10.2016 15.30.35 ---> [I] ----------------------------------------------------------------------------------------------------
24.10.2016 15.30.35 ---> [I] In esecuzione: [ Presence.doStartSetUpMachinePresenceMonoOperator() ]
24.10.2016 15.30.35 ---> [I] Cancellazione record su tabella : [ F55FQ10002 ] per risorsa: [ 1000018 ]
24.10.2016 15.30.35 ---> [I] ----------------------------------------------------------------------------------------------------
24.10.2016 15.30.35 ---> [I] ----------------------------------------------------------------------------------------------------
24.10.2016 15.30.35 ---> [I] In esecuzione: [ Presence.doStartSetUpMachinePresenceMonoOperator() ]
24.10.2016 15.30.35 ---> [I] Inserimento record su tabella : [ F55FQ10002 ] per risorsa: [ 1000018 ]
24.10.2016 15.30.35 ---> [I] Dati: [ 20MG1 ]
24.10.2016 15.30.35 ---> [I]       [ 1000018 ]
24.10.2016 15.30.35 ---> [I]       [ 2 - Ingresso ]
24.10.2016 15.30.35 ---> [I]       [ 24/10/2016 13.31.04 ]
24.10.2016 15.30.35 ---> [I]       [ 10345 ]
24.10.2016 15.30.35 ---> [I]       [ ENET ]
24.10.2016 15.30.35 ---> [I]       [ EWEBJ ]
24.10.2016 15.30.35 ---> [I]       [ E20MACHINE ]
24.10.2016 15.30.35 ---> [I]       [ 24/10/2016 13.31.04 ]
24.10.2016 15.30.35 ---> [I]       [ 153104 ]
24.10.2016 15.30.35 ---> [I]       [ [20FT05] FORTUNA TUFFO N.2 ]
24.10.2016 15.30.35 ---> [I]       [ MODOTTI ANDREA ]
24.10.2016 15.30.35 ---> [I]       [ 001 ]
24.10.2016 15.30.35 ---> [I]       [ IL0001 ]
24.10.2016 15.30.35 ---> [I] ----------------------------------------------------------------------------------------------------
24.10.2016 15.30.35 ---> [I] ----------------------------------------------------------------------------------------------------
24.10.2016 15.30.35 ---> [I] In esecuzione: [ Presence.doStartSetUpMachinePresenceMonoOperator() ]
24.10.2016 15.30.35 ---> [I] Inserimento record su tabella : [ F55FQ10002 ] per risorsa: [ 1000018 ]
24.10.2016 15.30.35 ---> [I] Dati: [ 20MG1 ]
24.10.2016 15.30.35 ---> [I]       [ 1000018 ]
24.10.2016 15.30.35 ---> [I]       [ 3 - Attrezzaggio ]
24.10.2016 15.30.35 ---> [I]       [ 20TNFF ]
24.10.2016 15.30.35 ---> [I]       [ 8802 ]
24.10.2016 15.30.35 ---> [I]       [ 13000 ]
24.10.2016 15.30.35 ---> [I]       [ 24/10/2016 13.31.04 ]
24.10.2016 15.30.35 ---> [I]       [ 10345 ]
24.10.2016 15.30.35 ---> [I]       [ ENET ]
24.10.2016 15.30.35 ---> [I]       [ EWEBJ ]
24.10.2016 15.30.35 ---> [I]       [ E20MACHINE ]
24.10.2016 15.30.35 ---> [I]       [ 24/10/2016 13.31.04 ]
24.10.2016 15.30.35 ---> [I]       [ 153104 ]
24.10.2016 15.30.35 ---> [I]       [ [20FT05] FORTUNA TUFFO N.2 ]
24.10.2016 15.30.35 ---> [I]       [ MODOTTI ANDREA ]
24.10.2016 15.30.35 ---> [I]       [ 001 ]
24.10.2016 15.30.35 ---> [I]       [ 20150110 ]
24.10.2016 15.30.35 ---> [I]       [ E20150110 ]
24.10.2016 15.30.35 ---> [I]       [ E20150110 ]
24.10.2016 15.30.35 ---> [I]       [ TORNITURA FINITURA ]
24.10.2016 15.30.35 ---> [I]       [ IL0001 ]
24.10.2016 15.30.35 ---> [I] ----------------------------------------------------------------------------------------------------
24.10.2016 15.30.35 ---> [I] ----------------------------------------------------------------------------------------------------
24.10.2016 15.30.35 ---> [I] In esecuzione: [ Transaction.doStartSetUpMachineTransactionMonoOperator() ]
24.10.2016 15.30.35 ---> [I] Inserimento record su tabella : [ F55FQ10001 ] per risorsa: [ 1000018 ]
24.10.2016 15.30.35 ---> [I] Dati: [ 20MG1 ]
24.10.2016 15.30.35 ---> [I]       [ 1000018 ]
24.10.2016 15.30.35 ---> [I]       [ 20TNFF ]
24.10.2016 15.30.35 ---> [I]       [ ATT - Attrezzaggio ]
24.10.2016 15.30.35 ---> [I]       [ A - Inizio ]
24.10.2016 15.30.35 ---> [I]       [ 8802 ]
24.10.2016 15.30.35 ---> [I]       [ 13000 ]
24.10.2016 15.30.35 ---> [I]       [ 24/10/2016 13.31.04 ]
24.10.2016 15.30.35 ---> [I]       [ 10345 ]
24.10.2016 15.30.35 ---> [I]       [ ENET ]
24.10.2016 15.30.35 ---> [I]       [ EWEBJ ]
24.10.2016 15.30.35 ---> [I]       [ E20MACHINE ]
24.10.2016 15.30.35 ---> [I]       [ 24/10/2016 13.31.04 ]
24.10.2016 15.30.35 ---> [I]       [ 153104 ]
24.10.2016 15.30.35 ---> [I]       [ [20FT05] FORTUNA TUFFO N.2 ]
24.10.2016 15.30.35 ---> [I]       [ MODOTTI ANDREA ]
24.10.2016 15.30.35 ---> [I]       [ 001 ]
24.10.2016 15.30.35 ---> [I]       [ 20150110 ]
24.10.2016 15.30.35 ---> [I]       [ E20150110 ]
24.10.2016 15.30.35 ---> [I]       [ ORE RULLI HSS ]
24.10.2016 15.30.35 ---> [I]       [ TORNITURA FINITURA ]
24.10.2016 15.30.35 ---> [I]       [ IL0001 ]
24.10.2016 15.30.35 ---> [I] ----------------------------------------------------------------------------------------------------
24.10.2016 15.30.35 ---> [F] ************************************************** PROGRAMMA TERMINATO **************************************************
