24.10.2016 15.14.05 ---> [S] ************************************************** PROGRAMMA AVVIATO ****************************************************
24.10.2016 15.14.05 ---> [I] Indirizzo centro di lavoro: [ 192.168.102.157/192.168.56.1 ]
24.10.2016 15.14.05 ---> [I] Nome centro di lavoro: [ IL0001 ]
24.10.2016 15.14.05 ---> [I] Descrizione centro di lavoro: [ ISAOLA PIPPO ]
24.10.2016 15.14.05 ---> [I] Ambiente: [ Test ]
24.10.2016 15.14.05 ---> [I] Modalità centro di lavoro: [ Macchina ]
24.10.2016 15.14.05 ---> [I] Abilitazione modalità multi ordine: [ 1 ]
24.10.2016 15.14.05 ---> [I] ----------------------------------------------------------------------------------------------------
24.10.2016 15.14.05 ---> [I] In esecuzione: [ Presence.doAggregationMonoOperator() ]
24.10.2016 15.14.05 ---> [I] Cancellazione record su tabella : [ F55FQ10002 ] per il centro: [ IL0001 ]
24.10.2016 15.14.05 ---> [I] ----------------------------------------------------------------------------------------------------
24.10.2016 15.14.05 ---> [I] ----------------------------------------------------------------------------------------------------
24.10.2016 15.14.05 ---> [I] In esecuzione: [ Presence.doAggregationMonoOperator() ]
24.10.2016 15.14.05 ---> [I] Inserimento record su tabella : [ F55FQ10002 ] per risorsa: [ 10345 ]
24.10.2016 15.14.05 ---> [I] Dati: [ 20MG1 ]
24.10.2016 15.14.05 ---> [I]       [ 24/10/2016 13.14.22 ]
24.10.2016 15.14.05 ---> [I]       [ 10345 ]
24.10.2016 15.14.05 ---> [I]       [ 2 - Ingresso ]
24.10.2016 15.14.05 ---> [I]       [ ENET ]
24.10.2016 15.14.05 ---> [I]       [ EWEBJ ]
24.10.2016 15.14.05 ---> [I]       [ E20MACHINE ]
24.10.2016 15.14.05 ---> [I]       [ 24/10/2016 ]
24.10.2016 15.14.05 ---> [I]       [ 151422 ]
24.10.2016 15.14.05 ---> [I]       [ MODOTTI ANDREA ]
24.10.2016 15.14.05 ---> [I]       [ IL0001 ]
24.10.2016 15.14.05 ---> [I] ----------------------------------------------------------------------------------------------------
24.10.2016 15.14.05 ---> [I] ----------------------------------------------------------------------------------------------------
24.10.2016 15.14.05 ---> [I] In esecuzione: [ Transaction.doEnterAggregationMonoOperator() ]
24.10.2016 15.14.05 ---> [I] Inserimento record su tabella : [ F55FQ10001 ] da Select su: [ F55FQ10002 ] per centro: [ IL0001 ]
24.10.2016 15.14.05 ---> [I] Dati: [ ING - Ingresso ]
24.10.2016 15.14.05 ---> [I]       [ 24/10/2016 13.14.22 ]
24.10.2016 15.14.05 ---> [I]       [ 24/10/2016 ]
24.10.2016 15.14.05 ---> [I]       [ 151422 ]
24.10.2016 15.14.05 ---> [I]       [ IL0001 ]
24.10.2016 15.14.05 ---> [I] ----------------------------------------------------------------------------------------------------
24.10.2016 15.14.05 ---> [A] Esecuzione Classe: EventsbtnOkBranchDialog.actionPerformed()
24.10.2016 15.14.05 ---> [A] Aggregazione al centro di lavoro con operatore: [ 10345 - MODOTTI ANDREA ]
24.10.2016 15.14.05 ---> [A] Aggregazione su stabilimento: [ 20MG1 ]
24.10.2016 15.14.05 ---> [A] Esecuzione Classe: EventsbtnMultiOrdine.actionPerformed()
24.10.2016 15.14.05 ---> [A] E' stato premuto il tasto per l'apertura della finestra di immissione dati Dichiarazione Multi Ordine
24.10.2016 15.14.05 ---> [A] Esecuzione Classe: EventsbtnMultiOrdine.actionPerformed()
24.10.2016 15.14.05 ---> [A] E' stato premuto il tasto Esegui Transazione Multi Ordine
24.10.2016 15.14.05 ---> [I] ----------------------------------------------------------------------------------------------------
24.10.2016 15.14.05 ---> [I] In esecuzione: [ Presence.multiDoStartWorkMachinePresenceMonoOperator() ]
24.10.2016 15.14.05 ---> [I] Cancellazione record su tabella : [ F55FQ10002 ] per risorsa: [ 1000001 ]
24.10.2016 15.14.05 ---> [I] ----------------------------------------------------------------------------------------------------
24.10.2016 15.14.05 ---> [I] ----------------------------------------------------------------------------------------------------
24.10.2016 15.14.05 ---> [I] In esecuzione: [ Presence.multiDoStartWorkMachinePresenceMonoOperator() ]
24.10.2016 15.14.05 ---> [I] Inserimento record su tabella : [ F55FQ10002 ] per risorsa: [ 1000001 ]
24.10.2016 15.14.05 ---> [I] Dati: [ 20MG1 ]
24.10.2016 15.14.05 ---> [I]       [ 1000001 ]
24.10.2016 15.14.05 ---> [I]       [ 2 - Ingresso ]
24.10.2016 15.14.05 ---> [I]       [ 24/10/2016 13.14.48 ]
24.10.2016 15.14.05 ---> [I]       [ 10345 ]
24.10.2016 15.14.05 ---> [I]       [ ENET ]
24.10.2016 15.14.05 ---> [I]       [ EWEBJ ]
24.10.2016 15.14.05 ---> [I]       [ E20MACHINE ]
24.10.2016 15.14.05 ---> [I]       [ 24/10/2016 ]
24.10.2016 15.14.05 ---> [I]       [ 151448 ]
24.10.2016 15.14.05 ---> [I]       [ [20OK06] TORNIO OKUMA LB35II ]
24.10.2016 15.14.05 ---> [I]       [ MODOTTI ANDREA ]
24.10.2016 15.14.05 ---> [I]       [ 001 ]
24.10.2016 15.14.05 ---> [I]       [ IL0001 ]
24.10.2016 15.14.05 ---> [I] ----------------------------------------------------------------------------------------------------
24.10.2016 15.14.05 ---> [I] ----------------------------------------------------------------------------------------------------
24.10.2016 15.14.05 ---> [I] In esecuzione: [ Presence.multiDoStartWorkMachinePresenceMonoOperator() ]
24.10.2016 15.14.05 ---> [I] Inserimento record su tabella : [ F55FQ10002 ] per risorsa: [ 1000001 ]
24.10.2016 15.14.05 ---> [I] Dati: [ 20MG1 ]
24.10.2016 15.14.05 ---> [I]       [ 1000001 ]
24.10.2016 15.14.05 ---> [I]       [ 4 - Lavorazione ]
24.10.2016 15.14.05 ---> [I]       [ 20TNFF ]
24.10.2016 15.14.05 ---> [I]       [ 8802 ]
24.10.2016 15.14.05 ---> [I]       [ 13000 ]
24.10.2016 15.14.05 ---> [I]       [ 24/10/2016 13.14.48 ]
24.10.2016 15.14.05 ---> [I]       [ 10345 ]
24.10.2016 15.14.05 ---> [I]       [ ENET ]
24.10.2016 15.14.05 ---> [I]       [ EWEBJ ]
24.10.2016 15.14.05 ---> [I]       [ E20MACHINE ]
24.10.2016 15.14.05 ---> [I]       [ 24/10/2016 ]
24.10.2016 15.14.05 ---> [I]       [ 151448 ]
24.10.2016 15.14.05 ---> [I]       [ [20OK06] TORNIO OKUMA LB35II ]
24.10.2016 15.14.05 ---> [I]       [ MODOTTI ANDREA ]
24.10.2016 15.14.05 ---> [I]       [ 001 ]
24.10.2016 15.14.05 ---> [I]       [ 20150110 ]
24.10.2016 15.14.05 ---> [I]       [ E20150110 ]
24.10.2016 15.14.05 ---> [I]       [ E20150110 ]
24.10.2016 15.14.05 ---> [I]       [ TORNITURA FINITURA ]
24.10.2016 15.14.05 ---> [I]       [ IL0001 ]
24.10.2016 15.14.05 ---> [I] ----------------------------------------------------------------------------------------------------
24.10.2016 15.14.05 ---> [I] ----------------------------------------------------------------------------------------------------
24.10.2016 15.14.05 ---> [I] In esecuzione: [ Presence.multiDoStartWorkMachinePresenceMonoOperator() ]
24.10.2016 15.14.05 ---> [I] Inserimento record su tabella : [ F55FQ10002 ] per risorsa: [ 1000001 ]
24.10.2016 15.14.05 ---> [I] Dati: [ 20MG1 ]
24.10.2016 15.14.05 ---> [I]       [ 1000001 ]
24.10.2016 15.14.05 ---> [I]       [ 4 - Lavorazione ]
24.10.2016 15.14.05 ---> [I]       [ 20TNFF ]
24.10.2016 15.14.05 ---> [I]       [ 8878 ]
24.10.2016 15.14.05 ---> [I]       [ 13000 ]
24.10.2016 15.14.05 ---> [I]       [ 24/10/2016 13.14.48 ]
24.10.2016 15.14.05 ---> [I]       [ 10345 ]
24.10.2016 15.14.05 ---> [I]       [ ENET ]
24.10.2016 15.14.05 ---> [I]       [ EWEBJ ]
24.10.2016 15.14.05 ---> [I]       [ E20MACHINE ]
24.10.2016 15.14.05 ---> [I]       [ 24/10/2016 ]
24.10.2016 15.14.05 ---> [I]       [ 151448 ]
24.10.2016 15.14.05 ---> [I]       [ [20OK06] TORNIO OKUMA LB35II ]
24.10.2016 15.14.05 ---> [I]       [ MODOTTI ANDREA ]
24.10.2016 15.14.05 ---> [I]       [ 001 ]
24.10.2016 15.14.05 ---> [I]       [ 20150184 ]
24.10.2016 15.14.05 ---> [I]       [ E20150184 ]
24.10.2016 15.14.05 ---> [I]       [ E20150184 ]
24.10.2016 15.14.05 ---> [I]       [ TORNITURA FINITURA ]
24.10.2016 15.14.05 ---> [I]       [ IL0001 ]
24.10.2016 15.14.05 ---> [I] ----------------------------------------------------------------------------------------------------
24.10.2016 15.14.05 ---> [I] ----------------------------------------------------------------------------------------------------
24.10.2016 15.14.05 ---> [I] In esecuzione: [ Transaction.multipleDoStartWorkMachineTransactionMonoOperator() ]
24.10.2016 15.14.05 ---> [I] Inserimento record su tabella : [ F55FQ10001 ] per risorsa: [ 1000001 ]
24.10.2016 15.14.05 ---> [I] Dati: [ 20MG1 ]
24.10.2016 15.14.05 ---> [I]       [ 1000001 ]
24.10.2016 15.14.05 ---> [I]       [ 20TNFF ]
24.10.2016 15.14.05 ---> [I]       [ LAV - Lavorazione ]
24.10.2016 15.14.05 ---> [I]       [ A - Inizio ]
24.10.2016 15.14.05 ---> [I]       [ 8802 ]
24.10.2016 15.14.05 ---> [I]       [ 13000 ]
24.10.2016 15.14.05 ---> [I]       [ 24/10/2016 13.14.48 ]
24.10.2016 15.14.05 ---> [I]       [ 10345 ]
24.10.2016 15.14.05 ---> [I]       [ M - Multi Ordine ]
24.10.2016 15.14.05 ---> [I]       [ ENET ]
24.10.2016 15.14.05 ---> [I]       [ EWEBJ ]
24.10.2016 15.14.05 ---> [I]       [ E20MACHINE ]
24.10.2016 15.14.05 ---> [I]       [ 24/10/2016 ]
24.10.2016 15.14.05 ---> [I]       [ 151448 ]
24.10.2016 15.14.05 ---> [I]       [ [20OK06] TORNIO OKUMA LB35II ]
24.10.2016 15.14.05 ---> [I]       [ MODOTTI ANDREA ]
24.10.2016 15.14.05 ---> [I]       [ 001 ]
24.10.2016 15.14.05 ---> [I]       [ 20150110 ]
24.10.2016 15.14.05 ---> [I]       [ E20150110 ]
24.10.2016 15.14.05 ---> [I]       [ ORE RULLI HSS ]
24.10.2016 15.14.05 ---> [I]       [ TORNITURA FINITURA ]
24.10.2016 15.14.05 ---> [I]       [ IL0001 ]
24.10.2016 15.14.05 ---> [I] ----------------------------------------------------------------------------------------------------
24.10.2016 15.14.05 ---> [I] ----------------------------------------------------------------------------------------------------
24.10.2016 15.14.05 ---> [I] In esecuzione: [ Transaction.multipleDoStartWorkMachineTransactionMonoOperator() ]
24.10.2016 15.14.05 ---> [I] Inserimento record su tabella : [ F55FQ10001 ] per risorsa: [ 1000001 ]
24.10.2016 15.14.05 ---> [I] Dati: [ 20MG1 ]
24.10.2016 15.14.05 ---> [I]       [ 1000001 ]
24.10.2016 15.14.05 ---> [I]       [ 20TNFF ]
24.10.2016 15.14.05 ---> [I]       [ LAV - Lavorazione ]
24.10.2016 15.14.05 ---> [I]       [ A - Inizio ]
24.10.2016 15.14.05 ---> [I]       [ 8878 ]
24.10.2016 15.14.05 ---> [I]       [ 13000 ]
24.10.2016 15.14.05 ---> [I]       [ 24/10/2016 13.14.49 ]
24.10.2016 15.14.05 ---> [I]       [ 10345 ]
24.10.2016 15.14.05 ---> [I]       [ M - Multi Ordine ]
24.10.2016 15.14.05 ---> [I]       [ ENET ]
24.10.2016 15.14.05 ---> [I]       [ EWEBJ ]
24.10.2016 15.14.05 ---> [I]       [ E20MACHINE ]
24.10.2016 15.14.05 ---> [I]       [ 24/10/2016 ]
24.10.2016 15.14.05 ---> [I]       [ 151449 ]
24.10.2016 15.14.05 ---> [I]       [ [20OK06] TORNIO OKUMA LB35II ]
24.10.2016 15.14.05 ---> [I]       [ MODOTTI ANDREA ]
24.10.2016 15.14.05 ---> [I]       [ 001 ]
24.10.2016 15.14.05 ---> [I]       [ 20150184 ]
24.10.2016 15.14.05 ---> [I]       [ E20150184 ]
24.10.2016 15.14.05 ---> [I]       [ ORE RULLI HSS ]
24.10.2016 15.14.05 ---> [I]       [ TORNITURA FINITURA ]
24.10.2016 15.14.05 ---> [I]       [ IL0001 ]
24.10.2016 15.14.05 ---> [I] ----------------------------------------------------------------------------------------------------
24.10.2016 15.14.05 ---> [A] Esecuzione Classe: EventsCambioLavorazioneMoResourceDialog.actionPerformed()
24.10.2016 15.14.05 ---> [A] E'stato premuto il tasto cambio lavorazione da LAV - Lavorazione a ATT - Attrezzaggio
24.10.2016 15.14.05 ---> [I] ----------------------------------------------------------------------------------------------------
24.10.2016 15.14.05 ---> [I] In esecuzione: [ Transaction.multipleDoStopWorkMachineTransactionMonoOperator() ]
24.10.2016 15.14.05 ---> [I] Inserimento record su tabella : [ F55FQ10001 ] per risorsa: [ 1000001 ]
24.10.2016 15.14.05 ---> [I] Dati: [ 20MG1 ]
24.10.2016 15.14.05 ---> [I]       [ 1000001 ]
24.10.2016 15.14.05 ---> [I]       [ 20TNFF ]
24.10.2016 15.14.05 ---> [I]       [ LAV - Lavorazione ]
24.10.2016 15.14.05 ---> [I]       [ S - Fine ]
24.10.2016 15.14.05 ---> [I]       [ 8802 ]
24.10.2016 15.14.05 ---> [I]       [ 13000 ]
24.10.2016 15.14.05 ---> [I]       [ 24/10/2016 13.15.54 ]
24.10.2016 15.14.05 ---> [I]       [ 10345 ]
24.10.2016 15.14.05 ---> [I]       [ M - Multi Ordine ]
24.10.2016 15.14.05 ---> [I]       [ ENET ]
24.10.2016 15.14.05 ---> [I]       [ EWEBJ ]
24.10.2016 15.14.05 ---> [I]       [ E20MACHINE ]
24.10.2016 15.14.05 ---> [I]       [ 24/10/2016 ]
24.10.2016 15.14.05 ---> [I]       [ 151554 ]
24.10.2016 15.14.05 ---> [I]       [ [20OK06] TORNIO OKUMA LB35II ]
24.10.2016 15.14.05 ---> [I]       [ MODOTTI ANDREA ]
24.10.2016 15.14.05 ---> [I]       [ 001 ]
24.10.2016 15.14.05 ---> [I]       [ 20150110 ]
24.10.2016 15.14.05 ---> [I]       [ E20150110 ]
24.10.2016 15.14.05 ---> [I]       [ ORE RULLI HSS ]
24.10.2016 15.14.05 ---> [I]       [ TORNITURA FINITURA ]
24.10.2016 15.14.05 ---> [I]       [ IL0001 ]
24.10.2016 15.14.05 ---> [I] ----------------------------------------------------------------------------------------------------
24.10.2016 15.14.05 ---> [I] ----------------------------------------------------------------------------------------------------
24.10.2016 15.14.05 ---> [I] In esecuzione: [ Transaction.multipleDoStopWorkMachineTransactionMonoOperator() ]
24.10.2016 15.14.05 ---> [I] Inserimento record su tabella : [ F55FQ10001 ] per risorsa: [ 1000001 ]
24.10.2016 15.14.05 ---> [I] Dati: [ 20MG1 ]
24.10.2016 15.14.05 ---> [I]       [ 1000001 ]
24.10.2016 15.14.05 ---> [I]       [ 20TNFF ]
24.10.2016 15.14.05 ---> [I]       [ LAV - Lavorazione ]
24.10.2016 15.14.05 ---> [I]       [ S - Fine ]
24.10.2016 15.14.05 ---> [I]       [ 8878 ]
24.10.2016 15.14.05 ---> [I]       [ 13000 ]
24.10.2016 15.14.05 ---> [I]       [ 24/10/2016 13.15.55 ]
24.10.2016 15.14.05 ---> [I]       [ 10345 ]
24.10.2016 15.14.05 ---> [I]       [ M - Multi Ordine ]
24.10.2016 15.14.05 ---> [I]       [ ENET ]
24.10.2016 15.14.05 ---> [I]       [ EWEBJ ]
24.10.2016 15.14.05 ---> [I]       [ E20MACHINE ]
24.10.2016 15.14.05 ---> [I]       [ 24/10/2016 ]
24.10.2016 15.14.05 ---> [I]       [ 151555 ]
24.10.2016 15.14.05 ---> [I]       [ [20OK06] TORNIO OKUMA LB35II ]
24.10.2016 15.14.05 ---> [I]       [ MODOTTI ANDREA ]
24.10.2016 15.14.05 ---> [I]       [ 001 ]
24.10.2016 15.14.05 ---> [I]       [ 20150184 ]
24.10.2016 15.14.05 ---> [I]       [ E20150184 ]
24.10.2016 15.14.05 ---> [I]       [ ORE RULLI HSS ]
24.10.2016 15.14.05 ---> [I]       [ TORNITURA FINITURA ]
24.10.2016 15.14.05 ---> [I]       [ IL0001 ]
24.10.2016 15.14.05 ---> [I] ----------------------------------------------------------------------------------------------------
24.10.2016 15.14.05 ---> [I] ----------------------------------------------------------------------------------------------------
24.10.2016 15.14.05 ---> [I] In esecuzione: [ Presence.multiDoStartSetUpMachinePresenceMonoOperator() ]
24.10.2016 15.14.05 ---> [I] Cancellazione record su tabella : [ F55FQ10002 ] per risorsa: [ 1000001 ]
24.10.2016 15.14.05 ---> [I] ----------------------------------------------------------------------------------------------------
24.10.2016 15.14.05 ---> [I] ----------------------------------------------------------------------------------------------------
24.10.2016 15.14.05 ---> [I] In esecuzione: [ Presence.multiDoStartSetUpMachinePresenceMonoOperator() ]
24.10.2016 15.14.05 ---> [I] Inserimento record su tabella : [ F55FQ10002 ] per risorsa: [ 1000001 ]
24.10.2016 15.14.05 ---> [I] Dati: [ 20MG1 ]
24.10.2016 15.14.05 ---> [I]       [ 1000001 ]
24.10.2016 15.14.05 ---> [I]       [ 2 - Ingresso ]
24.10.2016 15.14.05 ---> [I]       [ 24/10/2016 13.15.55 ]
24.10.2016 15.14.05 ---> [I]       [ 10345 ]
24.10.2016 15.14.05 ---> [I]       [ ENET ]
24.10.2016 15.14.05 ---> [I]       [ EWEBJ ]
24.10.2016 15.14.05 ---> [I]       [ E20MACHINE ]
24.10.2016 15.14.05 ---> [I]       [ 24/10/2016 ]
24.10.2016 15.14.05 ---> [I]       [ 151555 ]
24.10.2016 15.14.05 ---> [I]       [ [20OK06] TORNIO OKUMA LB35II ]
24.10.2016 15.14.05 ---> [I]       [ MODOTTI ANDREA ]
24.10.2016 15.14.05 ---> [I]       [ 001 ]
24.10.2016 15.14.05 ---> [I]       [ IL0001 ]
24.10.2016 15.14.05 ---> [I] ----------------------------------------------------------------------------------------------------
24.10.2016 15.14.05 ---> [I] ----------------------------------------------------------------------------------------------------
24.10.2016 15.14.05 ---> [I] In esecuzione: [ Presence.multiDoStartSetUpMachinePresenceMonoOperator() ]
24.10.2016 15.14.05 ---> [I] Inserimento record su tabella : [ F55FQ10002 ] per risorsa: [ 1000001 ]
24.10.2016 15.14.05 ---> [I] Dati: [ 20MG1 ]
24.10.2016 15.14.05 ---> [I]       [ 1000001 ]
24.10.2016 15.14.05 ---> [I]       [ 3 - Attrezzaggio ]
24.10.2016 15.14.05 ---> [I]       [ 20TNFF ]
24.10.2016 15.14.05 ---> [I]       [ 8802 ]
24.10.2016 15.14.05 ---> [I]       [ 13000 ]
24.10.2016 15.14.05 ---> [I]       [ 24/10/2016 13.15.55 ]
24.10.2016 15.14.05 ---> [I]       [ 10345 ]
24.10.2016 15.14.05 ---> [I]       [ ENET ]
24.10.2016 15.14.05 ---> [I]       [ EWEBJ ]
24.10.2016 15.14.05 ---> [I]       [ E20MACHINE ]
24.10.2016 15.14.05 ---> [I]       [ 24/10/2016 ]
24.10.2016 15.14.05 ---> [I]       [ 151555 ]
24.10.2016 15.14.05 ---> [I]       [ [20OK06] TORNIO OKUMA LB35II ]
24.10.2016 15.14.05 ---> [I]       [ MODOTTI ANDREA ]
24.10.2016 15.14.05 ---> [I]       [ 001 ]
24.10.2016 15.14.05 ---> [I]       [ 20150110 ]
24.10.2016 15.14.05 ---> [I]       [ E20150110 ]
24.10.2016 15.14.05 ---> [I]       [ E20150110 ]
24.10.2016 15.14.05 ---> [I]       [ TORNITURA FINITURA ]
24.10.2016 15.14.05 ---> [I]       [ IL0001 ]
24.10.2016 15.14.05 ---> [I] ----------------------------------------------------------------------------------------------------
24.10.2016 15.14.05 ---> [I] ----------------------------------------------------------------------------------------------------
24.10.2016 15.14.05 ---> [I] In esecuzione: [ Presence.multiDoStartSetUpMachinePresenceMonoOperator() ]
24.10.2016 15.14.05 ---> [I] Inserimento record su tabella : [ F55FQ10002 ] per risorsa: [ 1000001 ]
24.10.2016 15.14.05 ---> [I] Dati: [ 20MG1 ]
24.10.2016 15.14.05 ---> [I]       [ 1000001 ]
24.10.2016 15.14.05 ---> [I]       [ 3 - Attrezzaggio ]
24.10.2016 15.14.05 ---> [I]       [ 20TNFF ]
24.10.2016 15.14.05 ---> [I]       [ 8878 ]
24.10.2016 15.14.05 ---> [I]       [ 13000 ]
24.10.2016 15.14.05 ---> [I]       [ 24/10/2016 13.15.55 ]
24.10.2016 15.14.05 ---> [I]       [ 10345 ]
24.10.2016 15.14.05 ---> [I]       [ ENET ]
24.10.2016 15.14.05 ---> [I]       [ EWEBJ ]
24.10.2016 15.14.05 ---> [I]       [ E20MACHINE ]
24.10.2016 15.14.05 ---> [I]       [ 24/10/2016 ]
24.10.2016 15.14.05 ---> [I]       [ 151555 ]
24.10.2016 15.14.05 ---> [I]       [ [20OK06] TORNIO OKUMA LB35II ]
24.10.2016 15.14.05 ---> [I]       [ MODOTTI ANDREA ]
24.10.2016 15.14.05 ---> [I]       [ 001 ]
24.10.2016 15.14.05 ---> [I]       [ 20150184 ]
24.10.2016 15.14.05 ---> [I]       [ E20150184 ]
24.10.2016 15.14.05 ---> [I]       [ E20150184 ]
24.10.2016 15.14.05 ---> [I]       [ TORNITURA FINITURA ]
24.10.2016 15.14.05 ---> [I]       [ IL0001 ]
24.10.2016 15.14.05 ---> [I] ----------------------------------------------------------------------------------------------------
24.10.2016 15.14.05 ---> [I] ----------------------------------------------------------------------------------------------------
24.10.2016 15.14.05 ---> [I] In esecuzione: [ Transaction.multipleDoStartSetUpMachineTransactionMonoOperator() ]
24.10.2016 15.14.05 ---> [I] Inserimento record su tabella : [ F55FQ10001 ] per risorsa: [ 1000001 ]
24.10.2016 15.14.05 ---> [I] Dati: [ 20MG1 ]
24.10.2016 15.14.05 ---> [I]       [ 1000001 ]
24.10.2016 15.14.05 ---> [I]       [ 20TNFF ]
24.10.2016 15.14.05 ---> [I]       [ ATT - Attrezzaggio ]
24.10.2016 15.14.05 ---> [I]       [ A - Inizio ]
24.10.2016 15.14.05 ---> [I]       [ 8802 ]
24.10.2016 15.14.05 ---> [I]       [ 13000 ]
24.10.2016 15.14.05 ---> [I]       [ 24/10/2016 13.15.55 ]
24.10.2016 15.14.05 ---> [I]       [ 10345 ]
24.10.2016 15.14.05 ---> [I]       [ M - Multi Ordine ]
24.10.2016 15.14.05 ---> [I]       [ ENET ]
24.10.2016 15.14.05 ---> [I]       [ EWEBJ ]
24.10.2016 15.14.05 ---> [I]       [ E20MACHINE ]
24.10.2016 15.14.05 ---> [I]       [ 24/10/2016 ]
24.10.2016 15.14.05 ---> [I]       [ 151555 ]
24.10.2016 15.14.05 ---> [I]       [ [20OK06] TORNIO OKUMA LB35II ]
24.10.2016 15.14.05 ---> [I]       [ MODOTTI ANDREA ]
24.10.2016 15.14.05 ---> [I]       [ 001 ]
24.10.2016 15.14.05 ---> [I]       [ 20150110 ]
24.10.2016 15.14.05 ---> [I]       [ E20150110 ]
24.10.2016 15.14.05 ---> [I]       [ ORE RULLI HSS ]
24.10.2016 15.14.05 ---> [I]       [ TORNITURA FINITURA ]
24.10.2016 15.14.05 ---> [I]       [ IL0001 ]
24.10.2016 15.14.05 ---> [I] ----------------------------------------------------------------------------------------------------
24.10.2016 15.14.05 ---> [I] ----------------------------------------------------------------------------------------------------
24.10.2016 15.14.05 ---> [I] In esecuzione: [ Transaction.multipleDoStartSetUpMachineTransactionMonoOperator() ]
24.10.2016 15.14.05 ---> [I] Inserimento record su tabella : [ F55FQ10001 ] per risorsa: [ 1000001 ]
24.10.2016 15.14.05 ---> [I] Dati: [ 20MG1 ]
24.10.2016 15.14.05 ---> [I]       [ 1000001 ]
24.10.2016 15.14.05 ---> [I]       [ 20TNFF ]
24.10.2016 15.14.05 ---> [I]       [ ATT - Attrezzaggio ]
24.10.2016 15.14.05 ---> [I]       [ A - Inizio ]
24.10.2016 15.14.05 ---> [I]       [ 8878 ]
24.10.2016 15.14.05 ---> [I]       [ 13000 ]
24.10.2016 15.14.05 ---> [I]       [ 24/10/2016 13.15.56 ]
24.10.2016 15.14.05 ---> [I]       [ 10345 ]
24.10.2016 15.14.05 ---> [I]       [ M - Multi Ordine ]
24.10.2016 15.14.05 ---> [I]       [ ENET ]
24.10.2016 15.14.05 ---> [I]       [ EWEBJ ]
24.10.2016 15.14.05 ---> [I]       [ E20MACHINE ]
24.10.2016 15.14.05 ---> [I]       [ 24/10/2016 ]
24.10.2016 15.14.05 ---> [I]       [ 151556 ]
24.10.2016 15.14.05 ---> [I]       [ [20OK06] TORNIO OKUMA LB35II ]
24.10.2016 15.14.05 ---> [I]       [ MODOTTI ANDREA ]
24.10.2016 15.14.05 ---> [I]       [ 001 ]
24.10.2016 15.14.05 ---> [I]       [ 20150184 ]
24.10.2016 15.14.05 ---> [I]       [ E20150184 ]
24.10.2016 15.14.05 ---> [I]       [ ORE RULLI HSS ]
24.10.2016 15.14.05 ---> [I]       [ TORNITURA FINITURA ]
24.10.2016 15.14.05 ---> [I]       [ IL0001 ]
24.10.2016 15.14.05 ---> [I] ----------------------------------------------------------------------------------------------------
24.10.2016 15.14.05 ---> [A] Esecuzione Classe: EventsCambioLavorazioneMoResourceDialog.actionPerformed()
24.10.2016 15.14.05 ---> [A] E'stato premuto il tasto cambio lavorazione da ATT - Attrezzaggio a LAV - Lavorazione
24.10.2016 15.14.05 ---> [I] ----------------------------------------------------------------------------------------------------
24.10.2016 15.14.05 ---> [I] In esecuzione: [ Transaction.multipleDoStopSetUpMachineTransactionMonoOperator() ]
24.10.2016 15.14.05 ---> [I] Inserimento record su tabella : [ F55FQ10001 ] per risorsa: [ 1000001 ]
24.10.2016 15.14.05 ---> [I] Dati: [ 20MG1 ]
24.10.2016 15.14.05 ---> [I]       [ 1000001 ]
24.10.2016 15.14.05 ---> [I]       [ 20TNFF ]
24.10.2016 15.14.05 ---> [I]       [ ATT - Attrezzaggio ]
24.10.2016 15.14.05 ---> [I]       [ S - Fine ]
24.10.2016 15.14.05 ---> [I]       [ 8802 ]
24.10.2016 15.14.05 ---> [I]       [ 13000 ]
24.10.2016 15.14.05 ---> [I]       [ 24/10/2016 13.16.05 ]
24.10.2016 15.14.05 ---> [I]       [ 10345 ]
24.10.2016 15.14.05 ---> [I]       [ M - Multi Ordine ]
24.10.2016 15.14.05 ---> [I]       [ ENET ]
24.10.2016 15.14.05 ---> [I]       [ EWEBJ ]
24.10.2016 15.14.05 ---> [I]       [ E20MACHINE ]
24.10.2016 15.14.05 ---> [I]       [ 24/10/2016 ]
24.10.2016 15.14.05 ---> [I]       [ 151605 ]
24.10.2016 15.14.05 ---> [I]       [ [20OK06] TORNIO OKUMA LB35II ]
24.10.2016 15.14.05 ---> [I]       [ MODOTTI ANDREA ]
24.10.2016 15.14.05 ---> [I]       [ 001 ]
24.10.2016 15.14.05 ---> [I]       [ 20150110 ]
24.10.2016 15.14.05 ---> [I]       [ E20150110 ]
24.10.2016 15.14.05 ---> [I]       [ ORE RULLI HSS ]
24.10.2016 15.14.05 ---> [I]       [ TORNITURA FINITURA ]
24.10.2016 15.14.05 ---> [I]       [ IL0001 ]
24.10.2016 15.14.05 ---> [I] ----------------------------------------------------------------------------------------------------
24.10.2016 15.14.05 ---> [I] ----------------------------------------------------------------------------------------------------
24.10.2016 15.14.05 ---> [I] In esecuzione: [ Transaction.multipleDoStopSetUpMachineTransactionMonoOperator() ]
24.10.2016 15.14.05 ---> [I] Inserimento record su tabella : [ F55FQ10001 ] per risorsa: [ 1000001 ]
24.10.2016 15.14.05 ---> [I] Dati: [ 20MG1 ]
24.10.2016 15.14.05 ---> [I]       [ 1000001 ]
24.10.2016 15.14.05 ---> [I]       [ 20TNFF ]
24.10.2016 15.14.05 ---> [I]       [ ATT - Attrezzaggio ]
24.10.2016 15.14.05 ---> [I]       [ S - Fine ]
24.10.2016 15.14.05 ---> [I]       [ 8878 ]
24.10.2016 15.14.05 ---> [I]       [ 13000 ]
24.10.2016 15.14.05 ---> [I]       [ 24/10/2016 13.16.05 ]
24.10.2016 15.14.05 ---> [I]       [ 10345 ]
24.10.2016 15.14.05 ---> [I]       [ M - Multi Ordine ]
24.10.2016 15.14.05 ---> [I]       [ ENET ]
24.10.2016 15.14.05 ---> [I]       [ EWEBJ ]
24.10.2016 15.14.05 ---> [I]       [ E20MACHINE ]
24.10.2016 15.14.05 ---> [I]       [ 24/10/2016 ]
24.10.2016 15.14.05 ---> [I]       [ 151605 ]
24.10.2016 15.14.05 ---> [I]       [ [20OK06] TORNIO OKUMA LB35II ]
24.10.2016 15.14.05 ---> [I]       [ MODOTTI ANDREA ]
24.10.2016 15.14.05 ---> [I]       [ 001 ]
24.10.2016 15.14.05 ---> [I]       [ 20150184 ]
24.10.2016 15.14.05 ---> [I]       [ E20150184 ]
24.10.2016 15.14.05 ---> [I]       [ ORE RULLI HSS ]
24.10.2016 15.14.05 ---> [I]       [ TORNITURA FINITURA ]
24.10.2016 15.14.05 ---> [I]       [ IL0001 ]
24.10.2016 15.14.05 ---> [I] ----------------------------------------------------------------------------------------------------
24.10.2016 15.14.05 ---> [I] ----------------------------------------------------------------------------------------------------
24.10.2016 15.14.05 ---> [I] In esecuzione: [ Presence.multiDoStartWorkMachinePresenceMonoOperator() ]
24.10.2016 15.14.05 ---> [I] Cancellazione record su tabella : [ F55FQ10002 ] per risorsa: [ 1000001 ]
24.10.2016 15.14.05 ---> [I] ----------------------------------------------------------------------------------------------------
24.10.2016 15.14.05 ---> [I] ----------------------------------------------------------------------------------------------------
24.10.2016 15.14.05 ---> [I] In esecuzione: [ Presence.multiDoStartWorkMachinePresenceMonoOperator() ]
24.10.2016 15.14.05 ---> [I] Inserimento record su tabella : [ F55FQ10002 ] per risorsa: [ 1000001 ]
24.10.2016 15.14.05 ---> [I] Dati: [ 20MG1 ]
24.10.2016 15.14.05 ---> [I]       [ 1000001 ]
24.10.2016 15.14.05 ---> [I]       [ 2 - Ingresso ]
24.10.2016 15.14.05 ---> [I]       [ 24/10/2016 13.16.05 ]
24.10.2016 15.14.05 ---> [I]       [ 10345 ]
24.10.2016 15.14.05 ---> [I]       [ ENET ]
24.10.2016 15.14.05 ---> [I]       [ EWEBJ ]
24.10.2016 15.14.05 ---> [I]       [ E20MACHINE ]
24.10.2016 15.14.05 ---> [I]       [ 24/10/2016 ]
24.10.2016 15.14.05 ---> [I]       [ 151605 ]
24.10.2016 15.14.05 ---> [I]       [ [20OK06] TORNIO OKUMA LB35II ]
24.10.2016 15.14.05 ---> [I]       [ MODOTTI ANDREA ]
24.10.2016 15.14.05 ---> [I]       [ 001 ]
24.10.2016 15.14.05 ---> [I]       [ IL0001 ]
24.10.2016 15.14.05 ---> [I] ----------------------------------------------------------------------------------------------------
24.10.2016 15.14.05 ---> [I] ----------------------------------------------------------------------------------------------------
24.10.2016 15.14.05 ---> [I] In esecuzione: [ Presence.multiDoStartWorkMachinePresenceMonoOperator() ]
24.10.2016 15.14.05 ---> [I] Inserimento record su tabella : [ F55FQ10002 ] per risorsa: [ 1000001 ]
24.10.2016 15.14.05 ---> [I] Dati: [ 20MG1 ]
24.10.2016 15.14.05 ---> [I]       [ 1000001 ]
24.10.2016 15.14.05 ---> [I]       [ 4 - Lavorazione ]
24.10.2016 15.14.05 ---> [I]       [ 20TNFF ]
24.10.2016 15.14.05 ---> [I]       [ 8802 ]
24.10.2016 15.14.05 ---> [I]       [ 13000 ]
24.10.2016 15.14.05 ---> [I]       [ 24/10/2016 13.16.05 ]
24.10.2016 15.14.05 ---> [I]       [ 10345 ]
24.10.2016 15.14.05 ---> [I]       [ ENET ]
24.10.2016 15.14.05 ---> [I]       [ EWEBJ ]
24.10.2016 15.14.05 ---> [I]       [ E20MACHINE ]
24.10.2016 15.14.05 ---> [I]       [ 24/10/2016 ]
24.10.2016 15.14.05 ---> [I]       [ 151605 ]
24.10.2016 15.14.05 ---> [I]       [ [20OK06] TORNIO OKUMA LB35II ]
24.10.2016 15.14.05 ---> [I]       [ MODOTTI ANDREA ]
24.10.2016 15.14.05 ---> [I]       [ 001 ]
24.10.2016 15.14.05 ---> [I]       [ 20150110 ]
24.10.2016 15.14.05 ---> [I]       [ E20150110 ]
24.10.2016 15.14.05 ---> [I]       [ E20150110 ]
24.10.2016 15.14.05 ---> [I]       [ TORNITURA FINITURA ]
24.10.2016 15.14.05 ---> [I]       [ IL0001 ]
24.10.2016 15.14.05 ---> [I] ----------------------------------------------------------------------------------------------------
24.10.2016 15.14.05 ---> [I] ----------------------------------------------------------------------------------------------------
24.10.2016 15.14.05 ---> [I] In esecuzione: [ Presence.multiDoStartWorkMachinePresenceMonoOperator() ]
24.10.2016 15.14.05 ---> [I] Inserimento record su tabella : [ F55FQ10002 ] per risorsa: [ 1000001 ]
24.10.2016 15.14.05 ---> [I] Dati: [ 20MG1 ]
24.10.2016 15.14.05 ---> [I]       [ 1000001 ]
24.10.2016 15.14.05 ---> [I]       [ 4 - Lavorazione ]
24.10.2016 15.14.05 ---> [I]       [ 20TNFF ]
24.10.2016 15.14.05 ---> [I]       [ 8878 ]
24.10.2016 15.14.05 ---> [I]       [ 13000 ]
24.10.2016 15.14.05 ---> [I]       [ 24/10/2016 13.16.05 ]
24.10.2016 15.14.05 ---> [I]       [ 10345 ]
24.10.2016 15.14.05 ---> [I]       [ ENET ]
24.10.2016 15.14.05 ---> [I]       [ EWEBJ ]
24.10.2016 15.14.05 ---> [I]       [ E20MACHINE ]
24.10.2016 15.14.05 ---> [I]       [ 24/10/2016 ]
24.10.2016 15.14.05 ---> [I]       [ 151605 ]
24.10.2016 15.14.05 ---> [I]       [ [20OK06] TORNIO OKUMA LB35II ]
24.10.2016 15.14.05 ---> [I]       [ MODOTTI ANDREA ]
24.10.2016 15.14.05 ---> [I]       [ 001 ]
24.10.2016 15.14.05 ---> [I]       [ 20150184 ]
24.10.2016 15.14.05 ---> [I]       [ E20150184 ]
24.10.2016 15.14.05 ---> [I]       [ E20150184 ]
24.10.2016 15.14.05 ---> [I]       [ TORNITURA FINITURA ]
24.10.2016 15.14.05 ---> [I]       [ IL0001 ]
24.10.2016 15.14.05 ---> [I] ----------------------------------------------------------------------------------------------------
24.10.2016 15.14.05 ---> [I] ----------------------------------------------------------------------------------------------------
24.10.2016 15.14.05 ---> [I] In esecuzione: [ Transaction.multipleDoStartWorkMachineTransactionMonoOperator() ]
24.10.2016 15.14.05 ---> [I] Inserimento record su tabella : [ F55FQ10001 ] per risorsa: [ 1000001 ]
24.10.2016 15.14.05 ---> [I] Dati: [ 20MG1 ]
24.10.2016 15.14.05 ---> [I]       [ 1000001 ]
24.10.2016 15.14.05 ---> [I]       [ 20TNFF ]
24.10.2016 15.14.05 ---> [I]       [ LAV - Lavorazione ]
24.10.2016 15.14.05 ---> [I]       [ A - Inizio ]
24.10.2016 15.14.05 ---> [I]       [ 8802 ]
24.10.2016 15.14.05 ---> [I]       [ 13000 ]
24.10.2016 15.14.05 ---> [I]       [ 24/10/2016 13.16.06 ]
24.10.2016 15.14.05 ---> [I]       [ 10345 ]
24.10.2016 15.14.05 ---> [I]       [ M - Multi Ordine ]
24.10.2016 15.14.05 ---> [I]       [ ENET ]
24.10.2016 15.14.05 ---> [I]       [ EWEBJ ]
24.10.2016 15.14.05 ---> [I]       [ E20MACHINE ]
24.10.2016 15.14.05 ---> [I]       [ 24/10/2016 ]
24.10.2016 15.14.05 ---> [I]       [ 151606 ]
24.10.2016 15.14.05 ---> [I]       [ [20OK06] TORNIO OKUMA LB35II ]
24.10.2016 15.14.05 ---> [I]       [ MODOTTI ANDREA ]
24.10.2016 15.14.05 ---> [I]       [ 001 ]
24.10.2016 15.14.05 ---> [I]       [ 20150110 ]
24.10.2016 15.14.05 ---> [I]       [ E20150110 ]
24.10.2016 15.14.05 ---> [I]       [ ORE RULLI HSS ]
24.10.2016 15.14.05 ---> [I]       [ TORNITURA FINITURA ]
24.10.2016 15.14.05 ---> [I]       [ IL0001 ]
24.10.2016 15.14.05 ---> [I] ----------------------------------------------------------------------------------------------------
24.10.2016 15.14.05 ---> [I] ----------------------------------------------------------------------------------------------------
24.10.2016 15.14.05 ---> [I] In esecuzione: [ Transaction.multipleDoStartWorkMachineTransactionMonoOperator() ]
24.10.2016 15.14.05 ---> [I] Inserimento record su tabella : [ F55FQ10001 ] per risorsa: [ 1000001 ]
24.10.2016 15.14.05 ---> [I] Dati: [ 20MG1 ]
24.10.2016 15.14.05 ---> [I]       [ 1000001 ]
24.10.2016 15.14.05 ---> [I]       [ 20TNFF ]
24.10.2016 15.14.05 ---> [I]       [ LAV - Lavorazione ]
24.10.2016 15.14.05 ---> [I]       [ A - Inizio ]
24.10.2016 15.14.05 ---> [I]       [ 8878 ]
24.10.2016 15.14.05 ---> [I]       [ 13000 ]
24.10.2016 15.14.05 ---> [I]       [ 24/10/2016 13.16.06 ]
24.10.2016 15.14.05 ---> [I]       [ 10345 ]
24.10.2016 15.14.05 ---> [I]       [ M - Multi Ordine ]
24.10.2016 15.14.05 ---> [I]       [ ENET ]
24.10.2016 15.14.05 ---> [I]       [ EWEBJ ]
24.10.2016 15.14.05 ---> [I]       [ E20MACHINE ]
24.10.2016 15.14.05 ---> [I]       [ 24/10/2016 ]
24.10.2016 15.14.05 ---> [I]       [ 151606 ]
24.10.2016 15.14.05 ---> [I]       [ [20OK06] TORNIO OKUMA LB35II ]
24.10.2016 15.14.05 ---> [I]       [ MODOTTI ANDREA ]
24.10.2016 15.14.05 ---> [I]       [ 001 ]
24.10.2016 15.14.05 ---> [I]       [ 20150184 ]
24.10.2016 15.14.05 ---> [I]       [ E20150184 ]
24.10.2016 15.14.05 ---> [I]       [ ORE RULLI HSS ]
24.10.2016 15.14.05 ---> [I]       [ TORNITURA FINITURA ]
24.10.2016 15.14.05 ---> [I]       [ IL0001 ]
24.10.2016 15.14.05 ---> [I] ----------------------------------------------------------------------------------------------------
24.10.2016 15.14.05 ---> [F] ************************************************** PROGRAMMA TERMINATO **************************************************
