24.10.2016 14.34.20 ---> [S] ************************************************** PROGRAMMA AVVIATO ****************************************************
24.10.2016 14.34.20 ---> [I] Indirizzo centro di lavoro: [ 192.168.102.157/192.168.56.1 ]
24.10.2016 14.34.20 ---> [I] Nome centro di lavoro: [ IL0001 ]
24.10.2016 14.34.20 ---> [I] Descrizione centro di lavoro: [ ISAOLA PIPPO ]
24.10.2016 14.34.20 ---> [I] Ambiente: [ Test ]
24.10.2016 14.34.20 ---> [I] Modalità centro di lavoro: [ Macchina ]
24.10.2016 14.34.20 ---> [I] Abilitazione modalità multi ordine: [ 0 ]
24.10.2016 14.34.20 ---> [I] ----------------------------------------------------------------------------------------------------
24.10.2016 14.34.20 ---> [I] In esecuzione: [ Presence.doAggregationMonoOperator() ]
24.10.2016 14.34.20 ---> [I] Cancellazione record su tabella : [ F55FQ10002 ] per il centro: [ IL0001 ]
24.10.2016 14.34.20 ---> [I] ----------------------------------------------------------------------------------------------------
24.10.2016 14.34.20 ---> [I] ----------------------------------------------------------------------------------------------------
24.10.2016 14.34.20 ---> [I] In esecuzione: [ Presence.doAggregationMonoOperator() ]
24.10.2016 14.34.20 ---> [I] Inserimento record su tabella : [ F55FQ10002 ] per risorsa: [ 10345 ]
24.10.2016 14.34.20 ---> [I] Dati: [ 20MG1 ]
24.10.2016 14.34.20 ---> [I]       [ 24/10/2016 12.34.35 ]
24.10.2016 14.34.20 ---> [I]       [ 10345 ]
24.10.2016 14.34.20 ---> [I]       [ 2 - Ingresso ]
24.10.2016 14.34.20 ---> [I]       [ ENET ]
24.10.2016 14.34.20 ---> [I]       [ EWEBJ ]
24.10.2016 14.34.20 ---> [I]       [ E20MACHINE ]
24.10.2016 14.34.20 ---> [I]       [ 24/10/2016 ]
24.10.2016 14.34.20 ---> [I]       [ 143435 ]
24.10.2016 14.34.20 ---> [I]       [ MODOTTI ANDREA ]
24.10.2016 14.34.20 ---> [I]       [ IL0001 ]
24.10.2016 14.34.20 ---> [I] ----------------------------------------------------------------------------------------------------
24.10.2016 14.34.20 ---> [I] ----------------------------------------------------------------------------------------------------
24.10.2016 14.34.20 ---> [I] In esecuzione: [ Transaction.doEnterAggregationMonoOperator() ]
24.10.2016 14.34.20 ---> [I] Inserimento record su tabella : [ F55FQ10001 ] da Select su: [ F55FQ10002 ] per centro: [ IL0001 ]
24.10.2016 14.34.20 ---> [I] Dati: [ ING - Ingresso ]
24.10.2016 14.34.20 ---> [I]       [ 24/10/2016 12.34.35 ]
24.10.2016 14.34.20 ---> [I]       [ 24/10/2016 ]
24.10.2016 14.34.20 ---> [I]       [ 143435 ]
24.10.2016 14.34.20 ---> [I]       [ IL0001 ]
24.10.2016 14.34.20 ---> [I] ----------------------------------------------------------------------------------------------------
24.10.2016 14.34.20 ---> [A] Esecuzione Classe: EventsbtnOkBranchDialog.actionPerformed()
24.10.2016 14.34.20 ---> [A] Aggregazione al centro di lavoro con operatore: [ 10345 - MODOTTI ANDREA ]
24.10.2016 14.34.20 ---> [A] Aggregazione su stabilimento: [ 20MG1 ]
24.10.2016 14.34.20 ---> [A] Esecuzione Classe: EventsbtnConfermaTransazione.actionPerformed()
24.10.2016 14.34.20 ---> [A] E' stato premuto il tasto Esegui Transazione
24.10.2016 14.34.20 ---> [I] ----------------------------------------------------------------------------------------------------
24.10.2016 14.34.20 ---> [I] In esecuzione: [ Presence.doStartWorkMachinePresenceMonoOperator() ]
24.10.2016 14.34.20 ---> [I] Cancellazione record su tabella : [ F55FQ10002 ] per risorsa: [ 1000001 ]
24.10.2016 14.34.20 ---> [I] ----------------------------------------------------------------------------------------------------
