24.10.2016 14.56.32 ---> [S] ************************************************** PROGRAMMA AVVIATO ****************************************************
24.10.2016 14.56.32 ---> [I] Indirizzo centro di lavoro: [ 192.168.102.157/192.168.56.1 ]
24.10.2016 14.56.32 ---> [I] Nome centro di lavoro: [ IL0001 ]
24.10.2016 14.56.32 ---> [I] Descrizione centro di lavoro: [ ISAOLA PIPPO ]
24.10.2016 14.56.32 ---> [I] Ambiente: [ Test ]
24.10.2016 14.56.32 ---> [I] Modalità centro di lavoro: [ Macchina ]
24.10.2016 14.56.32 ---> [I] Abilitazione modalità multi ordine: [ 0 ]
24.10.2016 14.56.32 ---> [I] ----------------------------------------------------------------------------------------------------
24.10.2016 14.56.32 ---> [I] In esecuzione: [ Presence.doAggregationMonoOperator() ]
24.10.2016 14.56.32 ---> [I] Cancellazione record su tabella : [ F55FQ10002 ] per il centro: [ IL0001 ]
24.10.2016 14.56.32 ---> [I] ----------------------------------------------------------------------------------------------------
24.10.2016 14.56.32 ---> [I] ----------------------------------------------------------------------------------------------------
24.10.2016 14.56.32 ---> [I] In esecuzione: [ Presence.doAggregationMonoOperator() ]
24.10.2016 14.56.32 ---> [I] Inserimento record su tabella : [ F55FQ10002 ] per risorsa: [ 10345 ]
24.10.2016 14.56.32 ---> [I] Dati: [ 20MG1 ]
24.10.2016 14.56.32 ---> [I]       [ 24/10/2016 12.56.47 ]
24.10.2016 14.56.32 ---> [I]       [ 10345 ]
24.10.2016 14.56.32 ---> [I]       [ 2 - Ingresso ]
24.10.2016 14.56.32 ---> [I]       [ ENET ]
24.10.2016 14.56.32 ---> [I]       [ EWEBJ ]
24.10.2016 14.56.32 ---> [I]       [ E20MACHINE ]
24.10.2016 14.56.32 ---> [I]       [ 24/10/2016 ]
24.10.2016 14.56.32 ---> [I]       [ 145647 ]
24.10.2016 14.56.32 ---> [I]       [ MODOTTI ANDREA ]
24.10.2016 14.56.32 ---> [I]       [ IL0001 ]
24.10.2016 14.56.32 ---> [I] ----------------------------------------------------------------------------------------------------
24.10.2016 14.56.32 ---> [I] ----------------------------------------------------------------------------------------------------
24.10.2016 14.56.32 ---> [I] In esecuzione: [ Transaction.doEnterAggregationMonoOperator() ]
24.10.2016 14.56.32 ---> [I] Inserimento record su tabella : [ F55FQ10001 ] da Select su: [ F55FQ10002 ] per centro: [ IL0001 ]
24.10.2016 14.56.32 ---> [I] Dati: [ ING - Ingresso ]
24.10.2016 14.56.32 ---> [I]       [ 24/10/2016 12.56.47 ]
24.10.2016 14.56.32 ---> [I]       [ 24/10/2016 ]
24.10.2016 14.56.32 ---> [I]       [ 145647 ]
24.10.2016 14.56.32 ---> [I]       [ IL0001 ]
24.10.2016 14.56.32 ---> [I] ----------------------------------------------------------------------------------------------------
24.10.2016 14.56.32 ---> [A] Esecuzione Classe: EventsbtnOkBranchDialog.actionPerformed()
24.10.2016 14.56.32 ---> [A] Aggregazione al centro di lavoro con operatore: [ 10345 - MODOTTI ANDREA ]
24.10.2016 14.56.32 ---> [A] Aggregazione su stabilimento: [ 20MG1 ]
24.10.2016 14.56.32 ---> [A] Esecuzione Classe: EventsbtnConfermaTransazione.actionPerformed()
24.10.2016 14.56.32 ---> [A] E' stato premuto il tasto Esegui Transazione
24.10.2016 14.56.32 ---> [I] ----------------------------------------------------------------------------------------------------
24.10.2016 14.56.32 ---> [I] In esecuzione: [ Presence.doStartWorkMachinePresenceMonoOperator() ]
24.10.2016 14.56.32 ---> [I] Cancellazione record su tabella : [ F55FQ10002 ] per risorsa: [ 1000018 ]
24.10.2016 14.56.32 ---> [I] ----------------------------------------------------------------------------------------------------
24.10.2016 14.56.32 ---> [I] ----------------------------------------------------------------------------------------------------
24.10.2016 14.56.32 ---> [I] In esecuzione: [ Presence.doStartWorkMachinePresenceMonoOperator() ]
24.10.2016 14.56.32 ---> [I] Inserimento record su tabella : [ F55FQ10002 ] per risorsa: [ 1000018 ]
24.10.2016 14.56.32 ---> [I] Dati: [ 20MG1 ]
24.10.2016 14.56.32 ---> [I]       [ 1000018 ]
24.10.2016 14.56.32 ---> [I]       [ 2 - Ingresso ]
24.10.2016 14.56.32 ---> [I]       [ 24/10/2016 12.57.06 ]
24.10.2016 14.56.32 ---> [I]       [ 10345 ]
24.10.2016 14.56.32 ---> [I]       [ ENET ]
24.10.2016 14.56.32 ---> [I]       [ EWEBJ ]
24.10.2016 14.56.32 ---> [I]       [ E20MACHINE ]
24.10.2016 14.56.32 ---> [I]       [ 24/10/2016 12.57.06 ]
24.10.2016 14.56.32 ---> [I]       [ 145706 ]
24.10.2016 14.56.32 ---> [I]       [ [20FT05] FORTUNA TUFFO N.2 ]
24.10.2016 14.56.32 ---> [I]       [ MODOTTI ANDREA ]
24.10.2016 14.56.32 ---> [I]       [ 001 ]
24.10.2016 14.56.32 ---> [I]       [ IL0001 ]
24.10.2016 14.56.32 ---> [I] ----------------------------------------------------------------------------------------------------
24.10.2016 14.56.32 ---> [I] ----------------------------------------------------------------------------------------------------
24.10.2016 14.56.32 ---> [I] In esecuzione: [ Presence.doStartWorkMachinePresenceMonoOperator() ]
24.10.2016 14.56.32 ---> [I] Inserimento record su tabella : [ F55FQ10002 ] per risorsa: [ 1000018 ]
24.10.2016 14.56.32 ---> [I] Dati: [ 20MG1 ]
24.10.2016 14.56.32 ---> [I]       [ 1000018 ]
24.10.2016 14.56.32 ---> [I]       [ 4 - Lavorazione ]
24.10.2016 14.56.32 ---> [I]       [ 20TNFF ]
24.10.2016 14.56.32 ---> [I]       [ 8802 ]
24.10.2016 14.56.32 ---> [I]       [ 13000 ]
24.10.2016 14.56.32 ---> [I]       [ 24/10/2016 12.57.06 ]
24.10.2016 14.56.32 ---> [I]       [ 10345 ]
24.10.2016 14.56.32 ---> [I]       [ ENET ]
24.10.2016 14.56.32 ---> [I]       [ EWEBJ ]
24.10.2016 14.56.32 ---> [I]       [ E20MACHINE ]
24.10.2016 14.56.32 ---> [I]       [ 24/10/2016 12.57.06 ]
24.10.2016 14.56.32 ---> [I]       [ 145706 ]
24.10.2016 14.56.32 ---> [I]       [ [20FT05] FORTUNA TUFFO N.2 ]
24.10.2016 14.56.32 ---> [I]       [ MODOTTI ANDREA ]
24.10.2016 14.56.32 ---> [I]       [ 001 ]
24.10.2016 14.56.32 ---> [I]       [ 20150110 ]
24.10.2016 14.56.32 ---> [I]       [ E20150110 ]
24.10.2016 14.56.32 ---> [I]       [ E20150110 ]
24.10.2016 14.56.32 ---> [I]       [ TORNITURA FINITURA ]
24.10.2016 14.56.32 ---> [I]       [ IL0001 ]
24.10.2016 14.56.32 ---> [I] ----------------------------------------------------------------------------------------------------
24.10.2016 14.56.32 ---> [I] ----------------------------------------------------------------------------------------------------
24.10.2016 14.56.32 ---> [I] In esecuzione: [ Transaction.doStartWorkMachineTransactionMonoOperator() ]
24.10.2016 14.56.32 ---> [I] Inserimento record su tabella : [ F55FQ10001 ] per risorsa: [ 1000018 ]
24.10.2016 14.56.32 ---> [I] Dati: [ 20MG1 ]
24.10.2016 14.56.32 ---> [I]       [ 1000018 ]
24.10.2016 14.56.32 ---> [I]       [ 20TNFF ]
24.10.2016 14.56.32 ---> [I]       [ LAV - Lavorazione ]
24.10.2016 14.56.32 ---> [I]       [ A - Inizio ]
24.10.2016 14.56.32 ---> [I]       [ 8802 ]
24.10.2016 14.56.32 ---> [I]       [ 13000 ]
24.10.2016 14.56.32 ---> [I]       [ 24/10/2016 12.57.06 ]
24.10.2016 14.56.32 ---> [I]       [ 10345 ]
24.10.2016 14.56.32 ---> [I]       [ ENET ]
24.10.2016 14.56.32 ---> [I]       [ EWEBJ ]
24.10.2016 14.56.32 ---> [I]       [ E20MACHINE ]
24.10.2016 14.56.32 ---> [I]       [ 24/10/2016 12.57.06 ]
24.10.2016 14.56.32 ---> [I]       [ 145706 ]
24.10.2016 14.56.32 ---> [I]       [ [20FT05] FORTUNA TUFFO N.2 ]
24.10.2016 14.56.32 ---> [I]       [ MODOTTI ANDREA ]
24.10.2016 14.56.32 ---> [I]       [ 001 ]
24.10.2016 14.56.32 ---> [I]       [ 20150110 ]
24.10.2016 14.56.32 ---> [I]       [ E20150110 ]
24.10.2016 14.56.32 ---> [I]       [ ORE RULLI HSS ]
24.10.2016 14.56.32 ---> [I]       [ TORNITURA FINITURA ]
24.10.2016 14.56.32 ---> [I]       [ IL0001 ]
24.10.2016 14.56.32 ---> [I] ----------------------------------------------------------------------------------------------------
24.10.2016 14.56.32 ---> [A] Esecuzione Classe: EventsbtnConfermaTransazione.actionPerformed()
24.10.2016 14.56.32 ---> [A] E' stato premuto il tasto Esegui Transazione
24.10.2016 14.56.32 ---> [A] Esecuzione Classe: EventsbtnConfermaTransazione.actionPerformed()
24.10.2016 14.56.32 ---> [A] E' stato premuto il tasto Esegui Transazione
24.10.2016 14.56.32 ---> [A] Esecuzione Classe: EventsbtnConfermaTransazione.actionPerformed()
24.10.2016 14.56.32 ---> [A] E' stato premuto il tasto Esegui Transazione
24.10.2016 14.56.32 ---> [I] ----------------------------------------------------------------------------------------------------
24.10.2016 14.56.32 ---> [I] In esecuzione: [ Transaction.doStopWorkMachineTransactionMonoOperator() ]
24.10.2016 14.56.32 ---> [I] Inserimento record su tabella : [ F55FQ10001 ] per risorsa: [ 1000018 ]
24.10.2016 14.56.32 ---> [I] Dati: [ 20MG1 ]
24.10.2016 14.56.32 ---> [I]       [ 1000018 ]
24.10.2016 14.56.32 ---> [I]       [ 20TNFF ]
24.10.2016 14.56.32 ---> [I]       [ LAV - Lavorazione ]
24.10.2016 14.56.32 ---> [I]       [ S - Fine ]
24.10.2016 14.56.32 ---> [I]       [ 8802 ]
24.10.2016 14.56.32 ---> [I]       [ 13000 ]
24.10.2016 14.56.32 ---> [I]       [ 24/10/2016 12.57.47 ]
24.10.2016 14.56.32 ---> [I]       [ 10345 ]
24.10.2016 14.56.32 ---> [I]       [ ENET ]
24.10.2016 14.56.32 ---> [I]       [ EWEBJ ]
24.10.2016 14.56.32 ---> [I]       [ E20MACHINE ]
24.10.2016 14.56.32 ---> [I]       [ 24/10/2016 12.57.47 ]
24.10.2016 14.56.32 ---> [I]       [ 145747 ]
24.10.2016 14.56.32 ---> [I]       [ [20FT05] FORTUNA TUFFO N.2 ]
24.10.2016 14.56.32 ---> [I]       [ MODOTTI ANDREA ]
24.10.2016 14.56.32 ---> [I]       [ 001 ]
24.10.2016 14.56.32 ---> [I]       [ 20150110 ]
24.10.2016 14.56.32 ---> [I]       [ E20150110 ]
24.10.2016 14.56.32 ---> [I]       [ ORE RULLI HSS ]
24.10.2016 14.56.32 ---> [I]       [ TORNITURA FINITURA ]
24.10.2016 14.56.32 ---> [I]       [ IL0001 ]
24.10.2016 14.56.32 ---> [I] ----------------------------------------------------------------------------------------------------
24.10.2016 14.56.32 ---> [I] ----------------------------------------------------------------------------------------------------
24.10.2016 14.56.32 ---> [I] In esecuzione: [ Presence.doStartSetUpMachinePresenceMonoOperator() ]
24.10.2016 14.56.32 ---> [I] Cancellazione record su tabella : [ F55FQ10002 ] per risorsa: [ 1000018 ]
24.10.2016 14.56.32 ---> [I] ----------------------------------------------------------------------------------------------------
24.10.2016 14.56.32 ---> [I] ----------------------------------------------------------------------------------------------------
24.10.2016 14.56.32 ---> [I] In esecuzione: [ Presence.doStartSetUpMachinePresenceMonoOperator() ]
24.10.2016 14.56.32 ---> [I] Inserimento record su tabella : [ F55FQ10002 ] per risorsa: [ 1000018 ]
24.10.2016 14.56.32 ---> [I] Dati: [ 20MG1 ]
24.10.2016 14.56.32 ---> [I]       [ 1000018 ]
24.10.2016 14.56.32 ---> [I]       [ 2 - Ingresso ]
24.10.2016 14.56.32 ---> [I]       [ 24/10/2016 12.57.47 ]
24.10.2016 14.56.32 ---> [I]       [ 10345 ]
24.10.2016 14.56.32 ---> [I]       [ ENET ]
24.10.2016 14.56.32 ---> [I]       [ EWEBJ ]
24.10.2016 14.56.32 ---> [I]       [ E20MACHINE ]
24.10.2016 14.56.32 ---> [I]       [ 24/10/2016 12.57.47 ]
24.10.2016 14.56.32 ---> [I]       [ 145747 ]
24.10.2016 14.56.32 ---> [I]       [ [20FT05] FORTUNA TUFFO N.2 ]
24.10.2016 14.56.32 ---> [I]       [ MODOTTI ANDREA ]
24.10.2016 14.56.32 ---> [I]       [ 001 ]
24.10.2016 14.56.32 ---> [I]       [ IL0001 ]
24.10.2016 14.56.32 ---> [I] ----------------------------------------------------------------------------------------------------
24.10.2016 14.56.32 ---> [I] ----------------------------------------------------------------------------------------------------
24.10.2016 14.56.32 ---> [I] In esecuzione: [ Presence.doStartSetUpMachinePresenceMonoOperator() ]
24.10.2016 14.56.32 ---> [I] Inserimento record su tabella : [ F55FQ10002 ] per risorsa: [ 1000018 ]
24.10.2016 14.56.32 ---> [I] Dati: [ 20MG1 ]
24.10.2016 14.56.32 ---> [I]       [ 1000018 ]
24.10.2016 14.56.32 ---> [I]       [ 3 - Attrezzaggio ]
24.10.2016 14.56.32 ---> [I]       [ 20TNFF ]
24.10.2016 14.56.32 ---> [I]       [ 8802 ]
24.10.2016 14.56.32 ---> [I]       [ 13000 ]
24.10.2016 14.56.32 ---> [I]       [ 24/10/2016 12.57.47 ]
24.10.2016 14.56.32 ---> [I]       [ 10345 ]
24.10.2016 14.56.32 ---> [I]       [ ENET ]
24.10.2016 14.56.32 ---> [I]       [ EWEBJ ]
24.10.2016 14.56.32 ---> [I]       [ E20MACHINE ]
24.10.2016 14.56.32 ---> [I]       [ 24/10/2016 12.57.47 ]
24.10.2016 14.56.32 ---> [I]       [ 145747 ]
24.10.2016 14.56.32 ---> [I]       [ [20FT05] FORTUNA TUFFO N.2 ]
24.10.2016 14.56.32 ---> [I]       [ MODOTTI ANDREA ]
24.10.2016 14.56.32 ---> [I]       [ 001 ]
24.10.2016 14.56.32 ---> [I]       [ 20150110 ]
24.10.2016 14.56.32 ---> [I]       [ E20150110 ]
24.10.2016 14.56.32 ---> [I]       [ E20150110 ]
24.10.2016 14.56.32 ---> [I]       [ TORNITURA FINITURA ]
24.10.2016 14.56.32 ---> [I]       [ IL0001 ]
24.10.2016 14.56.32 ---> [I] ----------------------------------------------------------------------------------------------------
24.10.2016 14.56.32 ---> [I] ----------------------------------------------------------------------------------------------------
24.10.2016 14.56.32 ---> [I] In esecuzione: [ Transaction.doStartSetUpMachineTransactionMonoOperator() ]
24.10.2016 14.56.32 ---> [I] Inserimento record su tabella : [ F55FQ10001 ] per risorsa: [ 1000018 ]
24.10.2016 14.56.32 ---> [I] Dati: [ 20MG1 ]
24.10.2016 14.56.32 ---> [I]       [ 1000018 ]
24.10.2016 14.56.32 ---> [I]       [ 20TNFF ]
24.10.2016 14.56.32 ---> [I]       [ ATT - Attrezzaggio ]
24.10.2016 14.56.32 ---> [I]       [ A - Inizio ]
24.10.2016 14.56.32 ---> [I]       [ 8802 ]
24.10.2016 14.56.32 ---> [I]       [ 13000 ]
24.10.2016 14.56.32 ---> [I]       [ 24/10/2016 12.57.47 ]
24.10.2016 14.56.32 ---> [I]       [ 10345 ]
24.10.2016 14.56.32 ---> [I]       [ ENET ]
24.10.2016 14.56.32 ---> [I]       [ EWEBJ ]
24.10.2016 14.56.32 ---> [I]       [ E20MACHINE ]
24.10.2016 14.56.32 ---> [I]       [ 24/10/2016 12.57.47 ]
24.10.2016 14.56.32 ---> [I]       [ 145747 ]
24.10.2016 14.56.32 ---> [I]       [ [20FT05] FORTUNA TUFFO N.2 ]
24.10.2016 14.56.32 ---> [I]       [ MODOTTI ANDREA ]
24.10.2016 14.56.32 ---> [I]       [ 001 ]
24.10.2016 14.56.32 ---> [I]       [ 20150110 ]
24.10.2016 14.56.32 ---> [I]       [ E20150110 ]
24.10.2016 14.56.32 ---> [I]       [ ORE RULLI HSS ]
24.10.2016 14.56.32 ---> [I]       [ TORNITURA FINITURA ]
24.10.2016 14.56.32 ---> [I]       [ IL0001 ]
24.10.2016 14.56.32 ---> [I] ----------------------------------------------------------------------------------------------------
24.10.2016 14.56.32 ---> [A] Esecuzione Classe: EventsbtnConfermaTransazione.actionPerformed()
24.10.2016 14.56.32 ---> [A] E' stato premuto il tasto Esegui Transazione
24.10.2016 14.56.32 ---> [A] Esecuzione Classe: EventsbtnConfermaTransazione.actionPerformed()
24.10.2016 14.56.32 ---> [A] E' stato premuto il tasto Esegui Transazione
24.10.2016 14.56.32 ---> [I] ----------------------------------------------------------------------------------------------------
24.10.2016 14.56.32 ---> [I] In esecuzione: [ Transaction.doStopSetUpMachineTransactionMonoOperator() ]
24.10.2016 14.56.32 ---> [I] Inserimento record su tabella : [ F55FQ10001 ] per risorsa: [ 1000018 ]
24.10.2016 14.56.32 ---> [I] Dati: [ 20MG1 ]
24.10.2016 14.56.32 ---> [I]       [ 1000018 ]
24.10.2016 14.56.32 ---> [I]       [ 20TNFF ]
24.10.2016 14.56.32 ---> [I]       [ ATT - Attrezzaggio ]
24.10.2016 14.56.32 ---> [I]       [ S - Fine ]
24.10.2016 14.56.32 ---> [I]       [ 8802 ]
24.10.2016 14.56.32 ---> [I]       [ 13000 ]
24.10.2016 14.56.32 ---> [I]       [ 24/10/2016 12.58.21 ]
24.10.2016 14.56.32 ---> [I]       [ 10345 ]
24.10.2016 14.56.32 ---> [I]       [ ENET ]
24.10.2016 14.56.32 ---> [I]       [ EWEBJ ]
24.10.2016 14.56.32 ---> [I]       [ E20MACHINE ]
24.10.2016 14.56.32 ---> [I]       [ 24/10/2016 12.58.21 ]
24.10.2016 14.56.32 ---> [I]       [ 145821 ]
24.10.2016 14.56.32 ---> [I]       [ [20FT05] FORTUNA TUFFO N.2 ]
24.10.2016 14.56.32 ---> [I]       [ MODOTTI ANDREA ]
24.10.2016 14.56.32 ---> [I]       [ 001 ]
24.10.2016 14.56.32 ---> [I]       [ 20150110 ]
24.10.2016 14.56.32 ---> [I]       [ E20150110 ]
24.10.2016 14.56.32 ---> [I]       [ ORE RULLI HSS ]
24.10.2016 14.56.32 ---> [I]       [ TORNITURA FINITURA ]
24.10.2016 14.56.32 ---> [I]       [ IL0001 ]
24.10.2016 14.56.32 ---> [I] ----------------------------------------------------------------------------------------------------
24.10.2016 14.56.32 ---> [I] ----------------------------------------------------------------------------------------------------
24.10.2016 14.56.32 ---> [I] In esecuzione: [ Presence.doStartWorkMachinePresenceMonoOperator() ]
24.10.2016 14.56.32 ---> [I] Cancellazione record su tabella : [ F55FQ10002 ] per risorsa: [ 1000018 ]
24.10.2016 14.56.32 ---> [I] ----------------------------------------------------------------------------------------------------
24.10.2016 14.56.32 ---> [I] ----------------------------------------------------------------------------------------------------
24.10.2016 14.56.32 ---> [I] In esecuzione: [ Presence.doStartWorkMachinePresenceMonoOperator() ]
24.10.2016 14.56.32 ---> [I] Inserimento record su tabella : [ F55FQ10002 ] per risorsa: [ 1000018 ]
24.10.2016 14.56.32 ---> [I] Dati: [ 20MG1 ]
24.10.2016 14.56.32 ---> [I]       [ 1000018 ]
24.10.2016 14.56.32 ---> [I]       [ 2 - Ingresso ]
24.10.2016 14.56.32 ---> [I]       [ 24/10/2016 12.58.21 ]
24.10.2016 14.56.32 ---> [I]       [ 10345 ]
24.10.2016 14.56.32 ---> [I]       [ ENET ]
24.10.2016 14.56.32 ---> [I]       [ EWEBJ ]
24.10.2016 14.56.32 ---> [I]       [ E20MACHINE ]
24.10.2016 14.56.32 ---> [I]       [ 24/10/2016 12.58.21 ]
24.10.2016 14.56.32 ---> [I]       [ 145821 ]
24.10.2016 14.56.32 ---> [I]       [ [20FT05] FORTUNA TUFFO N.2 ]
24.10.2016 14.56.32 ---> [I]       [ MODOTTI ANDREA ]
24.10.2016 14.56.32 ---> [I]       [ 001 ]
24.10.2016 14.56.32 ---> [I]       [ IL0001 ]
24.10.2016 14.56.32 ---> [I] ----------------------------------------------------------------------------------------------------
24.10.2016 14.56.32 ---> [I] ----------------------------------------------------------------------------------------------------
24.10.2016 14.56.32 ---> [I] In esecuzione: [ Presence.doStartWorkMachinePresenceMonoOperator() ]
24.10.2016 14.56.32 ---> [I] Inserimento record su tabella : [ F55FQ10002 ] per risorsa: [ 1000018 ]
24.10.2016 14.56.32 ---> [I] Dati: [ 20MG1 ]
24.10.2016 14.56.32 ---> [I]       [ 1000018 ]
24.10.2016 14.56.32 ---> [I]       [ 4 - Lavorazione ]
24.10.2016 14.56.32 ---> [I]       [ 20TNFF ]
24.10.2016 14.56.32 ---> [I]       [ 8802 ]
24.10.2016 14.56.32 ---> [I]       [ 13000 ]
24.10.2016 14.56.32 ---> [I]       [ 24/10/2016 12.58.21 ]
24.10.2016 14.56.32 ---> [I]       [ 10345 ]
24.10.2016 14.56.32 ---> [I]       [ ENET ]
24.10.2016 14.56.32 ---> [I]       [ EWEBJ ]
24.10.2016 14.56.32 ---> [I]       [ E20MACHINE ]
24.10.2016 14.56.32 ---> [I]       [ 24/10/2016 12.58.21 ]
24.10.2016 14.56.32 ---> [I]       [ 145821 ]
24.10.2016 14.56.32 ---> [I]       [ [20FT05] FORTUNA TUFFO N.2 ]
24.10.2016 14.56.32 ---> [I]       [ MODOTTI ANDREA ]
24.10.2016 14.56.32 ---> [I]       [ 001 ]
24.10.2016 14.56.32 ---> [I]       [ 20150110 ]
24.10.2016 14.56.32 ---> [I]       [ E20150110 ]
24.10.2016 14.56.32 ---> [I]       [ E20150110 ]
24.10.2016 14.56.32 ---> [I]       [ TORNITURA FINITURA ]
24.10.2016 14.56.32 ---> [I]       [ IL0001 ]
24.10.2016 14.56.32 ---> [I] ----------------------------------------------------------------------------------------------------
24.10.2016 14.56.32 ---> [I] ----------------------------------------------------------------------------------------------------
24.10.2016 14.56.32 ---> [I] In esecuzione: [ Transaction.doStartWorkMachineTransactionMonoOperator() ]
24.10.2016 14.56.32 ---> [I] Inserimento record su tabella : [ F55FQ10001 ] per risorsa: [ 1000018 ]
24.10.2016 14.56.32 ---> [I] Dati: [ 20MG1 ]
24.10.2016 14.56.32 ---> [I]       [ 1000018 ]
24.10.2016 14.56.32 ---> [I]       [ 20TNFF ]
24.10.2016 14.56.32 ---> [I]       [ LAV - Lavorazione ]
24.10.2016 14.56.32 ---> [I]       [ A - Inizio ]
24.10.2016 14.56.32 ---> [I]       [ 8802 ]
24.10.2016 14.56.32 ---> [I]       [ 13000 ]
24.10.2016 14.56.32 ---> [I]       [ 24/10/2016 12.58.21 ]
24.10.2016 14.56.32 ---> [I]       [ 10345 ]
24.10.2016 14.56.32 ---> [I]       [ ENET ]
24.10.2016 14.56.32 ---> [I]       [ EWEBJ ]
24.10.2016 14.56.32 ---> [I]       [ E20MACHINE ]
24.10.2016 14.56.32 ---> [I]       [ 24/10/2016 12.58.21 ]
24.10.2016 14.56.32 ---> [I]       [ 145821 ]
24.10.2016 14.56.32 ---> [I]       [ [20FT05] FORTUNA TUFFO N.2 ]
24.10.2016 14.56.32 ---> [I]       [ MODOTTI ANDREA ]
24.10.2016 14.56.32 ---> [I]       [ 001 ]
24.10.2016 14.56.32 ---> [I]       [ 20150110 ]
24.10.2016 14.56.32 ---> [I]       [ E20150110 ]
24.10.2016 14.56.32 ---> [I]       [ ORE RULLI HSS ]
24.10.2016 14.56.32 ---> [I]       [ TORNITURA FINITURA ]
24.10.2016 14.56.32 ---> [I]       [ IL0001 ]
24.10.2016 14.56.32 ---> [I] ----------------------------------------------------------------------------------------------------
24.10.2016 14.56.32 ---> [A] Esecuzione Classe: EventsCambioLavorazioneResourceDialog.actionPerformed()
24.10.2016 14.56.32 ---> [A] E'stato premuto il tasto cambio lavorazione da LAV - Lavorazione a ATT - Attrezzaggio
24.10.2016 14.56.32 ---> [I] ----------------------------------------------------------------------------------------------------
24.10.2016 14.56.32 ---> [I] In esecuzione: [ Transaction.doStopWorkMachineTransactionMonoOperator() ]
24.10.2016 14.56.32 ---> [I] Inserimento record su tabella : [ F55FQ10001 ] per risorsa: [ 1000018 ]
24.10.2016 14.56.32 ---> [I] Dati: [ 20MG1 ]
24.10.2016 14.56.32 ---> [I]       [ 1000018 ]
24.10.2016 14.56.32 ---> [I]       [ 20TNFF ]
24.10.2016 14.56.32 ---> [I]       [ LAV - Lavorazione ]
24.10.2016 14.56.32 ---> [I]       [ S - Fine ]
24.10.2016 14.56.32 ---> [I]       [ 8802 ]
24.10.2016 14.56.32 ---> [I]       [ 13000 ]
24.10.2016 14.56.32 ---> [I]       [ 24/10/2016 12.58.33 ]
24.10.2016 14.56.32 ---> [I]       [ 10345 ]
24.10.2016 14.56.32 ---> [I]       [ ENET ]
24.10.2016 14.56.32 ---> [I]       [ EWEBJ ]
24.10.2016 14.56.32 ---> [I]       [ E20MACHINE ]
24.10.2016 14.56.32 ---> [I]       [ 24/10/2016 12.58.33 ]
24.10.2016 14.56.32 ---> [I]       [ 145833 ]
24.10.2016 14.56.32 ---> [I]       [ [20FT05] FORTUNA TUFFO N.2 ]
24.10.2016 14.56.32 ---> [I]       [ MODOTTI ANDREA ]
24.10.2016 14.56.32 ---> [I]       [ 001 ]
24.10.2016 14.56.32 ---> [I]       [ 20150110 ]
24.10.2016 14.56.32 ---> [I]       [ E20150110 ]
24.10.2016 14.56.32 ---> [I]       [ ORE RULLI HSS ]
24.10.2016 14.56.32 ---> [I]       [ TORNITURA FINITURA ]
24.10.2016 14.56.32 ---> [I]       [ IL0001 ]
24.10.2016 14.56.32 ---> [I] ----------------------------------------------------------------------------------------------------
24.10.2016 14.56.32 ---> [I] ----------------------------------------------------------------------------------------------------
24.10.2016 14.56.32 ---> [I] In esecuzione: [ Presence.doStartSetUpMachinePresenceMonoOperator() ]
24.10.2016 14.56.32 ---> [I] Cancellazione record su tabella : [ F55FQ10002 ] per risorsa: [ 1000018 ]
24.10.2016 14.56.32 ---> [I] ----------------------------------------------------------------------------------------------------
24.10.2016 14.56.32 ---> [I] ----------------------------------------------------------------------------------------------------
24.10.2016 14.56.32 ---> [I] In esecuzione: [ Presence.doStartSetUpMachinePresenceMonoOperator() ]
24.10.2016 14.56.32 ---> [I] Inserimento record su tabella : [ F55FQ10002 ] per risorsa: [ 1000018 ]
24.10.2016 14.56.32 ---> [I] Dati: [ 20MG1 ]
24.10.2016 14.56.32 ---> [I]       [ 1000018 ]
24.10.2016 14.56.32 ---> [I]       [ 2 - Ingresso ]
24.10.2016 14.56.32 ---> [I]       [ 24/10/2016 12.58.34 ]
24.10.2016 14.56.32 ---> [I]       [ 10345 ]
24.10.2016 14.56.32 ---> [I]       [ ENET ]
24.10.2016 14.56.32 ---> [I]       [ EWEBJ ]
24.10.2016 14.56.32 ---> [I]       [ E20MACHINE ]
24.10.2016 14.56.32 ---> [I]       [ 24/10/2016 12.58.34 ]
24.10.2016 14.56.32 ---> [I]       [ 145834 ]
24.10.2016 14.56.32 ---> [I]       [ [20FT05] FORTUNA TUFFO N.2 ]
24.10.2016 14.56.32 ---> [I]       [ MODOTTI ANDREA ]
24.10.2016 14.56.32 ---> [I]       [ 001 ]
24.10.2016 14.56.32 ---> [I]       [ IL0001 ]
24.10.2016 14.56.32 ---> [I] ----------------------------------------------------------------------------------------------------
24.10.2016 14.56.32 ---> [I] ----------------------------------------------------------------------------------------------------
24.10.2016 14.56.32 ---> [I] In esecuzione: [ Presence.doStartSetUpMachinePresenceMonoOperator() ]
24.10.2016 14.56.32 ---> [I] Inserimento record su tabella : [ F55FQ10002 ] per risorsa: [ 1000018 ]
24.10.2016 14.56.32 ---> [I] Dati: [ 20MG1 ]
24.10.2016 14.56.32 ---> [I]       [ 1000018 ]
24.10.2016 14.56.32 ---> [I]       [ 3 - Attrezzaggio ]
24.10.2016 14.56.32 ---> [I]       [ 20TNFF ]
24.10.2016 14.56.32 ---> [I]       [ 8802 ]
24.10.2016 14.56.32 ---> [I]       [ 13000 ]
24.10.2016 14.56.32 ---> [I]       [ 24/10/2016 12.58.34 ]
24.10.2016 14.56.32 ---> [I]       [ 10345 ]
24.10.2016 14.56.32 ---> [I]       [ ENET ]
24.10.2016 14.56.32 ---> [I]       [ EWEBJ ]
24.10.2016 14.56.32 ---> [I]       [ E20MACHINE ]
24.10.2016 14.56.32 ---> [I]       [ 24/10/2016 12.58.34 ]
24.10.2016 14.56.32 ---> [I]       [ 145834 ]
24.10.2016 14.56.32 ---> [I]       [ [20FT05] FORTUNA TUFFO N.2 ]
24.10.2016 14.56.32 ---> [I]       [ MODOTTI ANDREA ]
24.10.2016 14.56.32 ---> [I]       [ 001 ]
24.10.2016 14.56.32 ---> [I]       [ 20150110 ]
24.10.2016 14.56.32 ---> [I]       [ E20150110 ]
24.10.2016 14.56.32 ---> [I]       [ E20150110 ]
24.10.2016 14.56.32 ---> [I]       [ TORNITURA FINITURA ]
24.10.2016 14.56.32 ---> [I]       [ IL0001 ]
24.10.2016 14.56.32 ---> [I] ----------------------------------------------------------------------------------------------------
24.10.2016 14.56.32 ---> [I] ----------------------------------------------------------------------------------------------------
24.10.2016 14.56.32 ---> [I] In esecuzione: [ Transaction.doStartSetUpMachineTransactionMonoOperator() ]
24.10.2016 14.56.32 ---> [I] Inserimento record su tabella : [ F55FQ10001 ] per risorsa: [ 1000018 ]
24.10.2016 14.56.32 ---> [I] Dati: [ 20MG1 ]
24.10.2016 14.56.32 ---> [I]       [ 1000018 ]
24.10.2016 14.56.32 ---> [I]       [ 20TNFF ]
24.10.2016 14.56.32 ---> [I]       [ ATT - Attrezzaggio ]
24.10.2016 14.56.32 ---> [I]       [ A - Inizio ]
24.10.2016 14.56.32 ---> [I]       [ 8802 ]
24.10.2016 14.56.32 ---> [I]       [ 13000 ]
24.10.2016 14.56.32 ---> [I]       [ 24/10/2016 12.58.34 ]
24.10.2016 14.56.32 ---> [I]       [ 10345 ]
24.10.2016 14.56.32 ---> [I]       [ ENET ]
24.10.2016 14.56.32 ---> [I]       [ EWEBJ ]
24.10.2016 14.56.32 ---> [I]       [ E20MACHINE ]
24.10.2016 14.56.32 ---> [I]       [ 24/10/2016 12.58.34 ]
24.10.2016 14.56.32 ---> [I]       [ 145834 ]
24.10.2016 14.56.32 ---> [I]       [ [20FT05] FORTUNA TUFFO N.2 ]
24.10.2016 14.56.32 ---> [I]       [ MODOTTI ANDREA ]
24.10.2016 14.56.32 ---> [I]       [ 001 ]
24.10.2016 14.56.32 ---> [I]       [ 20150110 ]
24.10.2016 14.56.32 ---> [I]       [ E20150110 ]
24.10.2016 14.56.32 ---> [I]       [ ORE RULLI HSS ]
24.10.2016 14.56.32 ---> [I]       [ TORNITURA FINITURA ]
24.10.2016 14.56.32 ---> [I]       [ IL0001 ]
24.10.2016 14.56.32 ---> [I] ----------------------------------------------------------------------------------------------------
24.10.2016 14.56.32 ---> [A] Esecuzione Classe: EventsbtnDisaggregazione.actionPerformed()
24.10.2016 14.56.32 ---> [A] Disaggregazione dal centro di lavoro con operatore: [ 10345 - MODOTTI ANDREA ]
24.10.2016 14.56.32 ---> [I] ----------------------------------------------------------------------------------------------------
24.10.2016 14.56.32 ---> [I] In esecuzione: [ Transaction.StopAllTransactrionsBeforeDisaggregationMonoOperator() ]
24.10.2016 14.56.32 ---> [I] Inserimento record su tabella : [ F55FQ10001 ] da Select su: [ F55FQ10001 ] per Id transazone: [ 2879 ]
24.10.2016 14.56.32 ---> [I] Dati: [ S - Fine ]
24.10.2016 14.56.32 ---> [I]       [ 24/10/2016 12.58.39 ]
24.10.2016 14.56.32 ---> [I]       [ 24/10/2016 ]
24.10.2016 14.56.32 ---> [I]       [ 145839 ]
24.10.2016 14.56.32 ---> [I]       [ 1 - Sospensione Transazione ] 
24.10.2016 14.56.32 ---> [I]       [ 2879 ]
24.10.2016 14.56.32 ---> [I] ----------------------------------------------------------------------------------------------------
24.10.2016 14.56.32 ---> [I] ----------------------------------------------------------------------------------------------------
24.10.2016 14.56.32 ---> [I] In esecuzione: [ Transaction.StopAllTransactrionsBeforeDisaggregationMonoOperator() ]
24.10.2016 14.56.32 ---> [I] Inserimento record su tabella : [ F55FQ10001 ] da Select su: [ F55FQ10002 ] per centro: [ IL0001 ]
24.10.2016 14.56.32 ---> [I] Dati: [ USC - Uscita ]
24.10.2016 14.56.32 ---> [I]       [ 24/10/2016 12.58.39 ]
24.10.2016 14.56.32 ---> [I]       [ 24/10/2016 ]
24.10.2016 14.56.32 ---> [I]       [ 145839 ]
24.10.2016 14.56.32 ---> [I]       [ IL0001 ]
24.10.2016 14.56.32 ---> [I] ----------------------------------------------------------------------------------------------------
24.10.2016 14.56.32 ---> [I] ----------------------------------------------------------------------------------------------------
24.10.2016 14.56.32 ---> [I] In esecuzione: [ Presence.doDisaggregationAfterStopAllTransactonsMonoOperator() ]
24.10.2016 14.56.32 ---> [I] Aggiornamento record su tabella : [ F55FQ10002 ] per centro: [ IL0001 ]
24.10.2016 14.56.32 ---> [I] Dati: [ 24/10/2016 12.58.39 ]
24.10.2016 14.56.32 ---> [I]       [ IL0001 ]
24.10.2016 14.56.32 ---> [I] ----------------------------------------------------------------------------------------------------
24.10.2016 14.56.32 ---> [I] ----------------------------------------------------------------------------------------------------
24.10.2016 14.56.32 ---> [I] In esecuzione: [ Presence.doDisaggregationAfterStopAllTransactonsMonoOperator() ]
24.10.2016 14.56.32 ---> [I] Aggiornamento record su tabella : [ F55FQ10002 ] per centro: [ IL0001 ]
24.10.2016 14.56.32 ---> [I] Dati: [ 5 - Sospensione ]
24.10.2016 14.56.32 ---> [I]       [ IL0001 ]
24.10.2016 14.56.32 ---> [I] ----------------------------------------------------------------------------------------------------
24.10.2016 14.56.32 ---> [A] Esecuzione Classe: EventsbtnAggregazione.actionPerformed()
24.10.2016 14.56.32 ---> [A] Aggregazione al centro di lavoro con operatore: [ 10160 - DE PRATO FABRIZIO ]
24.10.2016 14.56.32 ---> [I] ----------------------------------------------------------------------------------------------------
24.10.2016 14.56.32 ---> [I] In esecuzione: [ Presence.doAggregationAfterStopAllTransactonsMonoOperator() ]
24.10.2016 14.56.32 ---> [I] Aggiornamento record su tabella : [ F55FQ10002 ] per centro: [ IL0001 ]
24.10.2016 14.56.32 ---> [I] Dati: [ 24/10/2016 12.58.46 ]
24.10.2016 14.56.32 ---> [I]       [ 10160 ]
24.10.2016 14.56.32 ---> [I]       [ DE PRATO FABRIZIO ]
24.10.2016 14.56.32 ---> [I]       [ IL0001 ]
24.10.2016 14.56.32 ---> [I] ----------------------------------------------------------------------------------------------------
24.10.2016 14.56.32 ---> [I] ----------------------------------------------------------------------------------------------------
24.10.2016 14.56.32 ---> [I] In esecuzione: [ Presence.doAggregationAfterStopAllTransactonsMonoOperator() ]
24.10.2016 14.56.32 ---> [I] Aggiornamento record su tabella : [ F55FQ10002 ] per risorsa: [ 10160 ]
24.10.2016 14.56.32 ---> [I] Dati: [ 0 - Eliminazione Sospensione ]
24.10.2016 14.56.32 ---> [I]       [ IL0001 ]
24.10.2016 14.56.32 ---> [I] ----------------------------------------------------------------------------------------------------
24.10.2016 14.56.32 ---> [I] ----------------------------------------------------------------------------------------------------
24.10.2016 14.56.32 ---> [I] In esecuzione: [ Transaction.StartAllSuspendedTransactrionsBeforeAggregationMonoOperator() ]
24.10.2016 14.56.32 ---> [I] Inserimento record su tabella : [ F55FQ10001 ] da Select su: [ F55FQ10002 ] per centro: [ IL0001 ]
24.10.2016 14.56.32 ---> [I] Dati: [ ING - Ingresso ]
24.10.2016 14.56.32 ---> [I]       [ 24/10/2016 12.58.46 ]
24.10.2016 14.56.32 ---> [I]       [ 24/10/2016 ]
24.10.2016 14.56.32 ---> [I]       [ 145846 ]
24.10.2016 14.56.32 ---> [I]       [ IL0001 ]
24.10.2016 14.56.32 ---> [I] ----------------------------------------------------------------------------------------------------
24.10.2016 14.56.32 ---> [I] ----------------------------------------------------------------------------------------------------
24.10.2016 14.56.32 ---> [I] In esecuzione: [ Transaction.StartAllSuspendedTransactrionsBeforeAggregationMonoOperator() ]
24.10.2016 14.56.32 ---> [I] Inserimento record su tabella : [ F55FQ10001 ] da Select su: [ F55FQ10001 ] per centro: [ IL0001 ]
24.10.2016 14.56.32 ---> [I] Dati: [ A - Inizio ]
24.10.2016 14.56.32 ---> [I]       [ 24/10/2016 12.58.46 ]
24.10.2016 14.56.32 ---> [I]       [ 24/10/2016 ]
24.10.2016 14.56.32 ---> [I]       [ 145846 ]
24.10.2016 14.56.32 ---> [I]       [ 0 - Eliminazione Sospensione ]
24.10.2016 14.56.32 ---> [I]       [ IL0001 ]
24.10.2016 14.56.32 ---> [I] ----------------------------------------------------------------------------------------------------
24.10.2016 14.56.32 ---> [I] ----------------------------------------------------------------------------------------------------
24.10.2016 14.56.32 ---> [I] In esecuzione: [ Transaction.StartAllSuspendedTransactrionsBeforeAggregationMonoOperator() ]
24.10.2016 14.56.32 ---> [I] Inserimento record su tabella : [ F55FQ10001 ] per centro: [ IL0001 ]
24.10.2016 14.56.32 ---> [I] Dati: [ 0 - Eliminazione Sospensione ]
24.10.2016 14.56.32 ---> [I]       [ IL0001 ]
24.10.2016 14.56.32 ---> [I] ----------------------------------------------------------------------------------------------------
24.10.2016 14.56.32 ---> [A] Esecuzione Classe: EventsCambioLavorazioneResourceDialog.actionPerformed()
24.10.2016 14.56.32 ---> [A] E'stato premuto il tasto cambio lavorazione da ATT - Attrezzaggio a LAV - Lavorazione
24.10.2016 14.56.32 ---> [I] ----------------------------------------------------------------------------------------------------
24.10.2016 14.56.32 ---> [I] In esecuzione: [ Transaction.doStopSetUpMachineTransactionMonoOperator() ]
24.10.2016 14.56.32 ---> [I] Inserimento record su tabella : [ F55FQ10001 ] per risorsa: [ 1000018 ]
24.10.2016 14.56.32 ---> [I] Dati: [ 20MG1 ]
24.10.2016 14.56.32 ---> [I]       [ 1000018 ]
24.10.2016 14.56.32 ---> [I]       [ 20TNFF ]
24.10.2016 14.56.32 ---> [I]       [ ATT - Attrezzaggio ]
24.10.2016 14.56.32 ---> [I]       [ S - Fine ]
24.10.2016 14.56.32 ---> [I]       [ 8802 ]
24.10.2016 14.56.32 ---> [I]       [ 13000 ]
24.10.2016 14.56.32 ---> [I]       [ 24/10/2016 12.59.24 ]
24.10.2016 14.56.32 ---> [I]       [ 10160 ]
24.10.2016 14.56.32 ---> [I]       [ ENET ]
24.10.2016 14.56.32 ---> [I]       [ EWEBJ ]
24.10.2016 14.56.32 ---> [I]       [ E20MACHINE ]
24.10.2016 14.56.32 ---> [I]       [ 24/10/2016 12.59.24 ]
24.10.2016 14.56.32 ---> [I]       [ 145924 ]
24.10.2016 14.56.32 ---> [I]       [ [20FT05] FORTUNA TUFFO N.2 ]
24.10.2016 14.56.32 ---> [I]       [ DE PRATO FABRIZIO ]
24.10.2016 14.56.32 ---> [I]       [ 001 ]
24.10.2016 14.56.32 ---> [I]       [ 20150110 ]
24.10.2016 14.56.32 ---> [I]       [ E20150110 ]
24.10.2016 14.56.32 ---> [I]       [ ORE RULLI HSS ]
24.10.2016 14.56.32 ---> [I]       [ TORNITURA FINITURA ]
24.10.2016 14.56.32 ---> [I]       [ IL0001 ]
24.10.2016 14.56.32 ---> [I] ----------------------------------------------------------------------------------------------------
24.10.2016 14.56.32 ---> [I] ----------------------------------------------------------------------------------------------------
24.10.2016 14.56.32 ---> [I] In esecuzione: [ Presence.doStartWorkMachinePresenceMonoOperator() ]
24.10.2016 14.56.32 ---> [I] Cancellazione record su tabella : [ F55FQ10002 ] per risorsa: [ 1000018 ]
24.10.2016 14.56.32 ---> [I] ----------------------------------------------------------------------------------------------------
24.10.2016 14.56.32 ---> [I] ----------------------------------------------------------------------------------------------------
24.10.2016 14.56.32 ---> [I] In esecuzione: [ Presence.doStartWorkMachinePresenceMonoOperator() ]
24.10.2016 14.56.32 ---> [I] Inserimento record su tabella : [ F55FQ10002 ] per risorsa: [ 1000018 ]
24.10.2016 14.56.32 ---> [I] Dati: [ 20MG1 ]
24.10.2016 14.56.32 ---> [I]       [ 1000018 ]
24.10.2016 14.56.32 ---> [I]       [ 2 - Ingresso ]
24.10.2016 14.56.32 ---> [I]       [ 24/10/2016 12.59.25 ]
24.10.2016 14.56.32 ---> [I]       [ 10160 ]
24.10.2016 14.56.32 ---> [I]       [ ENET ]
24.10.2016 14.56.32 ---> [I]       [ EWEBJ ]
24.10.2016 14.56.32 ---> [I]       [ E20MACHINE ]
24.10.2016 14.56.32 ---> [I]       [ 24/10/2016 12.59.25 ]
24.10.2016 14.56.32 ---> [I]       [ 145925 ]
24.10.2016 14.56.32 ---> [I]       [ [20FT05] FORTUNA TUFFO N.2 ]
24.10.2016 14.56.32 ---> [I]       [ DE PRATO FABRIZIO ]
24.10.2016 14.56.32 ---> [I]       [ 001 ]
24.10.2016 14.56.32 ---> [I]       [ IL0001 ]
24.10.2016 14.56.32 ---> [I] ----------------------------------------------------------------------------------------------------
24.10.2016 14.56.32 ---> [I] ----------------------------------------------------------------------------------------------------
24.10.2016 14.56.32 ---> [I] In esecuzione: [ Presence.doStartWorkMachinePresenceMonoOperator() ]
24.10.2016 14.56.32 ---> [I] Inserimento record su tabella : [ F55FQ10002 ] per risorsa: [ 1000018 ]
24.10.2016 14.56.32 ---> [I] Dati: [ 20MG1 ]
24.10.2016 14.56.32 ---> [I]       [ 1000018 ]
24.10.2016 14.56.32 ---> [I]       [ 4 - Lavorazione ]
24.10.2016 14.56.32 ---> [I]       [ 20TNFF ]
24.10.2016 14.56.32 ---> [I]       [ 8802 ]
24.10.2016 14.56.32 ---> [I]       [ 13000 ]
24.10.2016 14.56.32 ---> [I]       [ 24/10/2016 12.59.25 ]
24.10.2016 14.56.32 ---> [I]       [ 10160 ]
24.10.2016 14.56.32 ---> [I]       [ ENET ]
24.10.2016 14.56.32 ---> [I]       [ EWEBJ ]
24.10.2016 14.56.32 ---> [I]       [ E20MACHINE ]
24.10.2016 14.56.32 ---> [I]       [ 24/10/2016 12.59.25 ]
24.10.2016 14.56.32 ---> [I]       [ 145925 ]
24.10.2016 14.56.32 ---> [I]       [ [20FT05] FORTUNA TUFFO N.2 ]
24.10.2016 14.56.32 ---> [I]       [ DE PRATO FABRIZIO ]
24.10.2016 14.56.32 ---> [I]       [ 001 ]
24.10.2016 14.56.32 ---> [I]       [ 20150110 ]
24.10.2016 14.56.32 ---> [I]       [ E20150110 ]
24.10.2016 14.56.32 ---> [I]       [ E20150110 ]
24.10.2016 14.56.32 ---> [I]       [ TORNITURA FINITURA ]
24.10.2016 14.56.32 ---> [I]       [ IL0001 ]
24.10.2016 14.56.32 ---> [I] ----------------------------------------------------------------------------------------------------
24.10.2016 14.56.32 ---> [I] ----------------------------------------------------------------------------------------------------
24.10.2016 14.56.32 ---> [I] In esecuzione: [ Transaction.doStartWorkMachineTransactionMonoOperator() ]
24.10.2016 14.56.32 ---> [I] Inserimento record su tabella : [ F55FQ10001 ] per risorsa: [ 1000018 ]
24.10.2016 14.56.32 ---> [I] Dati: [ 20MG1 ]
24.10.2016 14.56.32 ---> [I]       [ 1000018 ]
24.10.2016 14.56.32 ---> [I]       [ 20TNFF ]
24.10.2016 14.56.32 ---> [I]       [ LAV - Lavorazione ]
24.10.2016 14.56.32 ---> [I]       [ A - Inizio ]
24.10.2016 14.56.32 ---> [I]       [ 8802 ]
24.10.2016 14.56.32 ---> [I]       [ 13000 ]
24.10.2016 14.56.32 ---> [I]       [ 24/10/2016 12.59.25 ]
24.10.2016 14.56.32 ---> [I]       [ 10160 ]
24.10.2016 14.56.32 ---> [I]       [ ENET ]
24.10.2016 14.56.32 ---> [I]       [ EWEBJ ]
24.10.2016 14.56.32 ---> [I]       [ E20MACHINE ]
24.10.2016 14.56.32 ---> [I]       [ 24/10/2016 12.59.25 ]
24.10.2016 14.56.32 ---> [I]       [ 145925 ]
24.10.2016 14.56.32 ---> [I]       [ [20FT05] FORTUNA TUFFO N.2 ]
24.10.2016 14.56.32 ---> [I]       [ DE PRATO FABRIZIO ]
24.10.2016 14.56.32 ---> [I]       [ 001 ]
24.10.2016 14.56.32 ---> [I]       [ 20150110 ]
24.10.2016 14.56.32 ---> [I]       [ E20150110 ]
24.10.2016 14.56.32 ---> [I]       [ ORE RULLI HSS ]
24.10.2016 14.56.32 ---> [I]       [ TORNITURA FINITURA ]
24.10.2016 14.56.32 ---> [I]       [ IL0001 ]
24.10.2016 14.56.32 ---> [I] ----------------------------------------------------------------------------------------------------
24.10.2016 14.56.32 ---> [A] Esecuzione Classe: EventsbtnConfermaTransazione.actionPerformed()
24.10.2016 14.56.32 ---> [A] E' stato premuto il tasto Esegui Transazione
24.10.2016 14.56.32 ---> [I] ----------------------------------------------------------------------------------------------------
24.10.2016 14.56.32 ---> [I] In esecuzione: [ Transaction.doStopWorkMachineTransactionMonoOperator() ]
24.10.2016 14.56.32 ---> [I] Inserimento record su tabella : [ F55FQ10001 ] per risorsa: [ 1000018 ]
24.10.2016 14.56.32 ---> [I] Dati: [ 20MG1 ]
24.10.2016 14.56.32 ---> [I]       [ 1000018 ]
24.10.2016 14.56.32 ---> [I]       [ 20TNFF ]
24.10.2016 14.56.32 ---> [I]       [ LAV - Lavorazione ]
24.10.2016 14.56.32 ---> [I]       [ S - Fine ]
24.10.2016 14.56.32 ---> [I]       [ 8802 ]
24.10.2016 14.56.32 ---> [I]       [ 13000 ]
24.10.2016 14.56.32 ---> [I]       [ 24/10/2016 12.59.42 ]
24.10.2016 14.56.32 ---> [I]       [ 10160 ]
24.10.2016 14.56.32 ---> [I]       [ ENET ]
24.10.2016 14.56.32 ---> [I]       [ EWEBJ ]
24.10.2016 14.56.32 ---> [I]       [ E20MACHINE ]
24.10.2016 14.56.32 ---> [I]       [ 24/10/2016 12.59.42 ]
24.10.2016 14.56.32 ---> [I]       [ 145942 ]
24.10.2016 14.56.32 ---> [I]       [ [20FT05] FORTUNA TUFFO N.2 ]
24.10.2016 14.56.32 ---> [I]       [ DE PRATO FABRIZIO ]
24.10.2016 14.56.32 ---> [I]       [ 001 ]
24.10.2016 14.56.32 ---> [I]       [ 20150110 ]
24.10.2016 14.56.32 ---> [I]       [ E20150110 ]
24.10.2016 14.56.32 ---> [I]       [ ORE RULLI HSS ]
24.10.2016 14.56.32 ---> [I]       [ TORNITURA FINITURA ]
24.10.2016 14.56.32 ---> [I]       [ IL0001 ]
24.10.2016 14.56.32 ---> [I] ----------------------------------------------------------------------------------------------------
24.10.2016 14.56.32 ---> [I] ----------------------------------------------------------------------------------------------------
24.10.2016 14.56.32 ---> [I] In esecuzione: [ Presence.doStopWorkMachinePresenceMonoOperator() ]
24.10.2016 14.56.32 ---> [I] Cancellazione record su tabella : [ F55FQ10002 ] per risorsa: [ 1000018 ]
24.10.2016 14.56.32 ---> [I] ----------------------------------------------------------------------------------------------------
24.10.2016 14.56.32 ---> [I] ----------------------------------------------------------------------------------------------------
24.10.2016 14.56.32 ---> [I] In esecuzione: [ Presence.doStopWorkMachinePresenceMonoOperator() ]
24.10.2016 14.56.32 ---> [I] Inserimento record su tabella : [ F55FQ10002 ] per risorsa: [ 1000018 ]
24.10.2016 14.56.32 ---> [I] Dati: [ 20MG1 ]
24.10.2016 14.56.32 ---> [I]       [ 1000018 ]
24.10.2016 14.56.32 ---> [I]       [ 2 - Ingresso ]
24.10.2016 14.56.32 ---> [I]       [ 24/10/2016 12.59.42 ]
24.10.2016 14.56.32 ---> [I]       [ 10160 ]
24.10.2016 14.56.32 ---> [I]       [ ENET ]
24.10.2016 14.56.32 ---> [I]       [ EWEBJ ]
24.10.2016 14.56.32 ---> [I]       [ E20MACHINE ]
24.10.2016 14.56.32 ---> [I]       [ 24/10/2016 12.59.42 ]
24.10.2016 14.56.32 ---> [I]       [ 145942 ]
24.10.2016 14.56.32 ---> [I]       [ [20FT05] FORTUNA TUFFO N.2 ]
24.10.2016 14.56.32 ---> [I]       [ DE PRATO FABRIZIO ]
24.10.2016 14.56.32 ---> [I]       [ 001 ]
24.10.2016 14.56.32 ---> [I]       [ IL0001 ]
24.10.2016 14.56.32 ---> [I] ----------------------------------------------------------------------------------------------------
24.10.2016 14.56.32 ---> [A] Esecuzione Classe: EventsbtnConfermaTransazione.actionPerformed()
24.10.2016 14.56.32 ---> [A] E' stato premuto il tasto Esegui Transazione
24.10.2016 14.56.32 ---> [I] ----------------------------------------------------------------------------------------------------
24.10.2016 14.56.32 ---> [I] In esecuzione: [ Presence.doStartSetUpMachinePresenceMonoOperator() ]
24.10.2016 14.56.32 ---> [I] Cancellazione record su tabella : [ F55FQ10002 ] per risorsa: [ 1000001 ]
24.10.2016 14.56.32 ---> [I] ----------------------------------------------------------------------------------------------------
24.10.2016 14.56.32 ---> [I] ----------------------------------------------------------------------------------------------------
24.10.2016 14.56.32 ---> [I] In esecuzione: [ Presence.doStartSetUpMachinePresenceMonoOperator() ]
24.10.2016 14.56.32 ---> [I] Inserimento record su tabella : [ F55FQ10002 ] per risorsa: [ 1000001 ]
24.10.2016 14.56.32 ---> [I] Dati: [ 20MG1 ]
24.10.2016 14.56.32 ---> [I]       [ 1000001 ]
24.10.2016 14.56.32 ---> [I]       [ 2 - Ingresso ]
24.10.2016 14.56.32 ---> [I]       [ 24/10/2016 13.02.02 ]
24.10.2016 14.56.32 ---> [I]       [ 10160 ]
24.10.2016 14.56.32 ---> [I]       [ ENET ]
24.10.2016 14.56.32 ---> [I]       [ EWEBJ ]
24.10.2016 14.56.32 ---> [I]       [ E20MACHINE ]
24.10.2016 14.56.32 ---> [I]       [ 24/10/2016 13.02.02 ]
24.10.2016 14.56.32 ---> [I]       [ 150202 ]
24.10.2016 14.56.32 ---> [I]       [ [20OK06] TORNIO OKUMA LB35II ]
24.10.2016 14.56.32 ---> [I]       [ DE PRATO FABRIZIO ]
24.10.2016 14.56.32 ---> [I]       [ 001 ]
24.10.2016 14.56.32 ---> [I]       [ IL0001 ]
24.10.2016 14.56.32 ---> [I] ----------------------------------------------------------------------------------------------------
24.10.2016 14.56.32 ---> [I] ----------------------------------------------------------------------------------------------------
24.10.2016 14.56.32 ---> [I] In esecuzione: [ Presence.doStartSetUpMachinePresenceMonoOperator() ]
24.10.2016 14.56.32 ---> [I] Inserimento record su tabella : [ F55FQ10002 ] per risorsa: [ 1000001 ]
24.10.2016 14.56.32 ---> [I] Dati: [ 20MG1 ]
24.10.2016 14.56.32 ---> [I]       [ 1000001 ]
24.10.2016 14.56.32 ---> [I]       [ 3 - Attrezzaggio ]
24.10.2016 14.56.32 ---> [I]       [ 20TNFF ]
24.10.2016 14.56.32 ---> [I]       [ 8802 ]
24.10.2016 14.56.32 ---> [I]       [ 13000 ]
24.10.2016 14.56.32 ---> [I]       [ 24/10/2016 13.02.02 ]
24.10.2016 14.56.32 ---> [I]       [ 10160 ]
24.10.2016 14.56.32 ---> [I]       [ ENET ]
24.10.2016 14.56.32 ---> [I]       [ EWEBJ ]
24.10.2016 14.56.32 ---> [I]       [ E20MACHINE ]
24.10.2016 14.56.32 ---> [I]       [ 24/10/2016 13.02.02 ]
24.10.2016 14.56.32 ---> [I]       [ 150202 ]
24.10.2016 14.56.32 ---> [I]       [ [20OK06] TORNIO OKUMA LB35II ]
24.10.2016 14.56.32 ---> [I]       [ DE PRATO FABRIZIO ]
24.10.2016 14.56.32 ---> [I]       [ 001 ]
24.10.2016 14.56.32 ---> [I]       [ 20150110 ]
24.10.2016 14.56.32 ---> [I]       [ E20150110 ]
24.10.2016 14.56.32 ---> [I]       [ E20150110 ]
24.10.2016 14.56.32 ---> [I]       [ TORNITURA FINITURA ]
24.10.2016 14.56.32 ---> [I]       [ IL0001 ]
24.10.2016 14.56.32 ---> [I] ----------------------------------------------------------------------------------------------------
24.10.2016 14.56.32 ---> [I] ----------------------------------------------------------------------------------------------------
24.10.2016 14.56.32 ---> [I] In esecuzione: [ Transaction.doStartSetUpMachineTransactionMonoOperator() ]
24.10.2016 14.56.32 ---> [I] Inserimento record su tabella : [ F55FQ10001 ] per risorsa: [ 1000001 ]
24.10.2016 14.56.32 ---> [I] Dati: [ 20MG1 ]
24.10.2016 14.56.32 ---> [I]       [ 1000001 ]
24.10.2016 14.56.32 ---> [I]       [ 20TNFF ]
24.10.2016 14.56.32 ---> [I]       [ ATT - Attrezzaggio ]
24.10.2016 14.56.32 ---> [I]       [ A - Inizio ]
24.10.2016 14.56.32 ---> [I]       [ 8802 ]
24.10.2016 14.56.32 ---> [I]       [ 13000 ]
24.10.2016 14.56.32 ---> [I]       [ 24/10/2016 13.02.02 ]
24.10.2016 14.56.32 ---> [I]       [ 10160 ]
24.10.2016 14.56.32 ---> [I]       [ ENET ]
24.10.2016 14.56.32 ---> [I]       [ EWEBJ ]
24.10.2016 14.56.32 ---> [I]       [ E20MACHINE ]
24.10.2016 14.56.32 ---> [I]       [ 24/10/2016 13.02.02 ]
24.10.2016 14.56.32 ---> [I]       [ 150202 ]
24.10.2016 14.56.32 ---> [I]       [ [20OK06] TORNIO OKUMA LB35II ]
24.10.2016 14.56.32 ---> [I]       [ DE PRATO FABRIZIO ]
24.10.2016 14.56.32 ---> [I]       [ 001 ]
24.10.2016 14.56.32 ---> [I]       [ 20150110 ]
24.10.2016 14.56.32 ---> [I]       [ E20150110 ]
24.10.2016 14.56.32 ---> [I]       [ ORE RULLI HSS ]
24.10.2016 14.56.32 ---> [I]       [ TORNITURA FINITURA ]
24.10.2016 14.56.32 ---> [I]       [ IL0001 ]
24.10.2016 14.56.32 ---> [I] ----------------------------------------------------------------------------------------------------
24.10.2016 14.56.32 ---> [A] Esecuzione Classe: EventsFineLavorazioneResourceDialog.actionPerformed()
24.10.2016 14.56.32 ---> [A] E'stato premuto il tasto fine lavorazione quando la macchina era in ATT - Attrezzaggio
24.10.2016 14.56.32 ---> [I] ----------------------------------------------------------------------------------------------------
24.10.2016 14.56.32 ---> [I] In esecuzione: [ Transaction.doStopSetUpMachineTransactionMonoOperator() ]
24.10.2016 14.56.32 ---> [I] Inserimento record su tabella : [ F55FQ10001 ] per risorsa: [ 1000001 ]
24.10.2016 14.56.32 ---> [I] Dati: [ 20MG1 ]
24.10.2016 14.56.32 ---> [I]       [ 1000001 ]
24.10.2016 14.56.32 ---> [I]       [ 20TNFF ]
24.10.2016 14.56.32 ---> [I]       [ ATT - Attrezzaggio ]
24.10.2016 14.56.32 ---> [I]       [ S - Fine ]
24.10.2016 14.56.32 ---> [I]       [ 8802 ]
24.10.2016 14.56.32 ---> [I]       [ 13000 ]
24.10.2016 14.56.32 ---> [I]       [ 24/10/2016 13.02.15 ]
24.10.2016 14.56.32 ---> [I]       [ 10160 ]
24.10.2016 14.56.32 ---> [I]       [ ENET ]
24.10.2016 14.56.32 ---> [I]       [ EWEBJ ]
24.10.2016 14.56.32 ---> [I]       [ E20MACHINE ]
24.10.2016 14.56.32 ---> [I]       [ 24/10/2016 13.02.15 ]
24.10.2016 14.56.32 ---> [I]       [ 150215 ]
24.10.2016 14.56.32 ---> [I]       [ [20OK06] TORNIO OKUMA LB35II ]
24.10.2016 14.56.32 ---> [I]       [ DE PRATO FABRIZIO ]
24.10.2016 14.56.32 ---> [I]       [ 001 ]
24.10.2016 14.56.32 ---> [I]       [ 20150110 ]
24.10.2016 14.56.32 ---> [I]       [ E20150110 ]
24.10.2016 14.56.32 ---> [I]       [ ORE RULLI HSS ]
24.10.2016 14.56.32 ---> [I]       [ TORNITURA FINITURA ]
24.10.2016 14.56.32 ---> [I]       [ IL0001 ]
24.10.2016 14.56.32 ---> [I] ----------------------------------------------------------------------------------------------------
24.10.2016 14.56.32 ---> [I] ----------------------------------------------------------------------------------------------------
24.10.2016 14.56.32 ---> [I] In esecuzione: [ Presence.doStopSetUpMachinePresenceMonoOperator() ]
24.10.2016 14.56.32 ---> [I] Cancellazione record su tabella : [ F55FQ10002 ] per risorsa: [ 1000001 ]
24.10.2016 14.56.32 ---> [I] ----------------------------------------------------------------------------------------------------
24.10.2016 14.56.32 ---> [I] ----------------------------------------------------------------------------------------------------
24.10.2016 14.56.32 ---> [I] In esecuzione: [ Presence.doStopSetUpMachinePresenceMonoOperator() ]
24.10.2016 14.56.32 ---> [I] Inserimento record su tabella : [ F55FQ10002 ] per risorsa: [ 1000001 ]
24.10.2016 14.56.32 ---> [I] Dati: [ 20MG1 ]
24.10.2016 14.56.32 ---> [I]       [ 1000001 ]
24.10.2016 14.56.32 ---> [I]       [ 2 - Ingresso ]
24.10.2016 14.56.32 ---> [I]       [ 24/10/2016 13.02.15 ]
24.10.2016 14.56.32 ---> [I]       [ 10160 ]
24.10.2016 14.56.32 ---> [I]       [ ENET ]
24.10.2016 14.56.32 ---> [I]       [ EWEBJ ]
24.10.2016 14.56.32 ---> [I]       [ E20MACHINE ]
24.10.2016 14.56.32 ---> [I]       [ 24/10/2016 13.02.15 ]
24.10.2016 14.56.32 ---> [I]       [ 150215 ]
24.10.2016 14.56.32 ---> [I]       [ [20OK06] TORNIO OKUMA LB35II ]
24.10.2016 14.56.32 ---> [I]       [ DE PRATO FABRIZIO ]
24.10.2016 14.56.32 ---> [I]       [ 001 ]
24.10.2016 14.56.32 ---> [I]       [ IL0001 ]
24.10.2016 14.56.32 ---> [I] ----------------------------------------------------------------------------------------------------
24.10.2016 14.56.32 ---> [A] Esecuzione Classe: EventsbtnDisaggregazione.actionPerformed()
24.10.2016 14.56.32 ---> [A] Disaggregazione dal centro di lavoro con operatore: [ 10160 - DE PRATO FABRIZIO ]
24.10.2016 14.56.32 ---> [I] ----------------------------------------------------------------------------------------------------
24.10.2016 14.56.32 ---> [I] In esecuzione: [ Transaction.doExitDisaggregationMonoOperator() ]
24.10.2016 14.56.32 ---> [I] Inserimento record su tabella : [ F55FQ10001 ] per risorsa: [ 10160 ]
24.10.2016 14.56.32 ---> [I] Dati: [ USC - Uscita ]
24.10.2016 14.56.32 ---> [I]       [ 24/10/2016 13.02.20 ]
24.10.2016 14.56.32 ---> [I]       [ 24/10/2016 ]
24.10.2016 14.56.32 ---> [I]       [ 150220 ]
24.10.2016 14.56.32 ---> [I]       [ IL0001 ]
24.10.2016 14.56.32 ---> [I] ----------------------------------------------------------------------------------------------------
24.10.2016 14.56.32 ---> [I] ----------------------------------------------------------------------------------------------------
24.10.2016 14.56.32 ---> [I] In esecuzione: [ Presence.doDisaggregationMonoOperator() ]
24.10.2016 14.56.32 ---> [I] Aggiornamento record su tabella : [ F55FQ10002 ] per centro: [ IL0001 ]
24.10.2016 14.56.32 ---> [I] Dati: [ IL0001 ]
24.10.2016 14.56.32 ---> [I] ----------------------------------------------------------------------------------------------------
24.10.2016 14.56.32 ---> [I] ----------------------------------------------------------------------------------------------------
24.10.2016 14.56.32 ---> [I] In esecuzione: [ Presence.doDisaggregationMonoOperator() ]
24.10.2016 14.56.32 ---> [I] Aggiornamento record su tabella : [ F55FQ10002 ] per centro: [ IL0001 ]
24.10.2016 14.56.32 ---> [I] Dati: [ 1 - Uscita ]
24.10.2016 14.56.32 ---> [I]       [ 24/10/2016 13.02.20 ]
24.10.2016 14.56.32 ---> [I]       [ 24/10/2016 ]
24.10.2016 14.56.32 ---> [I]       [ 150220 ]
24.10.2016 14.56.32 ---> [I]       [ IL0001 ]
24.10.2016 14.56.32 ---> [I] ----------------------------------------------------------------------------------------------------
24.10.2016 14.56.32 ---> [F] ************************************************** PROGRAMMA TERMINATO **************************************************
