24.10.2016 15.37.33 ---> [S] ************************************************** PROGRAMMA AVVIATO ****************************************************
24.10.2016 15.37.33 ---> [I] Indirizzo centro di lavoro: [ 192.168.102.157/192.168.56.1 ]
24.10.2016 15.37.33 ---> [I] Nome centro di lavoro: [ IL0001 ]
24.10.2016 15.37.33 ---> [I] Descrizione centro di lavoro: [ ISAOLA PIPPO ]
24.10.2016 15.37.33 ---> [I] Ambiente: [ Test ]
24.10.2016 15.37.33 ---> [I] Modalità centro di lavoro: [ Macchina ]
24.10.2016 15.37.33 ---> [I] Abilitazione modalità multi ordine: [ 1 ]
24.10.2016 15.37.33 ---> [I] Operatore aggregato al centro di lavoro: [ 10345 ]
24.10.2016 15.37.33 ---> [A] Esecuzione Classe: EventsbtnDisaggregazione.actionPerformed()
24.10.2016 15.37.33 ---> [A] Disaggregazione dal centro di lavoro con operatore: [ 10345 - MODOTTI ANDREA ]
24.10.2016 15.37.33 ---> [I] ----------------------------------------------------------------------------------------------------
24.10.2016 15.37.33 ---> [I] In esecuzione: [ Transaction.StopAllTransactrionsBeforeDisaggregationMonoOperator() ]
24.10.2016 15.37.33 ---> [I] Inserimento record su tabella : [ F55FQ10001 ] da Select su: [ F55FQ10001 ] per Id transazone: [ 2909 ]
24.10.2016 15.37.33 ---> [I] Dati: [ S - Fine ]
24.10.2016 15.37.33 ---> [I]       [ 24/10/2016 13.37.54 ]
24.10.2016 15.37.33 ---> [I]       [ 24/10/2016 ]
24.10.2016 15.37.33 ---> [I]       [ 153754 ]
24.10.2016 15.37.33 ---> [I]       [ 1 - Sospensione Transazione ] 
24.10.2016 15.37.33 ---> [I]       [ 2909 ]
24.10.2016 15.37.33 ---> [I] ----------------------------------------------------------------------------------------------------
24.10.2016 15.37.33 ---> [I] ----------------------------------------------------------------------------------------------------
24.10.2016 15.37.33 ---> [I] In esecuzione: [ Transaction.StopAllTransactrionsBeforeDisaggregationMonoOperator() ]
24.10.2016 15.37.33 ---> [I] Inserimento record su tabella : [ F55FQ10001 ] da Select su: [ F55FQ10001 ] per Id transazone: [ 2908 ]
24.10.2016 15.37.33 ---> [I] Dati: [ S - Fine ]
24.10.2016 15.37.33 ---> [I]       [ 24/10/2016 13.37.54 ]
24.10.2016 15.37.33 ---> [I]       [ 24/10/2016 ]
24.10.2016 15.37.33 ---> [I]       [ 153754 ]
24.10.2016 15.37.33 ---> [I]       [ 1 - Sospensione Transazione ] 
24.10.2016 15.37.33 ---> [I]       [ 2908 ]
24.10.2016 15.37.33 ---> [I] ----------------------------------------------------------------------------------------------------
24.10.2016 15.37.33 ---> [I] ----------------------------------------------------------------------------------------------------
24.10.2016 15.37.33 ---> [I] In esecuzione: [ Transaction.StopAllTransactrionsBeforeDisaggregationMonoOperator() ]
24.10.2016 15.37.33 ---> [I] Inserimento record su tabella : [ F55FQ10001 ] da Select su: [ F55FQ10001 ] per Id transazone: [ 2907 ]
24.10.2016 15.37.33 ---> [I] Dati: [ S - Fine ]
24.10.2016 15.37.33 ---> [I]       [ 24/10/2016 13.37.54 ]
24.10.2016 15.37.33 ---> [I]       [ 24/10/2016 ]
24.10.2016 15.37.33 ---> [I]       [ 153754 ]
24.10.2016 15.37.33 ---> [I]       [ 1 - Sospensione Transazione ] 
24.10.2016 15.37.33 ---> [I]       [ 2907 ]
24.10.2016 15.37.33 ---> [I] ----------------------------------------------------------------------------------------------------
24.10.2016 15.37.33 ---> [I] ----------------------------------------------------------------------------------------------------
24.10.2016 15.37.33 ---> [I] In esecuzione: [ Transaction.StopAllTransactrionsBeforeDisaggregationMonoOperator() ]
24.10.2016 15.37.33 ---> [I] Inserimento record su tabella : [ F55FQ10001 ] da Select su: [ F55FQ10002 ] per centro: [ IL0001 ]
24.10.2016 15.37.33 ---> [I] Dati: [ USC - Uscita ]
24.10.2016 15.37.33 ---> [I]       [ 24/10/2016 13.37.54 ]
24.10.2016 15.37.33 ---> [I]       [ 24/10/2016 ]
24.10.2016 15.37.33 ---> [I]       [ 153754 ]
24.10.2016 15.37.33 ---> [I]       [ IL0001 ]
24.10.2016 15.37.33 ---> [I] ----------------------------------------------------------------------------------------------------
24.10.2016 15.37.33 ---> [I] ----------------------------------------------------------------------------------------------------
24.10.2016 15.37.33 ---> [I] In esecuzione: [ Presence.doDisaggregationAfterStopAllTransactonsMonoOperator() ]
24.10.2016 15.37.33 ---> [I] Aggiornamento record su tabella : [ F55FQ10002 ] per centro: [ IL0001 ]
24.10.2016 15.37.33 ---> [I] Dati: [ 24/10/2016 13.37.54 ]
24.10.2016 15.37.33 ---> [I]       [ IL0001 ]
24.10.2016 15.37.33 ---> [I] ----------------------------------------------------------------------------------------------------
24.10.2016 15.37.33 ---> [I] ----------------------------------------------------------------------------------------------------
24.10.2016 15.37.33 ---> [I] In esecuzione: [ Presence.doDisaggregationAfterStopAllTransactonsMonoOperator() ]
24.10.2016 15.37.33 ---> [I] Aggiornamento record su tabella : [ F55FQ10002 ] per centro: [ IL0001 ]
24.10.2016 15.37.33 ---> [I] Dati: [ 5 - Sospensione ]
24.10.2016 15.37.33 ---> [I]       [ IL0001 ]
24.10.2016 15.37.33 ---> [I] ----------------------------------------------------------------------------------------------------
24.10.2016 15.37.33 ---> [A] Esecuzione Classe: EventsbtnAggregazione.actionPerformed()
24.10.2016 15.37.33 ---> [A] Aggregazione al centro di lavoro con operatore: [ 10160 - DE PRATO FABRIZIO ]
24.10.2016 15.37.33 ---> [I] ----------------------------------------------------------------------------------------------------
24.10.2016 15.37.33 ---> [I] In esecuzione: [ Presence.doAggregationAfterStopAllTransactonsMonoOperator() ]
24.10.2016 15.37.33 ---> [I] Aggiornamento record su tabella : [ F55FQ10002 ] per centro: [ IL0001 ]
24.10.2016 15.37.33 ---> [I] Dati: [ 24/10/2016 13.38.01 ]
24.10.2016 15.37.33 ---> [I]       [ 10160 ]
24.10.2016 15.37.33 ---> [I]       [ DE PRATO FABRIZIO ]
24.10.2016 15.37.33 ---> [I]       [ IL0001 ]
24.10.2016 15.37.33 ---> [I] ----------------------------------------------------------------------------------------------------
24.10.2016 15.37.33 ---> [I] ----------------------------------------------------------------------------------------------------
24.10.2016 15.37.33 ---> [I] In esecuzione: [ Presence.doAggregationAfterStopAllTransactonsMonoOperator() ]
24.10.2016 15.37.33 ---> [I] Aggiornamento record su tabella : [ F55FQ10002 ] per risorsa: [ 10160 ]
24.10.2016 15.37.33 ---> [I] Dati: [ 0 - Eliminazione Sospensione ]
24.10.2016 15.37.33 ---> [I]       [ IL0001 ]
24.10.2016 15.37.33 ---> [I] ----------------------------------------------------------------------------------------------------
24.10.2016 15.37.33 ---> [I] ----------------------------------------------------------------------------------------------------
24.10.2016 15.37.33 ---> [I] In esecuzione: [ Transaction.StartAllSuspendedTransactrionsBeforeAggregationMonoOperator() ]
24.10.2016 15.37.33 ---> [I] Inserimento record su tabella : [ F55FQ10001 ] da Select su: [ F55FQ10002 ] per centro: [ IL0001 ]
24.10.2016 15.37.33 ---> [I] Dati: [ ING - Ingresso ]
24.10.2016 15.37.33 ---> [I]       [ 24/10/2016 13.38.01 ]
24.10.2016 15.37.33 ---> [I]       [ 24/10/2016 ]
24.10.2016 15.37.33 ---> [I]       [ 153801 ]
24.10.2016 15.37.33 ---> [I]       [ IL0001 ]
24.10.2016 15.37.33 ---> [I] ----------------------------------------------------------------------------------------------------
24.10.2016 15.37.33 ---> [I] ----------------------------------------------------------------------------------------------------
24.10.2016 15.37.33 ---> [I] In esecuzione: [ Transaction.StartAllSuspendedTransactrionsBeforeAggregationMonoOperator() ]
24.10.2016 15.37.33 ---> [I] Inserimento record su tabella : [ F55FQ10001 ] da Select su: [ F55FQ10001 ] per centro: [ IL0001 ]
24.10.2016 15.37.33 ---> [I] Dati: [ A - Inizio ]
24.10.2016 15.37.33 ---> [I]       [ 24/10/2016 13.38.01 ]
24.10.2016 15.37.33 ---> [I]       [ 24/10/2016 ]
24.10.2016 15.37.33 ---> [I]       [ 153801 ]
24.10.2016 15.37.33 ---> [I]       [ 0 - Eliminazione Sospensione ]
24.10.2016 15.37.33 ---> [I]       [ IL0001 ]
24.10.2016 15.37.33 ---> [I] ----------------------------------------------------------------------------------------------------
24.10.2016 15.37.33 ---> [I] ----------------------------------------------------------------------------------------------------
24.10.2016 15.37.33 ---> [I] In esecuzione: [ Transaction.StartAllSuspendedTransactrionsBeforeAggregationMonoOperator() ]
24.10.2016 15.37.33 ---> [I] Inserimento record su tabella : [ F55FQ10001 ] per centro: [ IL0001 ]
24.10.2016 15.37.33 ---> [I] Dati: [ 0 - Eliminazione Sospensione ]
24.10.2016 15.37.33 ---> [I]       [ IL0001 ]
24.10.2016 15.37.33 ---> [I] ----------------------------------------------------------------------------------------------------
24.10.2016 15.37.33 ---> [A] Esecuzione Classe: EventsCambioLavorazioneMoResourceDialog.actionPerformed()
24.10.2016 15.37.33 ---> [A] E'stato premuto il tasto cambio lavorazione da LAV - Lavorazione a ATT - Attrezzaggio
24.10.2016 15.37.33 ---> [I] ----------------------------------------------------------------------------------------------------
24.10.2016 15.37.33 ---> [I] In esecuzione: [ Transaction.multipleDoStopWorkMachineTransactionMonoOperator() ]
24.10.2016 15.37.33 ---> [I] Inserimento record su tabella : [ F55FQ10001 ] per risorsa: [ 1000001 ]
24.10.2016 15.37.33 ---> [I] Dati: [ 20MG1 ]
24.10.2016 15.37.33 ---> [I]       [ 1000001 ]
24.10.2016 15.37.33 ---> [I]       [ 20TNFF ]
24.10.2016 15.37.33 ---> [I]       [ LAV - Lavorazione ]
24.10.2016 15.37.33 ---> [I]       [ S - Fine ]
24.10.2016 15.37.33 ---> [I]       [ 8802 ]
24.10.2016 15.37.33 ---> [I]       [ 13000 ]
24.10.2016 15.37.33 ---> [I]       [ 24/10/2016 13.39.00 ]
24.10.2016 15.37.33 ---> [I]       [ 10160 ]
24.10.2016 15.37.33 ---> [I]       [ M - Multi Ordine ]
24.10.2016 15.37.33 ---> [I]       [ ENET ]
24.10.2016 15.37.33 ---> [I]       [ EWEBJ ]
24.10.2016 15.37.33 ---> [I]       [ E20MACHINE ]
24.10.2016 15.37.33 ---> [I]       [ 24/10/2016 ]
24.10.2016 15.37.33 ---> [I]       [ 153900 ]
24.10.2016 15.37.33 ---> [I]       [ [20OK06] TORNIO OKUMA LB35II ]
24.10.2016 15.37.33 ---> [I]       [ DE PRATO FABRIZIO ]
24.10.2016 15.37.33 ---> [I]       [ 001 ]
24.10.2016 15.37.33 ---> [I]       [ 20150110 ]
24.10.2016 15.37.33 ---> [I]       [ E20150110 ]
24.10.2016 15.37.33 ---> [I]       [ ORE RULLI HSS ]
24.10.2016 15.37.33 ---> [I]       [ TORNITURA FINITURA ]
24.10.2016 15.37.33 ---> [I]       [ IL0001 ]
24.10.2016 15.37.33 ---> [I] ----------------------------------------------------------------------------------------------------
24.10.2016 15.37.33 ---> [I] ----------------------------------------------------------------------------------------------------
24.10.2016 15.37.33 ---> [I] In esecuzione: [ Transaction.multipleDoStopWorkMachineTransactionMonoOperator() ]
24.10.2016 15.37.33 ---> [I] Inserimento record su tabella : [ F55FQ10001 ] per risorsa: [ 1000001 ]
24.10.2016 15.37.33 ---> [I] Dati: [ 20MG1 ]
24.10.2016 15.37.33 ---> [I]       [ 1000001 ]
24.10.2016 15.37.33 ---> [I]       [ 20TNFF ]
24.10.2016 15.37.33 ---> [I]       [ LAV - Lavorazione ]
24.10.2016 15.37.33 ---> [I]       [ S - Fine ]
24.10.2016 15.37.33 ---> [I]       [ 8878 ]
24.10.2016 15.37.33 ---> [I]       [ 13000 ]
24.10.2016 15.37.33 ---> [I]       [ 24/10/2016 13.39.00 ]
24.10.2016 15.37.33 ---> [I]       [ 10160 ]
24.10.2016 15.37.33 ---> [I]       [ M - Multi Ordine ]
24.10.2016 15.37.33 ---> [I]       [ ENET ]
24.10.2016 15.37.33 ---> [I]       [ EWEBJ ]
24.10.2016 15.37.33 ---> [I]       [ E20MACHINE ]
24.10.2016 15.37.33 ---> [I]       [ 24/10/2016 ]
24.10.2016 15.37.33 ---> [I]       [ 153900 ]
24.10.2016 15.37.33 ---> [I]       [ [20OK06] TORNIO OKUMA LB35II ]
24.10.2016 15.37.33 ---> [I]       [ DE PRATO FABRIZIO ]
24.10.2016 15.37.33 ---> [I]       [ 001 ]
24.10.2016 15.37.33 ---> [I]       [ 20150184 ]
24.10.2016 15.37.33 ---> [I]       [ E20150184 ]
24.10.2016 15.37.33 ---> [I]       [ ORE RULLI HSS ]
24.10.2016 15.37.33 ---> [I]       [ TORNITURA FINITURA ]
24.10.2016 15.37.33 ---> [I]       [ IL0001 ]
24.10.2016 15.37.33 ---> [I] ----------------------------------------------------------------------------------------------------
24.10.2016 15.37.33 ---> [I] ----------------------------------------------------------------------------------------------------
24.10.2016 15.37.33 ---> [I] In esecuzione: [ Presence.multiDoStartSetUpMachinePresenceMonoOperator() ]
24.10.2016 15.37.33 ---> [I] Cancellazione record su tabella : [ F55FQ10002 ] per risorsa: [ 1000001 ]
24.10.2016 15.37.33 ---> [I] ----------------------------------------------------------------------------------------------------
24.10.2016 15.37.33 ---> [I] ----------------------------------------------------------------------------------------------------
24.10.2016 15.37.33 ---> [I] In esecuzione: [ Presence.multiDoStartSetUpMachinePresenceMonoOperator() ]
24.10.2016 15.37.33 ---> [I] Inserimento record su tabella : [ F55FQ10002 ] per risorsa: [ 1000001 ]
24.10.2016 15.37.33 ---> [I] Dati: [ 20MG1 ]
24.10.2016 15.37.33 ---> [I]       [ 1000001 ]
24.10.2016 15.37.33 ---> [I]       [ 2 - Ingresso ]
24.10.2016 15.37.33 ---> [I]       [ 24/10/2016 13.39.00 ]
24.10.2016 15.37.33 ---> [I]       [ 10160 ]
24.10.2016 15.37.33 ---> [I]       [ ENET ]
24.10.2016 15.37.33 ---> [I]       [ EWEBJ ]
24.10.2016 15.37.33 ---> [I]       [ E20MACHINE ]
24.10.2016 15.37.33 ---> [I]       [ 24/10/2016 ]
24.10.2016 15.37.33 ---> [I]       [ 153900 ]
24.10.2016 15.37.33 ---> [I]       [ [20OK06] TORNIO OKUMA LB35II ]
24.10.2016 15.37.33 ---> [I]       [ DE PRATO FABRIZIO ]
24.10.2016 15.37.33 ---> [I]       [ 001 ]
24.10.2016 15.37.33 ---> [I]       [ IL0001 ]
24.10.2016 15.37.33 ---> [I] ----------------------------------------------------------------------------------------------------
24.10.2016 15.37.33 ---> [I] ----------------------------------------------------------------------------------------------------
24.10.2016 15.37.33 ---> [I] In esecuzione: [ Presence.multiDoStartSetUpMachinePresenceMonoOperator() ]
24.10.2016 15.37.33 ---> [I] Inserimento record su tabella : [ F55FQ10002 ] per risorsa: [ 1000001 ]
24.10.2016 15.37.33 ---> [I] Dati: [ 20MG1 ]
24.10.2016 15.37.33 ---> [I]       [ 1000001 ]
24.10.2016 15.37.33 ---> [I]       [ 3 - Attrezzaggio ]
24.10.2016 15.37.33 ---> [I]       [ 20TNFF ]
24.10.2016 15.37.33 ---> [I]       [ 8802 ]
24.10.2016 15.37.33 ---> [I]       [ 13000 ]
24.10.2016 15.37.33 ---> [I]       [ 24/10/2016 13.39.00 ]
24.10.2016 15.37.33 ---> [I]       [ 10160 ]
24.10.2016 15.37.33 ---> [I]       [ ENET ]
24.10.2016 15.37.33 ---> [I]       [ EWEBJ ]
24.10.2016 15.37.33 ---> [I]       [ E20MACHINE ]
24.10.2016 15.37.33 ---> [I]       [ 24/10/2016 ]
24.10.2016 15.37.33 ---> [I]       [ 153900 ]
24.10.2016 15.37.33 ---> [I]       [ [20OK06] TORNIO OKUMA LB35II ]
24.10.2016 15.37.33 ---> [I]       [ DE PRATO FABRIZIO ]
24.10.2016 15.37.33 ---> [I]       [ 001 ]
24.10.2016 15.37.33 ---> [I]       [ 20150110 ]
24.10.2016 15.37.33 ---> [I]       [ E20150110 ]
24.10.2016 15.37.33 ---> [I]       [ E20150110 ]
24.10.2016 15.37.33 ---> [I]       [ TORNITURA FINITURA ]
24.10.2016 15.37.33 ---> [I]       [ IL0001 ]
24.10.2016 15.37.33 ---> [I] ----------------------------------------------------------------------------------------------------
24.10.2016 15.37.33 ---> [I] ----------------------------------------------------------------------------------------------------
24.10.2016 15.37.33 ---> [I] In esecuzione: [ Presence.multiDoStartSetUpMachinePresenceMonoOperator() ]
24.10.2016 15.37.33 ---> [I] Inserimento record su tabella : [ F55FQ10002 ] per risorsa: [ 1000001 ]
24.10.2016 15.37.33 ---> [I] Dati: [ 20MG1 ]
24.10.2016 15.37.33 ---> [I]       [ 1000001 ]
24.10.2016 15.37.33 ---> [I]       [ 3 - Attrezzaggio ]
24.10.2016 15.37.33 ---> [I]       [ 20TNFF ]
24.10.2016 15.37.33 ---> [I]       [ 8878 ]
24.10.2016 15.37.33 ---> [I]       [ 13000 ]
24.10.2016 15.37.33 ---> [I]       [ 24/10/2016 13.39.00 ]
24.10.2016 15.37.33 ---> [I]       [ 10160 ]
24.10.2016 15.37.33 ---> [I]       [ ENET ]
24.10.2016 15.37.33 ---> [I]       [ EWEBJ ]
24.10.2016 15.37.33 ---> [I]       [ E20MACHINE ]
24.10.2016 15.37.33 ---> [I]       [ 24/10/2016 ]
24.10.2016 15.37.33 ---> [I]       [ 153900 ]
24.10.2016 15.37.33 ---> [I]       [ [20OK06] TORNIO OKUMA LB35II ]
24.10.2016 15.37.33 ---> [I]       [ DE PRATO FABRIZIO ]
24.10.2016 15.37.33 ---> [I]       [ 001 ]
24.10.2016 15.37.33 ---> [I]       [ 20150184 ]
24.10.2016 15.37.33 ---> [I]       [ E20150184 ]
24.10.2016 15.37.33 ---> [I]       [ E20150184 ]
24.10.2016 15.37.33 ---> [I]       [ TORNITURA FINITURA ]
24.10.2016 15.37.33 ---> [I]       [ IL0001 ]
24.10.2016 15.37.33 ---> [I] ----------------------------------------------------------------------------------------------------
24.10.2016 15.37.33 ---> [I] ----------------------------------------------------------------------------------------------------
24.10.2016 15.37.33 ---> [I] In esecuzione: [ Transaction.multipleDoStartSetUpMachineTransactionMonoOperator() ]
24.10.2016 15.37.33 ---> [I] Inserimento record su tabella : [ F55FQ10001 ] per risorsa: [ 1000001 ]
24.10.2016 15.37.33 ---> [I] Dati: [ 20MG1 ]
24.10.2016 15.37.33 ---> [I]       [ 1000001 ]
24.10.2016 15.37.33 ---> [I]       [ 20TNFF ]
24.10.2016 15.37.33 ---> [I]       [ ATT - Attrezzaggio ]
24.10.2016 15.37.33 ---> [I]       [ A - Inizio ]
24.10.2016 15.37.33 ---> [I]       [ 8802 ]
24.10.2016 15.37.33 ---> [I]       [ 13000 ]
24.10.2016 15.37.33 ---> [I]       [ 24/10/2016 13.39.01 ]
24.10.2016 15.37.33 ---> [I]       [ 10160 ]
24.10.2016 15.37.33 ---> [I]       [ M - Multi Ordine ]
24.10.2016 15.37.33 ---> [I]       [ ENET ]
24.10.2016 15.37.33 ---> [I]       [ EWEBJ ]
24.10.2016 15.37.33 ---> [I]       [ E20MACHINE ]
24.10.2016 15.37.33 ---> [I]       [ 24/10/2016 ]
24.10.2016 15.37.33 ---> [I]       [ 153901 ]
24.10.2016 15.37.33 ---> [I]       [ [20OK06] TORNIO OKUMA LB35II ]
24.10.2016 15.37.33 ---> [I]       [ DE PRATO FABRIZIO ]
24.10.2016 15.37.33 ---> [I]       [ 001 ]
24.10.2016 15.37.33 ---> [I]       [ 20150110 ]
24.10.2016 15.37.33 ---> [I]       [ E20150110 ]
24.10.2016 15.37.33 ---> [I]       [ ORE RULLI HSS ]
24.10.2016 15.37.33 ---> [I]       [ TORNITURA FINITURA ]
24.10.2016 15.37.33 ---> [I]       [ IL0001 ]
24.10.2016 15.37.33 ---> [I] ----------------------------------------------------------------------------------------------------
24.10.2016 15.37.33 ---> [I] ----------------------------------------------------------------------------------------------------
24.10.2016 15.37.33 ---> [I] In esecuzione: [ Transaction.multipleDoStartSetUpMachineTransactionMonoOperator() ]
24.10.2016 15.37.33 ---> [I] Inserimento record su tabella : [ F55FQ10001 ] per risorsa: [ 1000001 ]
24.10.2016 15.37.33 ---> [I] Dati: [ 20MG1 ]
24.10.2016 15.37.33 ---> [I]       [ 1000001 ]
24.10.2016 15.37.33 ---> [I]       [ 20TNFF ]
24.10.2016 15.37.33 ---> [I]       [ ATT - Attrezzaggio ]
24.10.2016 15.37.33 ---> [I]       [ A - Inizio ]
24.10.2016 15.37.33 ---> [I]       [ 8878 ]
24.10.2016 15.37.33 ---> [I]       [ 13000 ]
24.10.2016 15.37.33 ---> [I]       [ 24/10/2016 13.39.01 ]
24.10.2016 15.37.33 ---> [I]       [ 10160 ]
24.10.2016 15.37.33 ---> [I]       [ M - Multi Ordine ]
24.10.2016 15.37.33 ---> [I]       [ ENET ]
24.10.2016 15.37.33 ---> [I]       [ EWEBJ ]
24.10.2016 15.37.33 ---> [I]       [ E20MACHINE ]
24.10.2016 15.37.33 ---> [I]       [ 24/10/2016 ]
24.10.2016 15.37.33 ---> [I]       [ 153901 ]
24.10.2016 15.37.33 ---> [I]       [ [20OK06] TORNIO OKUMA LB35II ]
24.10.2016 15.37.33 ---> [I]       [ DE PRATO FABRIZIO ]
24.10.2016 15.37.33 ---> [I]       [ 001 ]
24.10.2016 15.37.33 ---> [I]       [ 20150184 ]
24.10.2016 15.37.33 ---> [I]       [ E20150184 ]
24.10.2016 15.37.33 ---> [I]       [ ORE RULLI HSS ]
24.10.2016 15.37.33 ---> [I]       [ TORNITURA FINITURA ]
24.10.2016 15.37.33 ---> [I]       [ IL0001 ]
24.10.2016 15.37.33 ---> [I] ----------------------------------------------------------------------------------------------------
24.10.2016 15.37.33 ---> [A] Esecuzione Classe: EventsFineLavorazioneMoResourceDialog.actionPerformed()
24.10.2016 15.37.33 ---> [A] E'stato premuto il tasto fine lavorazione quando la macchina era in ATT - Attrezzaggio
24.10.2016 15.37.33 ---> [I] ----------------------------------------------------------------------------------------------------
24.10.2016 15.37.33 ---> [I] In esecuzione: [ Transaction.multipleDoStopSetUpMachineTransactionMonoOperator() ]
24.10.2016 15.37.33 ---> [I] Inserimento record su tabella : [ F55FQ10001 ] per risorsa: [ 1000001 ]
24.10.2016 15.37.33 ---> [I] Dati: [ 20MG1 ]
24.10.2016 15.37.33 ---> [I]       [ 1000001 ]
24.10.2016 15.37.33 ---> [I]       [ 20TNFF ]
24.10.2016 15.37.33 ---> [I]       [ ATT - Attrezzaggio ]
24.10.2016 15.37.33 ---> [I]       [ S - Fine ]
24.10.2016 15.37.33 ---> [I]       [ 8802 ]
24.10.2016 15.37.33 ---> [I]       [ 13000 ]
24.10.2016 15.37.33 ---> [I]       [ 24/10/2016 13.39.07 ]
24.10.2016 15.37.33 ---> [I]       [ 10160 ]
24.10.2016 15.37.33 ---> [I]       [ M - Multi Ordine ]
24.10.2016 15.37.33 ---> [I]       [ ENET ]
24.10.2016 15.37.33 ---> [I]       [ EWEBJ ]
24.10.2016 15.37.33 ---> [I]       [ E20MACHINE ]
24.10.2016 15.37.33 ---> [I]       [ 24/10/2016 ]
24.10.2016 15.37.33 ---> [I]       [ 153907 ]
24.10.2016 15.37.33 ---> [I]       [ [20OK06] TORNIO OKUMA LB35II ]
24.10.2016 15.37.33 ---> [I]       [ DE PRATO FABRIZIO ]
24.10.2016 15.37.33 ---> [I]       [ 001 ]
24.10.2016 15.37.33 ---> [I]       [ 20150110 ]
24.10.2016 15.37.33 ---> [I]       [ E20150110 ]
24.10.2016 15.37.33 ---> [I]       [ ORE RULLI HSS ]
24.10.2016 15.37.33 ---> [I]       [ TORNITURA FINITURA ]
24.10.2016 15.37.33 ---> [I]       [ IL0001 ]
24.10.2016 15.37.33 ---> [I] ----------------------------------------------------------------------------------------------------
24.10.2016 15.37.33 ---> [I] ----------------------------------------------------------------------------------------------------
24.10.2016 15.37.33 ---> [I] In esecuzione: [ Transaction.multipleDoStopSetUpMachineTransactionMonoOperator() ]
24.10.2016 15.37.33 ---> [I] Inserimento record su tabella : [ F55FQ10001 ] per risorsa: [ 1000001 ]
24.10.2016 15.37.33 ---> [I] Dati: [ 20MG1 ]
24.10.2016 15.37.33 ---> [I]       [ 1000001 ]
24.10.2016 15.37.33 ---> [I]       [ 20TNFF ]
24.10.2016 15.37.33 ---> [I]       [ ATT - Attrezzaggio ]
24.10.2016 15.37.33 ---> [I]       [ S - Fine ]
24.10.2016 15.37.33 ---> [I]       [ 8878 ]
24.10.2016 15.37.33 ---> [I]       [ 13000 ]
24.10.2016 15.37.33 ---> [I]       [ 24/10/2016 13.39.08 ]
24.10.2016 15.37.33 ---> [I]       [ 10160 ]
24.10.2016 15.37.33 ---> [I]       [ M - Multi Ordine ]
24.10.2016 15.37.33 ---> [I]       [ ENET ]
24.10.2016 15.37.33 ---> [I]       [ EWEBJ ]
24.10.2016 15.37.33 ---> [I]       [ E20MACHINE ]
24.10.2016 15.37.33 ---> [I]       [ 24/10/2016 ]
24.10.2016 15.37.33 ---> [I]       [ 153908 ]
24.10.2016 15.37.33 ---> [I]       [ [20OK06] TORNIO OKUMA LB35II ]
24.10.2016 15.37.33 ---> [I]       [ DE PRATO FABRIZIO ]
24.10.2016 15.37.33 ---> [I]       [ 001 ]
24.10.2016 15.37.33 ---> [I]       [ 20150184 ]
24.10.2016 15.37.33 ---> [I]       [ E20150184 ]
24.10.2016 15.37.33 ---> [I]       [ ORE RULLI HSS ]
24.10.2016 15.37.33 ---> [I]       [ TORNITURA FINITURA ]
24.10.2016 15.37.33 ---> [I]       [ IL0001 ]
24.10.2016 15.37.33 ---> [I] ----------------------------------------------------------------------------------------------------
24.10.2016 15.37.33 ---> [I] ----------------------------------------------------------------------------------------------------
24.10.2016 15.37.33 ---> [I] In esecuzione: [ Presence.multiDoStopSetUpMachinePresenceMonoOperator() ]
24.10.2016 15.37.33 ---> [I] Cancellazione record su tabella : [ F55FQ10002 ] per risorsa: [ 1000001 ]
24.10.2016 15.37.33 ---> [I] ----------------------------------------------------------------------------------------------------
24.10.2016 15.37.33 ---> [I] ----------------------------------------------------------------------------------------------------
24.10.2016 15.37.33 ---> [I] In esecuzione: [ Presence.multiDoStopSetUpMachinePresenceMonoOperator() ]
24.10.2016 15.37.33 ---> [I] Inserimento record su tabella : [ F55FQ10002 ] per risorsa: [ 1000001 ]
24.10.2016 15.37.33 ---> [I] Dati: [ 20MG1 ]
24.10.2016 15.37.33 ---> [I]       [ 1000001 ]
24.10.2016 15.37.33 ---> [I]       [ 2 - Ingresso ]
24.10.2016 15.37.33 ---> [I]       [ 24/10/2016 13.39.08 ]
24.10.2016 15.37.33 ---> [I]       [ 10160 ]
24.10.2016 15.37.33 ---> [I]       [ ENET ]
24.10.2016 15.37.33 ---> [I]       [ EWEBJ ]
24.10.2016 15.37.33 ---> [I]       [ E20MACHINE ]
24.10.2016 15.37.33 ---> [I]       [ 24/10/2016 ]
24.10.2016 15.37.33 ---> [I]       [ 153908 ]
24.10.2016 15.37.33 ---> [I]       [ [20OK06] TORNIO OKUMA LB35II ]
24.10.2016 15.37.33 ---> [I]       [ DE PRATO FABRIZIO ]
24.10.2016 15.37.33 ---> [I]       [ 001 ]
24.10.2016 15.37.33 ---> [I]       [ IL0001 ]
24.10.2016 15.37.33 ---> [I] ----------------------------------------------------------------------------------------------------
24.10.2016 15.37.33 ---> [A] Esecuzione Classe: EventsCambioLavorazioneResourceDialog.actionPerformed()
24.10.2016 15.37.33 ---> [A] E'stato premuto il tasto cambio lavorazione da ATT - Attrezzaggio a LAV - Lavorazione
24.10.2016 15.37.33 ---> [I] ----------------------------------------------------------------------------------------------------
24.10.2016 15.37.33 ---> [I] In esecuzione: [ Transaction.doStopSetUpMachineTransactionMonoOperator() ]
24.10.2016 15.37.33 ---> [I] Inserimento record su tabella : [ F55FQ10001 ] per risorsa: [ 1000018 ]
24.10.2016 15.37.33 ---> [I] Dati: [ 20MG1 ]
24.10.2016 15.37.33 ---> [I]       [ 1000018 ]
24.10.2016 15.37.33 ---> [I]       [ 20TNFF ]
24.10.2016 15.37.33 ---> [I]       [ ATT - Attrezzaggio ]
24.10.2016 15.37.33 ---> [I]       [ S - Fine ]
24.10.2016 15.37.33 ---> [I]       [ 8802 ]
24.10.2016 15.37.33 ---> [I]       [ 13000 ]
24.10.2016 15.37.33 ---> [I]       [ 24/10/2016 13.39.15 ]
24.10.2016 15.37.33 ---> [I]       [ 10160 ]
24.10.2016 15.37.33 ---> [I]       [ ENET ]
24.10.2016 15.37.33 ---> [I]       [ EWEBJ ]
24.10.2016 15.37.33 ---> [I]       [ E20MACHINE ]
24.10.2016 15.37.33 ---> [I]       [ 24/10/2016 13.39.15 ]
24.10.2016 15.37.33 ---> [I]       [ 153915 ]
24.10.2016 15.37.33 ---> [I]       [ [20FT05] FORTUNA TUFFO N.2 ]
24.10.2016 15.37.33 ---> [I]       [ DE PRATO FABRIZIO ]
24.10.2016 15.37.33 ---> [I]       [ 001 ]
24.10.2016 15.37.33 ---> [I]       [ 20150110 ]
24.10.2016 15.37.33 ---> [I]       [ E20150110 ]
24.10.2016 15.37.33 ---> [I]       [ ORE RULLI HSS ]
24.10.2016 15.37.33 ---> [I]       [ TORNITURA FINITURA ]
24.10.2016 15.37.33 ---> [I]       [ IL0001 ]
24.10.2016 15.37.33 ---> [I] ----------------------------------------------------------------------------------------------------
24.10.2016 15.37.33 ---> [I] ----------------------------------------------------------------------------------------------------
24.10.2016 15.37.33 ---> [I] In esecuzione: [ Presence.doStartWorkMachinePresenceMonoOperator() ]
24.10.2016 15.37.33 ---> [I] Cancellazione record su tabella : [ F55FQ10002 ] per risorsa: [ 1000018 ]
24.10.2016 15.37.33 ---> [I] ----------------------------------------------------------------------------------------------------
24.10.2016 15.37.33 ---> [I] ----------------------------------------------------------------------------------------------------
24.10.2016 15.37.33 ---> [I] In esecuzione: [ Presence.doStartWorkMachinePresenceMonoOperator() ]
24.10.2016 15.37.33 ---> [I] Inserimento record su tabella : [ F55FQ10002 ] per risorsa: [ 1000018 ]
24.10.2016 15.37.33 ---> [I] Dati: [ 20MG1 ]
24.10.2016 15.37.33 ---> [I]       [ 1000018 ]
24.10.2016 15.37.33 ---> [I]       [ 2 - Ingresso ]
24.10.2016 15.37.33 ---> [I]       [ 24/10/2016 13.39.15 ]
24.10.2016 15.37.33 ---> [I]       [ 10160 ]
24.10.2016 15.37.33 ---> [I]       [ ENET ]
24.10.2016 15.37.33 ---> [I]       [ EWEBJ ]
24.10.2016 15.37.33 ---> [I]       [ E20MACHINE ]
24.10.2016 15.37.33 ---> [I]       [ 24/10/2016 13.39.15 ]
24.10.2016 15.37.33 ---> [I]       [ 153915 ]
24.10.2016 15.37.33 ---> [I]       [ [20FT05] FORTUNA TUFFO N.2 ]
24.10.2016 15.37.33 ---> [I]       [ DE PRATO FABRIZIO ]
24.10.2016 15.37.33 ---> [I]       [ 001 ]
24.10.2016 15.37.33 ---> [I]       [ IL0001 ]
24.10.2016 15.37.33 ---> [I] ----------------------------------------------------------------------------------------------------
24.10.2016 15.37.33 ---> [I] ----------------------------------------------------------------------------------------------------
24.10.2016 15.37.33 ---> [I] In esecuzione: [ Presence.doStartWorkMachinePresenceMonoOperator() ]
24.10.2016 15.37.33 ---> [I] Inserimento record su tabella : [ F55FQ10002 ] per risorsa: [ 1000018 ]
24.10.2016 15.37.33 ---> [I] Dati: [ 20MG1 ]
24.10.2016 15.37.33 ---> [I]       [ 1000018 ]
24.10.2016 15.37.33 ---> [I]       [ 4 - Lavorazione ]
24.10.2016 15.37.33 ---> [I]       [ 20TNFF ]
24.10.2016 15.37.33 ---> [I]       [ 8802 ]
24.10.2016 15.37.33 ---> [I]       [ 13000 ]
24.10.2016 15.37.33 ---> [I]       [ 24/10/2016 13.39.15 ]
24.10.2016 15.37.33 ---> [I]       [ 10160 ]
24.10.2016 15.37.33 ---> [I]       [ ENET ]
24.10.2016 15.37.33 ---> [I]       [ EWEBJ ]
24.10.2016 15.37.33 ---> [I]       [ E20MACHINE ]
24.10.2016 15.37.33 ---> [I]       [ 24/10/2016 13.39.15 ]
24.10.2016 15.37.33 ---> [I]       [ 153915 ]
24.10.2016 15.37.33 ---> [I]       [ [20FT05] FORTUNA TUFFO N.2 ]
24.10.2016 15.37.33 ---> [I]       [ DE PRATO FABRIZIO ]
24.10.2016 15.37.33 ---> [I]       [ 001 ]
24.10.2016 15.37.33 ---> [I]       [ 20150110 ]
24.10.2016 15.37.33 ---> [I]       [ E20150110 ]
24.10.2016 15.37.33 ---> [I]       [ E20150110 ]
24.10.2016 15.37.33 ---> [I]       [ TORNITURA FINITURA ]
24.10.2016 15.37.33 ---> [I]       [ IL0001 ]
24.10.2016 15.37.33 ---> [I] ----------------------------------------------------------------------------------------------------
24.10.2016 15.37.33 ---> [I] ----------------------------------------------------------------------------------------------------
24.10.2016 15.37.33 ---> [I] In esecuzione: [ Transaction.doStartWorkMachineTransactionMonoOperator() ]
24.10.2016 15.37.33 ---> [I] Inserimento record su tabella : [ F55FQ10001 ] per risorsa: [ 1000018 ]
24.10.2016 15.37.33 ---> [I] Dati: [ 20MG1 ]
24.10.2016 15.37.33 ---> [I]       [ 1000018 ]
24.10.2016 15.37.33 ---> [I]       [ 20TNFF ]
24.10.2016 15.37.33 ---> [I]       [ LAV - Lavorazione ]
24.10.2016 15.37.33 ---> [I]       [ A - Inizio ]
24.10.2016 15.37.33 ---> [I]       [ 8802 ]
24.10.2016 15.37.33 ---> [I]       [ 13000 ]
24.10.2016 15.37.33 ---> [I]       [ 24/10/2016 13.39.15 ]
24.10.2016 15.37.33 ---> [I]       [ 10160 ]
24.10.2016 15.37.33 ---> [I]       [ ENET ]
24.10.2016 15.37.33 ---> [I]       [ EWEBJ ]
24.10.2016 15.37.33 ---> [I]       [ E20MACHINE ]
24.10.2016 15.37.33 ---> [I]       [ 24/10/2016 13.39.15 ]
24.10.2016 15.37.33 ---> [I]       [ 153915 ]
24.10.2016 15.37.33 ---> [I]       [ [20FT05] FORTUNA TUFFO N.2 ]
24.10.2016 15.37.33 ---> [I]       [ DE PRATO FABRIZIO ]
24.10.2016 15.37.33 ---> [I]       [ 001 ]
24.10.2016 15.37.33 ---> [I]       [ 20150110 ]
24.10.2016 15.37.33 ---> [I]       [ E20150110 ]
24.10.2016 15.37.33 ---> [I]       [ ORE RULLI HSS ]
24.10.2016 15.37.33 ---> [I]       [ TORNITURA FINITURA ]
24.10.2016 15.37.33 ---> [I]       [ IL0001 ]
24.10.2016 15.37.33 ---> [I] ----------------------------------------------------------------------------------------------------
24.10.2016 15.37.33 ---> [A] Esecuzione Classe: EventsFineLavorazioneResourceDialog.actionPerformed()
24.10.2016 15.37.33 ---> [A] E'stato premuto il tasto fine lavorazione quando la macchina era in LAV - Lavorazione
24.10.2016 15.37.33 ---> [I] ----------------------------------------------------------------------------------------------------
24.10.2016 15.37.33 ---> [I] In esecuzione: [ Transaction.doStopWorkMachineTransactionMonoOperator() ]
24.10.2016 15.37.33 ---> [I] Inserimento record su tabella : [ F55FQ10001 ] per risorsa: [ 1000018 ]
24.10.2016 15.37.33 ---> [I] Dati: [ 20MG1 ]
24.10.2016 15.37.33 ---> [I]       [ 1000018 ]
24.10.2016 15.37.33 ---> [I]       [ 20TNFF ]
24.10.2016 15.37.33 ---> [I]       [ LAV - Lavorazione ]
24.10.2016 15.37.33 ---> [I]       [ S - Fine ]
24.10.2016 15.37.33 ---> [I]       [ 8802 ]
24.10.2016 15.37.33 ---> [I]       [ 13000 ]
24.10.2016 15.37.33 ---> [I]       [ 24/10/2016 13.39.22 ]
24.10.2016 15.37.33 ---> [I]       [ 10160 ]
24.10.2016 15.37.33 ---> [I]       [ ENET ]
24.10.2016 15.37.33 ---> [I]       [ EWEBJ ]
24.10.2016 15.37.33 ---> [I]       [ E20MACHINE ]
24.10.2016 15.37.33 ---> [I]       [ 24/10/2016 13.39.22 ]
24.10.2016 15.37.33 ---> [I]       [ 153922 ]
24.10.2016 15.37.33 ---> [I]       [ [20FT05] FORTUNA TUFFO N.2 ]
24.10.2016 15.37.33 ---> [I]       [ DE PRATO FABRIZIO ]
24.10.2016 15.37.33 ---> [I]       [ 001 ]
24.10.2016 15.37.33 ---> [I]       [ 20150110 ]
24.10.2016 15.37.33 ---> [I]       [ E20150110 ]
24.10.2016 15.37.33 ---> [I]       [ ORE RULLI HSS ]
24.10.2016 15.37.33 ---> [I]       [ TORNITURA FINITURA ]
24.10.2016 15.37.33 ---> [I]       [ IL0001 ]
24.10.2016 15.37.33 ---> [I] ----------------------------------------------------------------------------------------------------
24.10.2016 15.37.33 ---> [I] ----------------------------------------------------------------------------------------------------
24.10.2016 15.37.33 ---> [I] In esecuzione: [ Presence.doStopWorkMachinePresenceMonoOperator() ]
24.10.2016 15.37.33 ---> [I] Cancellazione record su tabella : [ F55FQ10002 ] per risorsa: [ 1000018 ]
24.10.2016 15.37.33 ---> [I] ----------------------------------------------------------------------------------------------------
24.10.2016 15.37.33 ---> [I] ----------------------------------------------------------------------------------------------------
24.10.2016 15.37.33 ---> [I] In esecuzione: [ Presence.doStopWorkMachinePresenceMonoOperator() ]
24.10.2016 15.37.33 ---> [I] Inserimento record su tabella : [ F55FQ10002 ] per risorsa: [ 1000018 ]
24.10.2016 15.37.33 ---> [I] Dati: [ 20MG1 ]
24.10.2016 15.37.33 ---> [I]       [ 1000018 ]
24.10.2016 15.37.33 ---> [I]       [ 2 - Ingresso ]
24.10.2016 15.37.33 ---> [I]       [ 24/10/2016 13.39.22 ]
24.10.2016 15.37.33 ---> [I]       [ 10160 ]
24.10.2016 15.37.33 ---> [I]       [ ENET ]
24.10.2016 15.37.33 ---> [I]       [ EWEBJ ]
24.10.2016 15.37.33 ---> [I]       [ E20MACHINE ]
24.10.2016 15.37.33 ---> [I]       [ 24/10/2016 13.39.22 ]
24.10.2016 15.37.33 ---> [I]       [ 153922 ]
24.10.2016 15.37.33 ---> [I]       [ [20FT05] FORTUNA TUFFO N.2 ]
24.10.2016 15.37.33 ---> [I]       [ DE PRATO FABRIZIO ]
24.10.2016 15.37.33 ---> [I]       [ 001 ]
24.10.2016 15.37.33 ---> [I]       [ IL0001 ]
24.10.2016 15.37.33 ---> [I] ----------------------------------------------------------------------------------------------------
24.10.2016 15.37.33 ---> [A] Esecuzione Classe: EventsbtnDisaggregazione.actionPerformed()
24.10.2016 15.37.33 ---> [A] Disaggregazione dal centro di lavoro con operatore: [ 10160 - DE PRATO FABRIZIO ]
24.10.2016 15.37.33 ---> [I] ----------------------------------------------------------------------------------------------------
24.10.2016 15.37.33 ---> [I] In esecuzione: [ Transaction.doExitDisaggregationMonoOperator() ]
24.10.2016 15.37.33 ---> [I] Inserimento record su tabella : [ F55FQ10001 ] per risorsa: [ 10160 ]
24.10.2016 15.37.33 ---> [I] Dati: [ USC - Uscita ]
24.10.2016 15.37.33 ---> [I]       [ 24/10/2016 13.39.27 ]
24.10.2016 15.37.33 ---> [I]       [ 24/10/2016 ]
24.10.2016 15.37.33 ---> [I]       [ 153927 ]
24.10.2016 15.37.33 ---> [I]       [ IL0001 ]
24.10.2016 15.37.33 ---> [I] ----------------------------------------------------------------------------------------------------
24.10.2016 15.37.33 ---> [I] ----------------------------------------------------------------------------------------------------
24.10.2016 15.37.33 ---> [I] In esecuzione: [ Presence.doDisaggregationMonoOperator() ]
24.10.2016 15.37.33 ---> [I] Aggiornamento record su tabella : [ F55FQ10002 ] per centro: [ IL0001 ]
24.10.2016 15.37.33 ---> [I] Dati: [ IL0001 ]
24.10.2016 15.37.33 ---> [I] ----------------------------------------------------------------------------------------------------
24.10.2016 15.37.33 ---> [I] ----------------------------------------------------------------------------------------------------
24.10.2016 15.37.33 ---> [I] In esecuzione: [ Presence.doDisaggregationMonoOperator() ]
24.10.2016 15.37.33 ---> [I] Aggiornamento record su tabella : [ F55FQ10002 ] per centro: [ IL0001 ]
24.10.2016 15.37.33 ---> [I] Dati: [ 1 - Uscita ]
24.10.2016 15.37.33 ---> [I]       [ 24/10/2016 13.39.28 ]
24.10.2016 15.37.33 ---> [I]       [ 24/10/2016 ]
24.10.2016 15.37.33 ---> [I]       [ 153928 ]
24.10.2016 15.37.33 ---> [I]       [ IL0001 ]
24.10.2016 15.37.33 ---> [I] ----------------------------------------------------------------------------------------------------
24.10.2016 15.37.33 ---> [F] ************************************************** PROGRAMMA TERMINATO **************************************************
